[0.007s] Invoking command in '/home/ros2_ws/build/franka_robot_state_broadcaster': AMENT_PREFIX_PATH=/home/ros2_ws/install/franka_semantic_components:/home/ros2_ws/install/franka_hardware:/home/ros2_ws/install/franka_msgs:${AMENT_PREFIX_PATH} CMAKE_PREFIX_PATH=/home/ros2_ws/install/franka_semantic_components:/home/ros2_ws/install/franka_hardware:/home/ros2_ws/install/franka_msgs:/opt/ros/humble LD_LIBRARY_PATH=/home/ros2_ws/install/franka_semantic_components/lib:/home/ros2_ws/install/franka_hardware/lib:/home/ros2_ws/install/franka_msgs/lib:${LD_LIBRARY_PATH} PYTHONPATH=/home/ros2_ws/install/franka_msgs/local/lib/python3.10/dist-packages:${PYTHONPATH} /usr/bin/cmake --build /home/ros2_ws/build/franka_robot_state_broadcaster -- -j20 -l20
[0.029s] [35m[1mConsolidate compiler generated dependencies of target gmock_main[0m
[0.030s] [35m[1mConsolidate compiler generated dependencies of target gmock[0m
[0.034s] [  8%] Built target franka_robot_state_broadcaster_parameters
[0.037s] [ 25%] Built target gmock_main
[0.038s] [ 50%] Built target gmock
[0.041s] [35m[1mConsolidate compiler generated dependencies of target franka_robot_state_broadcaster[0m
[0.050s] [ 66%] Built target franka_robot_state_broadcaster
[0.057s] [35m[1mConsolidate compiler generated dependencies of target franka_robot_state_broadcaster_test[0m
[0.057s] [35m[1mConsolidate compiler generated dependencies of target test_load_franka_robot_state_broadcaster[0m
[0.067s] [100%] Built target test_load_franka_robot_state_broadcaster
[0.067s] [100%] Built target franka_robot_state_broadcaster_test
[0.073s] Invoked command in '/home/ros2_ws/build/franka_robot_state_broadcaster' returned '0': AMENT_PREFIX_PATH=/home/ros2_ws/install/franka_semantic_components:/home/ros2_ws/install/franka_hardware:/home/ros2_ws/install/franka_msgs:${AMENT_PREFIX_PATH} CMAKE_PREFIX_PATH=/home/ros2_ws/install/franka_semantic_components:/home/ros2_ws/install/franka_hardware:/home/ros2_ws/install/franka_msgs:/opt/ros/humble LD_LIBRARY_PATH=/home/ros2_ws/install/franka_semantic_components/lib:/home/ros2_ws/install/franka_hardware/lib:/home/ros2_ws/install/franka_msgs/lib:${LD_LIBRARY_PATH} PYTHONPATH=/home/ros2_ws/install/franka_msgs/local/lib/python3.10/dist-packages:${PYTHONPATH} /usr/bin/cmake --build /home/ros2_ws/build/franka_robot_state_broadcaster -- -j20 -l20
[0.089s] Invoking command in '/home/ros2_ws/build/franka_robot_state_broadcaster': AMENT_PREFIX_PATH=/home/ros2_ws/install/franka_semantic_components:/home/ros2_ws/install/franka_hardware:/home/ros2_ws/install/franka_msgs:${AMENT_PREFIX_PATH} CMAKE_PREFIX_PATH=/home/ros2_ws/install/franka_semantic_components:/home/ros2_ws/install/franka_hardware:/home/ros2_ws/install/franka_msgs:/opt/ros/humble LD_LIBRARY_PATH=/home/ros2_ws/install/franka_semantic_components/lib:/home/ros2_ws/install/franka_hardware/lib:/home/ros2_ws/install/franka_msgs/lib:${LD_LIBRARY_PATH} PYTHONPATH=/home/ros2_ws/install/franka_msgs/local/lib/python3.10/dist-packages:${PYTHONPATH} /usr/bin/cmake --install /home/ros2_ws/build/franka_robot_state_broadcaster
[0.093s] -- Install configuration: "Release"
[0.093s] -- Up-to-date: /home/ros2_ws/install/franka_robot_state_broadcaster/include/franka_robot_state_broadcaster_parameters
[0.093s] -- Up-to-date: /home/ros2_ws/install/franka_robot_state_broadcaster/include/franka_robot_state_broadcaster_parameters/franka_robot_state_broadcaster_parameters.hpp
[0.093s] -- Up-to-date: /home/ros2_ws/install/franka_robot_state_broadcaster/share/franka_robot_state_broadcaster/franka_robot_state_broadcaster.xml
[0.093s] -- Up-to-date: /home/ros2_ws/install/franka_robot_state_broadcaster/lib/libfranka_robot_state_broadcaster.so
[0.093s] -- Up-to-date: /home/ros2_ws/install/franka_robot_state_broadcaster/include
[0.093s] -- Up-to-date: /home/ros2_ws/install/franka_robot_state_broadcaster/include/franka_robot_state_broadcaster
[0.093s] -- Up-to-date: /home/ros2_ws/install/franka_robot_state_broadcaster/include/franka_robot_state_broadcaster/franka_robot_state_broadcaster.hpp
[0.093s] -- Up-to-date: /home/ros2_ws/install/franka_robot_state_broadcaster/share/franka_robot_state_broadcaster/environment/library_path.sh
[0.093s] -- Up-to-date: /home/ros2_ws/install/franka_robot_state_broadcaster/share/franka_robot_state_broadcaster/environment/library_path.dsv
[0.094s] -- Up-to-date: /home/ros2_ws/install/franka_robot_state_broadcaster/share/ament_index/resource_index/package_run_dependencies/franka_robot_state_broadcaster
[0.094s] -- Up-to-date: /home/ros2_ws/install/franka_robot_state_broadcaster/share/ament_index/resource_index/parent_prefix_path/franka_robot_state_broadcaster
[0.094s] -- Up-to-date: /home/ros2_ws/install/franka_robot_state_broadcaster/share/franka_robot_state_broadcaster/environment/ament_prefix_path.sh
[0.094s] -- Up-to-date: /home/ros2_ws/install/franka_robot_state_broadcaster/share/franka_robot_state_broadcaster/environment/ament_prefix_path.dsv
[0.094s] -- Up-to-date: /home/ros2_ws/install/franka_robot_state_broadcaster/share/franka_robot_state_broadcaster/environment/path.sh
[0.094s] -- Up-to-date: /home/ros2_ws/install/franka_robot_state_broadcaster/share/franka_robot_state_broadcaster/environment/path.dsv
[0.094s] -- Up-to-date: /home/ros2_ws/install/franka_robot_state_broadcaster/share/franka_robot_state_broadcaster/local_setup.bash
[0.094s] -- Up-to-date: /home/ros2_ws/install/franka_robot_state_broadcaster/share/franka_robot_state_broadcaster/local_setup.sh
[0.094s] -- Up-to-date: /home/ros2_ws/install/franka_robot_state_broadcaster/share/franka_robot_state_broadcaster/local_setup.zsh
[0.094s] -- Up-to-date: /home/ros2_ws/install/franka_robot_state_broadcaster/share/franka_robot_state_broadcaster/local_setup.dsv
[0.094s] -- Installing: /home/ros2_ws/install/franka_robot_state_broadcaster/share/franka_robot_state_broadcaster/package.dsv
[0.094s] -- Up-to-date: /home/ros2_ws/install/franka_robot_state_broadcaster/share/ament_index/resource_index/packages/franka_robot_state_broadcaster
[0.094s] -- Up-to-date: /home/ros2_ws/install/franka_robot_state_broadcaster/share/ament_index/resource_index/controller_interface__pluginlib__plugin/franka_robot_state_broadcaster
[0.094s] -- Up-to-date: /home/ros2_ws/install/franka_robot_state_broadcaster/share/franka_robot_state_broadcaster/cmake/ament_cmake_export_include_directories-extras.cmake
[0.094s] -- Up-to-date: /home/ros2_ws/install/franka_robot_state_broadcaster/share/franka_robot_state_broadcaster/cmake/ament_cmake_export_libraries-extras.cmake
[0.094s] -- Up-to-date: /home/ros2_ws/install/franka_robot_state_broadcaster/share/franka_robot_state_broadcaster/cmake/ament_cmake_export_dependencies-extras.cmake
[0.094s] -- Up-to-date: /home/ros2_ws/install/franka_robot_state_broadcaster/share/franka_robot_state_broadcaster/cmake/franka_robot_state_broadcasterConfig.cmake
[0.094s] -- Up-to-date: /home/ros2_ws/install/franka_robot_state_broadcaster/share/franka_robot_state_broadcaster/cmake/franka_robot_state_broadcasterConfig-version.cmake
[0.094s] -- Up-to-date: /home/ros2_ws/install/franka_robot_state_broadcaster/share/franka_robot_state_broadcaster/package.xml
[0.095s] Invoked command in '/home/ros2_ws/build/franka_robot_state_broadcaster' returned '0': AMENT_PREFIX_PATH=/home/ros2_ws/install/franka_semantic_components:/home/ros2_ws/install/franka_hardware:/home/ros2_ws/install/franka_msgs:${AMENT_PREFIX_PATH} CMAKE_PREFIX_PATH=/home/ros2_ws/install/franka_semantic_components:/home/ros2_ws/install/franka_hardware:/home/ros2_ws/install/franka_msgs:/opt/ros/humble LD_LIBRARY_PATH=/home/ros2_ws/install/franka_semantic_components/lib:/home/ros2_ws/install/franka_hardware/lib:/home/ros2_ws/install/franka_msgs/lib:${LD_LIBRARY_PATH} PYTHONPATH=/home/ros2_ws/install/franka_msgs/local/lib/python3.10/dist-packages:${PYTHONPATH} /usr/bin/cmake --install /home/ros2_ws/build/franka_robot_state_broadcaster
