[0.009s] Invoking command in '/home/ros2_ws/build/franka_msgs': CMAKE_PREFIX_PATH=/opt/ros/humble /usr/bin/cmake --build /home/ros2_ws/build/franka_msgs -- -j20 -l20
[0.034s] [35m[1mConsolidate compiler generated dependencies of target franka_msgs__rosidl_generator_c[0m
[0.038s] [  0%] Built target franka_msgs__cpp
[0.044s] [ 12%] Built target franka_msgs__rosidl_generator_c
[0.046s] [ 12%] Built target ament_cmake_python_copy_franka_msgs
[0.047s] [35m[1mConsolidate compiler generated dependencies of target franka_msgs__rosidl_typesupport_fastrtps_cpp[0m
[0.048s] [35m[1mConsolidate compiler generated dependencies of target franka_msgs__rosidl_typesupport_cpp[0m
[0.049s] [35m[1mConsolidate compiler generated dependencies of target franka_msgs__rosidl_typesupport_introspection_cpp[0m
[0.054s] [35m[1mConsolidate compiler generated dependencies of target franka_msgs__rosidl_typesupport_introspection_c[0m
[0.057s] [35m[1mConsolidate compiler generated dependencies of target franka_msgs__rosidl_typesupport_c[0m
[0.058s] [35m[1mConsolidate compiler generated dependencies of target franka_msgs__rosidl_typesupport_fastrtps_c[0m
[0.062s] [ 33%] Built target franka_msgs__rosidl_typesupport_cpp
[0.062s] [ 36%] Built target franka_msgs__rosidl_typesupport_introspection_c
[0.065s] [ 52%] Built target franka_msgs__rosidl_typesupport_fastrtps_cpp
[0.065s] [ 60%] Built target franka_msgs__rosidl_typesupport_c
[0.065s] [ 72%] Built target franka_msgs__rosidl_typesupport_introspection_cpp
[0.071s] [ 84%] Built target franka_msgs__rosidl_typesupport_fastrtps_c
[0.081s] [ 84%] Built target franka_msgs
[0.091s] [ 85%] Built target franka_msgs__py
[0.099s] [35m[1mConsolidate compiler generated dependencies of target franka_msgs__rosidl_generator_py[0m
[0.111s] [ 96%] Built target franka_msgs__rosidl_generator_py
[0.116s] [35m[1mConsolidate compiler generated dependencies of target franka_msgs__rosidl_typesupport_c__pyext[0m
[0.116s] [35m[1mConsolidate compiler generated dependencies of target franka_msgs__rosidl_typesupport_fastrtps_c__pyext[0m
[0.116s] [35m[1mConsolidate compiler generated dependencies of target franka_msgs__rosidl_typesupport_introspection_c__pyext[0m
[0.123s] [ 97%] Built target franka_msgs__rosidl_typesupport_c__pyext
[0.124s] [100%] Built target franka_msgs__rosidl_typesupport_fastrtps_c__pyext
[0.124s] [100%] Built target franka_msgs__rosidl_typesupport_introspection_c__pyext
[0.152s] running egg_info
[0.153s] writing franka_msgs.egg-info/PKG-INFO
[0.153s] writing dependency_links to franka_msgs.egg-info/dependency_links.txt
[0.153s] writing top-level names to franka_msgs.egg-info/top_level.txt
[0.154s] reading manifest file 'franka_msgs.egg-info/SOURCES.txt'
[0.154s] writing manifest file 'franka_msgs.egg-info/SOURCES.txt'
[0.168s] [100%] Built target ament_cmake_python_build_franka_msgs_egg
[0.174s] Invoked command in '/home/ros2_ws/build/franka_msgs' returned '0': CMAKE_PREFIX_PATH=/opt/ros/humble /usr/bin/cmake --build /home/ros2_ws/build/franka_msgs -- -j20 -l20
[0.701s] Invoking command in '/home/ros2_ws/build/franka_msgs': CMAKE_PREFIX_PATH=/opt/ros/humble /usr/bin/cmake --install /home/ros2_ws/build/franka_msgs
[0.720s] -- Install configuration: "Release"
[0.721s] -- Up-to-date: /home/ros2_ws/install/franka_msgs/share/ament_index/resource_index/rosidl_interfaces/franka_msgs
[0.721s] -- Up-to-date: /home/ros2_ws/install/franka_msgs/include/franka_msgs/franka_msgs
[0.721s] -- Up-to-date: /home/ros2_ws/install/franka_msgs/include/franka_msgs/franka_msgs/msg
[0.721s] -- Up-to-date: /home/ros2_ws/install/franka_msgs/include/franka_msgs/franka_msgs/msg/rosidl_generator_c__visibility_control.h
[0.721s] -- Up-to-date: /home/ros2_ws/install/franka_msgs/include/franka_msgs/franka_msgs/msg/franka_robot_state.h
[0.721s] -- Up-to-date: /home/ros2_ws/install/franka_msgs/include/franka_msgs/franka_msgs/msg/grasp_epsilon.h
[0.721s] -- Up-to-date: /home/ros2_ws/install/franka_msgs/include/franka_msgs/franka_msgs/msg/detail
[0.721s] -- Up-to-date: /home/ros2_ws/install/franka_msgs/include/franka_msgs/franka_msgs/msg/detail/grasp_epsilon__functions.h
[0.721s] -- Up-to-date: /home/ros2_ws/install/franka_msgs/include/franka_msgs/franka_msgs/msg/detail/errors__functions.h
[0.721s] -- Up-to-date: /home/ros2_ws/install/franka_msgs/include/franka_msgs/franka_msgs/msg/detail/collision_indicators__type_support.h
[0.722s] -- Up-to-date: /home/ros2_ws/install/franka_msgs/include/franka_msgs/franka_msgs/msg/detail/grasp_epsilon__functions.c
[0.722s] -- Up-to-date: /home/ros2_ws/install/franka_msgs/include/franka_msgs/franka_msgs/msg/detail/franka_robot_state__functions.h
[0.722s] -- Up-to-date: /home/ros2_ws/install/franka_msgs/include/franka_msgs/franka_msgs/msg/detail/collision_indicators__functions.h
[0.722s] -- Up-to-date: /home/ros2_ws/install/franka_msgs/include/franka_msgs/franka_msgs/msg/detail/errors__functions.c
[0.722s] -- Up-to-date: /home/ros2_ws/install/franka_msgs/include/franka_msgs/franka_msgs/msg/detail/franka_robot_state__functions.c
[0.722s] -- Up-to-date: /home/ros2_ws/install/franka_msgs/include/franka_msgs/franka_msgs/msg/detail/elbow__type_support.h
[0.722s] -- Up-to-date: /home/ros2_ws/install/franka_msgs/include/franka_msgs/franka_msgs/msg/detail/collision_indicators__functions.c
[0.722s] -- Up-to-date: /home/ros2_ws/install/franka_msgs/include/franka_msgs/franka_msgs/msg/detail/collision_indicators__struct.h
[0.722s] -- Up-to-date: /home/ros2_ws/install/franka_msgs/include/franka_msgs/franka_msgs/msg/detail/elbow__functions.h
[0.722s] -- Up-to-date: /home/ros2_ws/install/franka_msgs/include/franka_msgs/franka_msgs/msg/detail/grasp_epsilon__struct.h
[0.723s] -- Up-to-date: /home/ros2_ws/install/franka_msgs/include/franka_msgs/franka_msgs/msg/detail/franka_robot_state__struct.h
[0.723s] -- Up-to-date: /home/ros2_ws/install/franka_msgs/include/franka_msgs/franka_msgs/msg/detail/elbow__functions.c
[0.723s] -- Up-to-date: /home/ros2_ws/install/franka_msgs/include/franka_msgs/franka_msgs/msg/detail/elbow__struct.h
[0.723s] -- Up-to-date: /home/ros2_ws/install/franka_msgs/include/franka_msgs/franka_msgs/msg/detail/errors__struct.h
[0.723s] -- Up-to-date: /home/ros2_ws/install/franka_msgs/include/franka_msgs/franka_msgs/msg/detail/grasp_epsilon__type_support.h
[0.723s] -- Up-to-date: /home/ros2_ws/install/franka_msgs/include/franka_msgs/franka_msgs/msg/detail/errors__type_support.h
[0.723s] -- Up-to-date: /home/ros2_ws/install/franka_msgs/include/franka_msgs/franka_msgs/msg/detail/franka_robot_state__type_support.h
[0.723s] -- Up-to-date: /home/ros2_ws/install/franka_msgs/include/franka_msgs/franka_msgs/msg/collision_indicators.h
[0.723s] -- Up-to-date: /home/ros2_ws/install/franka_msgs/include/franka_msgs/franka_msgs/msg/errors.h
[0.723s] -- Up-to-date: /home/ros2_ws/install/franka_msgs/include/franka_msgs/franka_msgs/msg/elbow.h
[0.723s] -- Up-to-date: /home/ros2_ws/install/franka_msgs/include/franka_msgs/franka_msgs/action
[0.723s] -- Up-to-date: /home/ros2_ws/install/franka_msgs/include/franka_msgs/franka_msgs/action/grasp.h
[0.723s] -- Up-to-date: /home/ros2_ws/install/franka_msgs/include/franka_msgs/franka_msgs/action/homing.h
[0.723s] -- Up-to-date: /home/ros2_ws/install/franka_msgs/include/franka_msgs/franka_msgs/action/detail
[0.724s] -- Up-to-date: /home/ros2_ws/install/franka_msgs/include/franka_msgs/franka_msgs/action/detail/grasp__struct.h
[0.724s] -- Up-to-date: /home/ros2_ws/install/franka_msgs/include/franka_msgs/franka_msgs/action/detail/homing__functions.h
[0.724s] -- Up-to-date: /home/ros2_ws/install/franka_msgs/include/franka_msgs/franka_msgs/action/detail/grasp__functions.h
[0.724s] -- Up-to-date: /home/ros2_ws/install/franka_msgs/include/franka_msgs/franka_msgs/action/detail/move__struct.h
[0.724s] -- Up-to-date: /home/ros2_ws/install/franka_msgs/include/franka_msgs/franka_msgs/action/detail/homing__type_support.h
[0.724s] -- Up-to-date: /home/ros2_ws/install/franka_msgs/include/franka_msgs/franka_msgs/action/detail/grasp__functions.c
[0.724s] -- Up-to-date: /home/ros2_ws/install/franka_msgs/include/franka_msgs/franka_msgs/action/detail/move__functions.h
[0.724s] -- Up-to-date: /home/ros2_ws/install/franka_msgs/include/franka_msgs/franka_msgs/action/detail/homing__struct.h
[0.724s] -- Up-to-date: /home/ros2_ws/install/franka_msgs/include/franka_msgs/franka_msgs/action/detail/homing__functions.c
[0.724s] -- Up-to-date: /home/ros2_ws/install/franka_msgs/include/franka_msgs/franka_msgs/action/detail/move__type_support.h
[0.724s] -- Up-to-date: /home/ros2_ws/install/franka_msgs/include/franka_msgs/franka_msgs/action/detail/grasp__type_support.h
[0.724s] -- Up-to-date: /home/ros2_ws/install/franka_msgs/include/franka_msgs/franka_msgs/action/detail/move__functions.c
[0.724s] -- Up-to-date: /home/ros2_ws/install/franka_msgs/include/franka_msgs/franka_msgs/action/move.h
[0.724s] -- Up-to-date: /home/ros2_ws/install/franka_msgs/include/franka_msgs/franka_msgs/srv
[0.724s] -- Up-to-date: /home/ros2_ws/install/franka_msgs/include/franka_msgs/franka_msgs/srv/set_force_torque_collision_behavior.h
[0.725s] -- Up-to-date: /home/ros2_ws/install/franka_msgs/include/franka_msgs/franka_msgs/srv/set_tcp_frame.h
[0.725s] -- Up-to-date: /home/ros2_ws/install/franka_msgs/include/franka_msgs/franka_msgs/srv/set_stiffness_frame.h
[0.725s] -- Up-to-date: /home/ros2_ws/install/franka_msgs/include/franka_msgs/franka_msgs/srv/set_joint_stiffness.h
[0.725s] -- Up-to-date: /home/ros2_ws/install/franka_msgs/include/franka_msgs/franka_msgs/srv/set_full_collision_behavior.h
[0.725s] -- Up-to-date: /home/ros2_ws/install/franka_msgs/include/franka_msgs/franka_msgs/srv/detail
[0.725s] -- Up-to-date: /home/ros2_ws/install/franka_msgs/include/franka_msgs/franka_msgs/srv/detail/set_joint_stiffness__struct.h
[0.725s] -- Up-to-date: /home/ros2_ws/install/franka_msgs/include/franka_msgs/franka_msgs/srv/detail/set_joint_stiffness__functions.h
[0.725s] -- Up-to-date: /home/ros2_ws/install/franka_msgs/include/franka_msgs/franka_msgs/srv/detail/set_tcp_frame__type_support.h
[0.725s] -- Up-to-date: /home/ros2_ws/install/franka_msgs/include/franka_msgs/franka_msgs/srv/detail/set_cartesian_stiffness__functions.c
[0.725s] -- Up-to-date: /home/ros2_ws/install/franka_msgs/include/franka_msgs/franka_msgs/srv/detail/set_stiffness_frame__struct.h
[0.725s] -- Up-to-date: /home/ros2_ws/install/franka_msgs/include/franka_msgs/franka_msgs/srv/detail/set_full_collision_behavior__struct.h
[0.725s] -- Up-to-date: /home/ros2_ws/install/franka_msgs/include/franka_msgs/franka_msgs/srv/detail/set_cartesian_stiffness__functions.h
[0.725s] -- Up-to-date: /home/ros2_ws/install/franka_msgs/include/franka_msgs/franka_msgs/srv/detail/set_force_torque_collision_behavior__type_support.h
[0.725s] -- Up-to-date: /home/ros2_ws/install/franka_msgs/include/franka_msgs/franka_msgs/srv/detail/set_tcp_frame__functions.c
[0.726s] -- Up-to-date: /home/ros2_ws/install/franka_msgs/include/franka_msgs/franka_msgs/srv/detail/set_load__functions.h
[0.726s] -- Up-to-date: /home/ros2_ws/install/franka_msgs/include/franka_msgs/franka_msgs/srv/detail/set_stiffness_frame__functions.c
[0.726s] -- Up-to-date: /home/ros2_ws/install/franka_msgs/include/franka_msgs/franka_msgs/srv/detail/set_force_torque_collision_behavior__functions.h
[0.726s] -- Up-to-date: /home/ros2_ws/install/franka_msgs/include/franka_msgs/franka_msgs/srv/detail/set_joint_stiffness__functions.c
[0.726s] -- Up-to-date: /home/ros2_ws/install/franka_msgs/include/franka_msgs/franka_msgs/srv/detail/set_stiffness_frame__type_support.h
[0.726s] -- Up-to-date: /home/ros2_ws/install/franka_msgs/include/franka_msgs/franka_msgs/srv/detail/set_tcp_frame__struct.h
[0.726s] -- Up-to-date: /home/ros2_ws/install/franka_msgs/include/franka_msgs/franka_msgs/srv/detail/set_stiffness_frame__functions.h
[0.726s] -- Up-to-date: /home/ros2_ws/install/franka_msgs/include/franka_msgs/franka_msgs/srv/detail/set_full_collision_behavior__type_support.h
[0.726s] -- Up-to-date: /home/ros2_ws/install/franka_msgs/include/franka_msgs/franka_msgs/srv/detail/set_joint_stiffness__type_support.h
[0.726s] -- Up-to-date: /home/ros2_ws/install/franka_msgs/include/franka_msgs/franka_msgs/srv/detail/set_load__struct.h
[0.726s] -- Up-to-date: /home/ros2_ws/install/franka_msgs/include/franka_msgs/franka_msgs/srv/detail/set_load__type_support.h
[0.726s] -- Up-to-date: /home/ros2_ws/install/franka_msgs/include/franka_msgs/franka_msgs/srv/detail/set_force_torque_collision_behavior__struct.h
[0.726s] -- Up-to-date: /home/ros2_ws/install/franka_msgs/include/franka_msgs/franka_msgs/srv/detail/set_cartesian_stiffness__type_support.h
[0.726s] -- Up-to-date: /home/ros2_ws/install/franka_msgs/include/franka_msgs/franka_msgs/srv/detail/set_full_collision_behavior__functions.h
[0.726s] -- Up-to-date: /home/ros2_ws/install/franka_msgs/include/franka_msgs/franka_msgs/srv/detail/set_load__functions.c
[0.726s] -- Up-to-date: /home/ros2_ws/install/franka_msgs/include/franka_msgs/franka_msgs/srv/detail/set_force_torque_collision_behavior__functions.c
[0.726s] -- Up-to-date: /home/ros2_ws/install/franka_msgs/include/franka_msgs/franka_msgs/srv/detail/set_full_collision_behavior__functions.c
[0.727s] -- Up-to-date: /home/ros2_ws/install/franka_msgs/include/franka_msgs/franka_msgs/srv/detail/set_cartesian_stiffness__struct.h
[0.727s] -- Up-to-date: /home/ros2_ws/install/franka_msgs/include/franka_msgs/franka_msgs/srv/detail/set_tcp_frame__functions.h
[0.727s] -- Up-to-date: /home/ros2_ws/install/franka_msgs/include/franka_msgs/franka_msgs/srv/set_cartesian_stiffness.h
[0.727s] -- Up-to-date: /home/ros2_ws/install/franka_msgs/include/franka_msgs/franka_msgs/srv/set_load.h
[0.727s] -- Up-to-date: /home/ros2_ws/install/franka_msgs/share/franka_msgs/environment/library_path.sh
[0.727s] -- Up-to-date: /home/ros2_ws/install/franka_msgs/share/franka_msgs/environment/library_path.dsv
[0.727s] -- Up-to-date: /home/ros2_ws/install/franka_msgs/lib/libfranka_msgs__rosidl_generator_c.so
[0.727s] -- Up-to-date: /home/ros2_ws/install/franka_msgs/include/franka_msgs/franka_msgs
[0.727s] -- Up-to-date: /home/ros2_ws/install/franka_msgs/include/franka_msgs/franka_msgs/msg
[0.727s] -- Up-to-date: /home/ros2_ws/install/franka_msgs/include/franka_msgs/franka_msgs/msg/detail
[0.727s] -- Up-to-date: /home/ros2_ws/install/franka_msgs/include/franka_msgs/franka_msgs/msg/detail/errors__rosidl_typesupport_fastrtps_c.h
[0.727s] -- Up-to-date: /home/ros2_ws/install/franka_msgs/include/franka_msgs/franka_msgs/msg/detail/franka_robot_state__rosidl_typesupport_fastrtps_c.h
[0.727s] -- Up-to-date: /home/ros2_ws/install/franka_msgs/include/franka_msgs/franka_msgs/msg/detail/collision_indicators__rosidl_typesupport_fastrtps_c.h
[0.727s] -- Up-to-date: /home/ros2_ws/install/franka_msgs/include/franka_msgs/franka_msgs/msg/detail/elbow__rosidl_typesupport_fastrtps_c.h
[0.727s] -- Up-to-date: /home/ros2_ws/install/franka_msgs/include/franka_msgs/franka_msgs/msg/detail/grasp_epsilon__rosidl_typesupport_fastrtps_c.h
[0.727s] -- Up-to-date: /home/ros2_ws/install/franka_msgs/include/franka_msgs/franka_msgs/msg/rosidl_typesupport_fastrtps_c__visibility_control.h
[0.727s] -- Up-to-date: /home/ros2_ws/install/franka_msgs/include/franka_msgs/franka_msgs/action
[0.727s] -- Up-to-date: /home/ros2_ws/install/franka_msgs/include/franka_msgs/franka_msgs/action/detail
[0.727s] -- Up-to-date: /home/ros2_ws/install/franka_msgs/include/franka_msgs/franka_msgs/action/detail/homing__rosidl_typesupport_fastrtps_c.h
[0.727s] -- Up-to-date: /home/ros2_ws/install/franka_msgs/include/franka_msgs/franka_msgs/action/detail/move__rosidl_typesupport_fastrtps_c.h
[0.728s] -- Up-to-date: /home/ros2_ws/install/franka_msgs/include/franka_msgs/franka_msgs/action/detail/grasp__rosidl_typesupport_fastrtps_c.h
[0.728s] -- Up-to-date: /home/ros2_ws/install/franka_msgs/include/franka_msgs/franka_msgs/srv
[0.728s] -- Up-to-date: /home/ros2_ws/install/franka_msgs/include/franka_msgs/franka_msgs/srv/detail
[0.728s] -- Up-to-date: /home/ros2_ws/install/franka_msgs/include/franka_msgs/franka_msgs/srv/detail/set_full_collision_behavior__rosidl_typesupport_fastrtps_c.h
[0.728s] -- Up-to-date: /home/ros2_ws/install/franka_msgs/include/franka_msgs/franka_msgs/srv/detail/set_force_torque_collision_behavior__rosidl_typesupport_fastrtps_c.h
[0.728s] -- Up-to-date: /home/ros2_ws/install/franka_msgs/include/franka_msgs/franka_msgs/srv/detail/set_joint_stiffness__rosidl_typesupport_fastrtps_c.h
[0.728s] -- Up-to-date: /home/ros2_ws/install/franka_msgs/include/franka_msgs/franka_msgs/srv/detail/set_cartesian_stiffness__rosidl_typesupport_fastrtps_c.h
[0.728s] -- Up-to-date: /home/ros2_ws/install/franka_msgs/include/franka_msgs/franka_msgs/srv/detail/set_tcp_frame__rosidl_typesupport_fastrtps_c.h
[0.728s] -- Up-to-date: /home/ros2_ws/install/franka_msgs/include/franka_msgs/franka_msgs/srv/detail/set_load__rosidl_typesupport_fastrtps_c.h
[0.728s] -- Up-to-date: /home/ros2_ws/install/franka_msgs/include/franka_msgs/franka_msgs/srv/detail/set_stiffness_frame__rosidl_typesupport_fastrtps_c.h
[0.728s] -- Up-to-date: /home/ros2_ws/install/franka_msgs/lib/libfranka_msgs__rosidl_typesupport_fastrtps_c.so
[0.728s] -- Up-to-date: /home/ros2_ws/install/franka_msgs/include/franka_msgs/franka_msgs
[0.728s] -- Up-to-date: /home/ros2_ws/install/franka_msgs/include/franka_msgs/franka_msgs/msg
[0.728s] -- Up-to-date: /home/ros2_ws/install/franka_msgs/include/franka_msgs/franka_msgs/msg/detail
[0.728s] -- Up-to-date: /home/ros2_ws/install/franka_msgs/include/franka_msgs/franka_msgs/msg/detail/franka_robot_state__rosidl_typesupport_introspection_c.h
[0.728s] -- Up-to-date: /home/ros2_ws/install/franka_msgs/include/franka_msgs/franka_msgs/msg/detail/errors__rosidl_typesupport_introspection_c.h
[0.728s] -- Up-to-date: /home/ros2_ws/install/franka_msgs/include/franka_msgs/franka_msgs/msg/detail/grasp_epsilon__rosidl_typesupport_introspection_c.h
[0.728s] -- Up-to-date: /home/ros2_ws/install/franka_msgs/include/franka_msgs/franka_msgs/msg/detail/elbow__type_support.c
[0.728s] -- Up-to-date: /home/ros2_ws/install/franka_msgs/include/franka_msgs/franka_msgs/msg/detail/franka_robot_state__type_support.c
[0.728s] -- Up-to-date: /home/ros2_ws/install/franka_msgs/include/franka_msgs/franka_msgs/msg/detail/collision_indicators__rosidl_typesupport_introspection_c.h
[0.728s] -- Up-to-date: /home/ros2_ws/install/franka_msgs/include/franka_msgs/franka_msgs/msg/detail/collision_indicators__type_support.c
[0.729s] -- Up-to-date: /home/ros2_ws/install/franka_msgs/include/franka_msgs/franka_msgs/msg/detail/grasp_epsilon__type_support.c
[0.729s] -- Up-to-date: /home/ros2_ws/install/franka_msgs/include/franka_msgs/franka_msgs/msg/detail/elbow__rosidl_typesupport_introspection_c.h
[0.729s] -- Up-to-date: /home/ros2_ws/install/franka_msgs/include/franka_msgs/franka_msgs/msg/detail/errors__type_support.c
[0.729s] -- Up-to-date: /home/ros2_ws/install/franka_msgs/include/franka_msgs/franka_msgs/msg/rosidl_typesupport_introspection_c__visibility_control.h
[0.729s] -- Up-to-date: /home/ros2_ws/install/franka_msgs/include/franka_msgs/franka_msgs/action
[0.729s] -- Up-to-date: /home/ros2_ws/install/franka_msgs/include/franka_msgs/franka_msgs/action/detail
[0.729s] -- Up-to-date: /home/ros2_ws/install/franka_msgs/include/franka_msgs/franka_msgs/action/detail/grasp__type_support.c
[0.729s] -- Up-to-date: /home/ros2_ws/install/franka_msgs/include/franka_msgs/franka_msgs/action/detail/homing__type_support.c
[0.729s] -- Up-to-date: /home/ros2_ws/install/franka_msgs/include/franka_msgs/franka_msgs/action/detail/homing__rosidl_typesupport_introspection_c.h
[0.729s] -- Up-to-date: /home/ros2_ws/install/franka_msgs/include/franka_msgs/franka_msgs/action/detail/grasp__rosidl_typesupport_introspection_c.h
[0.729s] -- Up-to-date: /home/ros2_ws/install/franka_msgs/include/franka_msgs/franka_msgs/action/detail/move__rosidl_typesupport_introspection_c.h
[0.729s] -- Up-to-date: /home/ros2_ws/install/franka_msgs/include/franka_msgs/franka_msgs/action/detail/move__type_support.c
[0.729s] -- Up-to-date: /home/ros2_ws/install/franka_msgs/include/franka_msgs/franka_msgs/srv
[0.729s] -- Up-to-date: /home/ros2_ws/install/franka_msgs/include/franka_msgs/franka_msgs/srv/detail
[0.729s] -- Up-to-date: /home/ros2_ws/install/franka_msgs/include/franka_msgs/franka_msgs/srv/detail/set_stiffness_frame__rosidl_typesupport_introspection_c.h
[0.729s] -- Up-to-date: /home/ros2_ws/install/franka_msgs/include/franka_msgs/franka_msgs/srv/detail/set_stiffness_frame__type_support.c
[0.729s] -- Up-to-date: /home/ros2_ws/install/franka_msgs/include/franka_msgs/franka_msgs/srv/detail/set_load__type_support.c
[0.729s] -- Up-to-date: /home/ros2_ws/install/franka_msgs/include/franka_msgs/franka_msgs/srv/detail/set_cartesian_stiffness__rosidl_typesupport_introspection_c.h
[0.729s] -- Up-to-date: /home/ros2_ws/install/franka_msgs/include/franka_msgs/franka_msgs/srv/detail/set_tcp_frame__type_support.c
[0.729s] -- Up-to-date: /home/ros2_ws/install/franka_msgs/include/franka_msgs/franka_msgs/srv/detail/set_full_collision_behavior__rosidl_typesupport_introspection_c.h
[0.729s] -- Up-to-date: /home/ros2_ws/install/franka_msgs/include/franka_msgs/franka_msgs/srv/detail/set_tcp_frame__rosidl_typesupport_introspection_c.h
[0.729s] -- Up-to-date: /home/ros2_ws/install/franka_msgs/include/franka_msgs/franka_msgs/srv/detail/set_joint_stiffness__type_support.c
[0.729s] -- Up-to-date: /home/ros2_ws/install/franka_msgs/include/franka_msgs/franka_msgs/srv/detail/set_force_torque_collision_behavior__rosidl_typesupport_introspection_c.h
[0.729s] -- Up-to-date: /home/ros2_ws/install/franka_msgs/include/franka_msgs/franka_msgs/srv/detail/set_force_torque_collision_behavior__type_support.c
[0.729s] -- Up-to-date: /home/ros2_ws/install/franka_msgs/include/franka_msgs/franka_msgs/srv/detail/set_cartesian_stiffness__type_support.c
[0.729s] -- Up-to-date: /home/ros2_ws/install/franka_msgs/include/franka_msgs/franka_msgs/srv/detail/set_load__rosidl_typesupport_introspection_c.h
[0.729s] -- Up-to-date: /home/ros2_ws/install/franka_msgs/include/franka_msgs/franka_msgs/srv/detail/set_joint_stiffness__rosidl_typesupport_introspection_c.h
[0.729s] -- Up-to-date: /home/ros2_ws/install/franka_msgs/include/franka_msgs/franka_msgs/srv/detail/set_full_collision_behavior__type_support.c
[0.729s] -- Up-to-date: /home/ros2_ws/install/franka_msgs/lib/libfranka_msgs__rosidl_typesupport_introspection_c.so
[0.729s] -- Up-to-date: /home/ros2_ws/install/franka_msgs/lib/libfranka_msgs__rosidl_typesupport_c.so
[0.729s] -- Up-to-date: /home/ros2_ws/install/franka_msgs/include/franka_msgs/franka_msgs
[0.729s] -- Up-to-date: /home/ros2_ws/install/franka_msgs/include/franka_msgs/franka_msgs/msg
[0.729s] -- Up-to-date: /home/ros2_ws/install/franka_msgs/include/franka_msgs/franka_msgs/msg/errors.hpp
[0.729s] -- Up-to-date: /home/ros2_ws/install/franka_msgs/include/franka_msgs/franka_msgs/msg/grasp_epsilon.hpp
[0.729s] -- Up-to-date: /home/ros2_ws/install/franka_msgs/include/franka_msgs/franka_msgs/msg/franka_robot_state.hpp
[0.729s] -- Up-to-date: /home/ros2_ws/install/franka_msgs/include/franka_msgs/franka_msgs/msg/detail
[0.729s] -- Up-to-date: /home/ros2_ws/install/franka_msgs/include/franka_msgs/franka_msgs/msg/detail/elbow__traits.hpp
[0.729s] -- Up-to-date: /home/ros2_ws/install/franka_msgs/include/franka_msgs/franka_msgs/msg/detail/franka_robot_state__builder.hpp
[0.729s] -- Up-to-date: /home/ros2_ws/install/franka_msgs/include/franka_msgs/franka_msgs/msg/detail/elbow__builder.hpp
[0.729s] -- Up-to-date: /home/ros2_ws/install/franka_msgs/include/franka_msgs/franka_msgs/msg/detail/errors__builder.hpp
[0.730s] -- Up-to-date: /home/ros2_ws/install/franka_msgs/include/franka_msgs/franka_msgs/msg/detail/collision_indicators__builder.hpp
[0.730s] -- Up-to-date: /home/ros2_ws/install/franka_msgs/include/franka_msgs/franka_msgs/msg/detail/franka_robot_state__struct.hpp
[0.730s] -- Up-to-date: /home/ros2_ws/install/franka_msgs/include/franka_msgs/franka_msgs/msg/detail/collision_indicators__traits.hpp
[0.730s] -- Up-to-date: /home/ros2_ws/install/franka_msgs/include/franka_msgs/franka_msgs/msg/detail/grasp_epsilon__traits.hpp
[0.730s] -- Up-to-date: /home/ros2_ws/install/franka_msgs/include/franka_msgs/franka_msgs/msg/detail/errors__traits.hpp
[0.730s] -- Up-to-date: /home/ros2_ws/install/franka_msgs/include/franka_msgs/franka_msgs/msg/detail/grasp_epsilon__struct.hpp
[0.730s] -- Up-to-date: /home/ros2_ws/install/franka_msgs/include/franka_msgs/franka_msgs/msg/detail/grasp_epsilon__builder.hpp
[0.730s] -- Up-to-date: /home/ros2_ws/install/franka_msgs/include/franka_msgs/franka_msgs/msg/detail/elbow__struct.hpp
[0.730s] -- Up-to-date: /home/ros2_ws/install/franka_msgs/include/franka_msgs/franka_msgs/msg/detail/errors__struct.hpp
[0.730s] -- Up-to-date: /home/ros2_ws/install/franka_msgs/include/franka_msgs/franka_msgs/msg/detail/franka_robot_state__traits.hpp
[0.730s] -- Up-to-date: /home/ros2_ws/install/franka_msgs/include/franka_msgs/franka_msgs/msg/detail/collision_indicators__struct.hpp
[0.730s] -- Up-to-date: /home/ros2_ws/install/franka_msgs/include/franka_msgs/franka_msgs/msg/collision_indicators.hpp
[0.730s] -- Up-to-date: /home/ros2_ws/install/franka_msgs/include/franka_msgs/franka_msgs/msg/elbow.hpp
[0.730s] -- Up-to-date: /home/ros2_ws/install/franka_msgs/include/franka_msgs/franka_msgs/action
[0.730s] -- Up-to-date: /home/ros2_ws/install/franka_msgs/include/franka_msgs/franka_msgs/action/grasp.hpp
[0.730s] -- Up-to-date: /home/ros2_ws/install/franka_msgs/include/franka_msgs/franka_msgs/action/move.hpp
[0.730s] -- Up-to-date: /home/ros2_ws/install/franka_msgs/include/franka_msgs/franka_msgs/action/detail
[0.730s] -- Up-to-date: /home/ros2_ws/install/franka_msgs/include/franka_msgs/franka_msgs/action/detail/homing__traits.hpp
[0.730s] -- Up-to-date: /home/ros2_ws/install/franka_msgs/include/franka_msgs/franka_msgs/action/detail/grasp__builder.hpp
[0.730s] -- Up-to-date: /home/ros2_ws/install/franka_msgs/include/franka_msgs/franka_msgs/action/detail/move__struct.hpp
[0.730s] -- Up-to-date: /home/ros2_ws/install/franka_msgs/include/franka_msgs/franka_msgs/action/detail/move__builder.hpp
[0.730s] -- Up-to-date: /home/ros2_ws/install/franka_msgs/include/franka_msgs/franka_msgs/action/detail/grasp__traits.hpp
[0.730s] -- Up-to-date: /home/ros2_ws/install/franka_msgs/include/franka_msgs/franka_msgs/action/detail/move__traits.hpp
[0.730s] -- Up-to-date: /home/ros2_ws/install/franka_msgs/include/franka_msgs/franka_msgs/action/detail/homing__struct.hpp
[0.730s] -- Up-to-date: /home/ros2_ws/install/franka_msgs/include/franka_msgs/franka_msgs/action/detail/homing__builder.hpp
[0.730s] -- Up-to-date: /home/ros2_ws/install/franka_msgs/include/franka_msgs/franka_msgs/action/detail/grasp__struct.hpp
[0.730s] -- Up-to-date: /home/ros2_ws/install/franka_msgs/include/franka_msgs/franka_msgs/action/homing.hpp
[0.730s] -- Up-to-date: /home/ros2_ws/install/franka_msgs/include/franka_msgs/franka_msgs/srv
[0.730s] -- Up-to-date: /home/ros2_ws/install/franka_msgs/include/franka_msgs/franka_msgs/srv/set_full_collision_behavior.hpp
[0.730s] -- Up-to-date: /home/ros2_ws/install/franka_msgs/include/franka_msgs/franka_msgs/srv/set_cartesian_stiffness.hpp
[0.730s] -- Up-to-date: /home/ros2_ws/install/franka_msgs/include/franka_msgs/franka_msgs/srv/set_stiffness_frame.hpp
[0.730s] -- Up-to-date: /home/ros2_ws/install/franka_msgs/include/franka_msgs/franka_msgs/srv/set_tcp_frame.hpp
[0.730s] -- Up-to-date: /home/ros2_ws/install/franka_msgs/include/franka_msgs/franka_msgs/srv/set_joint_stiffness.hpp
[0.730s] -- Up-to-date: /home/ros2_ws/install/franka_msgs/include/franka_msgs/franka_msgs/srv/detail
[0.730s] -- Up-to-date: /home/ros2_ws/install/franka_msgs/include/franka_msgs/franka_msgs/srv/detail/set_cartesian_stiffness__builder.hpp
[0.730s] -- Up-to-date: /home/ros2_ws/install/franka_msgs/include/franka_msgs/franka_msgs/srv/detail/set_stiffness_frame__traits.hpp
[0.730s] -- Up-to-date: /home/ros2_ws/install/franka_msgs/include/franka_msgs/franka_msgs/srv/detail/set_force_torque_collision_behavior__builder.hpp
[0.730s] -- Up-to-date: /home/ros2_ws/install/franka_msgs/include/franka_msgs/franka_msgs/srv/detail/set_tcp_frame__struct.hpp
[0.730s] -- Up-to-date: /home/ros2_ws/install/franka_msgs/include/franka_msgs/franka_msgs/srv/detail/set_stiffness_frame__builder.hpp
[0.730s] -- Up-to-date: /home/ros2_ws/install/franka_msgs/include/franka_msgs/franka_msgs/srv/detail/set_load__struct.hpp
[0.730s] -- Up-to-date: /home/ros2_ws/install/franka_msgs/include/franka_msgs/franka_msgs/srv/detail/set_cartesian_stiffness__traits.hpp
[0.731s] -- Up-to-date: /home/ros2_ws/install/franka_msgs/include/franka_msgs/franka_msgs/srv/detail/set_force_torque_collision_behavior__struct.hpp
[0.731s] -- Up-to-date: /home/ros2_ws/install/franka_msgs/include/franka_msgs/franka_msgs/srv/detail/set_cartesian_stiffness__struct.hpp
[0.731s] -- Up-to-date: /home/ros2_ws/install/franka_msgs/include/franka_msgs/franka_msgs/srv/detail/set_full_collision_behavior__struct.hpp
[0.731s] -- Up-to-date: /home/ros2_ws/install/franka_msgs/include/franka_msgs/franka_msgs/srv/detail/set_tcp_frame__builder.hpp
[0.731s] -- Up-to-date: /home/ros2_ws/install/franka_msgs/include/franka_msgs/franka_msgs/srv/detail/set_load__builder.hpp
[0.731s] -- Up-to-date: /home/ros2_ws/install/franka_msgs/include/franka_msgs/franka_msgs/srv/detail/set_joint_stiffness__struct.hpp
[0.731s] -- Up-to-date: /home/ros2_ws/install/franka_msgs/include/franka_msgs/franka_msgs/srv/detail/set_stiffness_frame__struct.hpp
[0.731s] -- Up-to-date: /home/ros2_ws/install/franka_msgs/include/franka_msgs/franka_msgs/srv/detail/set_joint_stiffness__traits.hpp
[0.731s] -- Up-to-date: /home/ros2_ws/install/franka_msgs/include/franka_msgs/franka_msgs/srv/detail/set_full_collision_behavior__builder.hpp
[0.731s] -- Up-to-date: /home/ros2_ws/install/franka_msgs/include/franka_msgs/franka_msgs/srv/detail/set_force_torque_collision_behavior__traits.hpp
[0.731s] -- Up-to-date: /home/ros2_ws/install/franka_msgs/include/franka_msgs/franka_msgs/srv/detail/set_full_collision_behavior__traits.hpp
[0.731s] -- Up-to-date: /home/ros2_ws/install/franka_msgs/include/franka_msgs/franka_msgs/srv/detail/set_tcp_frame__traits.hpp
[0.731s] -- Up-to-date: /home/ros2_ws/install/franka_msgs/include/franka_msgs/franka_msgs/srv/detail/set_load__traits.hpp
[0.731s] -- Up-to-date: /home/ros2_ws/install/franka_msgs/include/franka_msgs/franka_msgs/srv/detail/set_joint_stiffness__builder.hpp
[0.731s] -- Up-to-date: /home/ros2_ws/install/franka_msgs/include/franka_msgs/franka_msgs/srv/set_force_torque_collision_behavior.hpp
[0.731s] -- Up-to-date: /home/ros2_ws/install/franka_msgs/include/franka_msgs/franka_msgs/srv/set_load.hpp
[0.731s] -- Up-to-date: /home/ros2_ws/install/franka_msgs/include/franka_msgs/franka_msgs
[0.731s] -- Up-to-date: /home/ros2_ws/install/franka_msgs/include/franka_msgs/franka_msgs/msg
[0.731s] -- Up-to-date: /home/ros2_ws/install/franka_msgs/include/franka_msgs/franka_msgs/msg/detail
[0.731s] -- Up-to-date: /home/ros2_ws/install/franka_msgs/include/franka_msgs/franka_msgs/msg/detail/elbow__rosidl_typesupport_fastrtps_cpp.hpp
[0.731s] -- Up-to-date: /home/ros2_ws/install/franka_msgs/include/franka_msgs/franka_msgs/msg/detail/collision_indicators__rosidl_typesupport_fastrtps_cpp.hpp
[0.731s] -- Up-to-date: /home/ros2_ws/install/franka_msgs/include/franka_msgs/franka_msgs/msg/detail/franka_robot_state__rosidl_typesupport_fastrtps_cpp.hpp
[0.731s] -- Up-to-date: /home/ros2_ws/install/franka_msgs/include/franka_msgs/franka_msgs/msg/detail/grasp_epsilon__rosidl_typesupport_fastrtps_cpp.hpp
[0.731s] -- Up-to-date: /home/ros2_ws/install/franka_msgs/include/franka_msgs/franka_msgs/msg/detail/errors__rosidl_typesupport_fastrtps_cpp.hpp
[0.731s] -- Up-to-date: /home/ros2_ws/install/franka_msgs/include/franka_msgs/franka_msgs/msg/detail/dds_fastrtps
[0.731s] -- Up-to-date: /home/ros2_ws/install/franka_msgs/include/franka_msgs/franka_msgs/msg/rosidl_typesupport_fastrtps_cpp__visibility_control.h
[0.731s] -- Up-to-date: /home/ros2_ws/install/franka_msgs/include/franka_msgs/franka_msgs/action
[0.731s] -- Up-to-date: /home/ros2_ws/install/franka_msgs/include/franka_msgs/franka_msgs/action/detail
[0.731s] -- Up-to-date: /home/ros2_ws/install/franka_msgs/include/franka_msgs/franka_msgs/action/detail/grasp__rosidl_typesupport_fastrtps_cpp.hpp
[0.731s] -- Up-to-date: /home/ros2_ws/install/franka_msgs/include/franka_msgs/franka_msgs/action/detail/homing__rosidl_typesupport_fastrtps_cpp.hpp
[0.731s] -- Up-to-date: /home/ros2_ws/install/franka_msgs/include/franka_msgs/franka_msgs/action/detail/move__rosidl_typesupport_fastrtps_cpp.hpp
[0.731s] -- Up-to-date: /home/ros2_ws/install/franka_msgs/include/franka_msgs/franka_msgs/action/detail/dds_fastrtps
[0.731s] -- Up-to-date: /home/ros2_ws/install/franka_msgs/include/franka_msgs/franka_msgs/srv
[0.731s] -- Up-to-date: /home/ros2_ws/install/franka_msgs/include/franka_msgs/franka_msgs/srv/detail
[0.731s] -- Up-to-date: /home/ros2_ws/install/franka_msgs/include/franka_msgs/franka_msgs/srv/detail/set_load__rosidl_typesupport_fastrtps_cpp.hpp
[0.732s] -- Up-to-date: /home/ros2_ws/install/franka_msgs/include/franka_msgs/franka_msgs/srv/detail/set_joint_stiffness__rosidl_typesupport_fastrtps_cpp.hpp
[0.732s] -- Up-to-date: /home/ros2_ws/install/franka_msgs/include/franka_msgs/franka_msgs/srv/detail/set_force_torque_collision_behavior__rosidl_typesupport_fastrtps_cpp.hpp
[0.732s] -- Up-to-date: /home/ros2_ws/install/franka_msgs/include/franka_msgs/franka_msgs/srv/detail/set_cartesian_stiffness__rosidl_typesupport_fastrtps_cpp.hpp
[0.732s] -- Up-to-date: /home/ros2_ws/install/franka_msgs/include/franka_msgs/franka_msgs/srv/detail/set_stiffness_frame__rosidl_typesupport_fastrtps_cpp.hpp
[0.732s] -- Up-to-date: /home/ros2_ws/install/franka_msgs/include/franka_msgs/franka_msgs/srv/detail/set_tcp_frame__rosidl_typesupport_fastrtps_cpp.hpp
[0.732s] -- Up-to-date: /home/ros2_ws/install/franka_msgs/include/franka_msgs/franka_msgs/srv/detail/set_full_collision_behavior__rosidl_typesupport_fastrtps_cpp.hpp
[0.732s] -- Up-to-date: /home/ros2_ws/install/franka_msgs/include/franka_msgs/franka_msgs/srv/detail/dds_fastrtps
[0.732s] -- Up-to-date: /home/ros2_ws/install/franka_msgs/lib/libfranka_msgs__rosidl_typesupport_fastrtps_cpp.so
[0.732s] -- Up-to-date: /home/ros2_ws/install/franka_msgs/include/franka_msgs/franka_msgs
[0.732s] -- Up-to-date: /home/ros2_ws/install/franka_msgs/include/franka_msgs/franka_msgs/msg
[0.732s] -- Up-to-date: /home/ros2_ws/install/franka_msgs/include/franka_msgs/franka_msgs/msg/detail
[0.732s] -- Up-to-date: /home/ros2_ws/install/franka_msgs/include/franka_msgs/franka_msgs/msg/detail/grasp_epsilon__type_support.cpp
[0.732s] -- Up-to-date: /home/ros2_ws/install/franka_msgs/include/franka_msgs/franka_msgs/msg/detail/errors__type_support.cpp
[0.732s] -- Up-to-date: /home/ros2_ws/install/franka_msgs/include/franka_msgs/franka_msgs/msg/detail/elbow__type_support.cpp
[0.732s] -- Up-to-date: /home/ros2_ws/install/franka_msgs/include/franka_msgs/franka_msgs/msg/detail/franka_robot_state__rosidl_typesupport_introspection_cpp.hpp
[0.732s] -- Up-to-date: /home/ros2_ws/install/franka_msgs/include/franka_msgs/franka_msgs/msg/detail/errors__rosidl_typesupport_introspection_cpp.hpp
[0.732s] -- Up-to-date: /home/ros2_ws/install/franka_msgs/include/franka_msgs/franka_msgs/msg/detail/elbow__rosidl_typesupport_introspection_cpp.hpp
[0.732s] -- Up-to-date: /home/ros2_ws/install/franka_msgs/include/franka_msgs/franka_msgs/msg/detail/collision_indicators__rosidl_typesupport_introspection_cpp.hpp
[0.732s] -- Up-to-date: /home/ros2_ws/install/franka_msgs/include/franka_msgs/franka_msgs/msg/detail/grasp_epsilon__rosidl_typesupport_introspection_cpp.hpp
[0.732s] -- Up-to-date: /home/ros2_ws/install/franka_msgs/include/franka_msgs/franka_msgs/msg/detail/franka_robot_state__type_support.cpp
[0.732s] -- Up-to-date: /home/ros2_ws/install/franka_msgs/include/franka_msgs/franka_msgs/msg/detail/collision_indicators__type_support.cpp
[0.732s] -- Up-to-date: /home/ros2_ws/install/franka_msgs/include/franka_msgs/franka_msgs/action
[0.732s] -- Up-to-date: /home/ros2_ws/install/franka_msgs/include/franka_msgs/franka_msgs/action/detail
[0.732s] -- Up-to-date: /home/ros2_ws/install/franka_msgs/include/franka_msgs/franka_msgs/action/detail/homing__type_support.cpp
[0.732s] -- Up-to-date: /home/ros2_ws/install/franka_msgs/include/franka_msgs/franka_msgs/action/detail/move__type_support.cpp
[0.732s] -- Up-to-date: /home/ros2_ws/install/franka_msgs/include/franka_msgs/franka_msgs/action/detail/grasp__rosidl_typesupport_introspection_cpp.hpp
[0.732s] -- Up-to-date: /home/ros2_ws/install/franka_msgs/include/franka_msgs/franka_msgs/action/detail/move__rosidl_typesupport_introspection_cpp.hpp
[0.732s] -- Up-to-date: /home/ros2_ws/install/franka_msgs/include/franka_msgs/franka_msgs/action/detail/homing__rosidl_typesupport_introspection_cpp.hpp
[0.732s] -- Up-to-date: /home/ros2_ws/install/franka_msgs/include/franka_msgs/franka_msgs/action/detail/grasp__type_support.cpp
[0.732s] -- Up-to-date: /home/ros2_ws/install/franka_msgs/include/franka_msgs/franka_msgs/srv
[0.732s] -- Up-to-date: /home/ros2_ws/install/franka_msgs/include/franka_msgs/franka_msgs/srv/detail
[0.733s] -- Up-to-date: /home/ros2_ws/install/franka_msgs/include/franka_msgs/franka_msgs/srv/detail/set_cartesian_stiffness__rosidl_typesupport_introspection_cpp.hpp
[0.733s] -- Up-to-date: /home/ros2_ws/install/franka_msgs/include/franka_msgs/franka_msgs/srv/detail/set_tcp_frame__rosidl_typesupport_introspection_cpp.hpp
[0.733s] -- Up-to-date: /home/ros2_ws/install/franka_msgs/include/franka_msgs/franka_msgs/srv/detail/set_tcp_frame__type_support.cpp
[0.733s] -- Up-to-date: /home/ros2_ws/install/franka_msgs/include/franka_msgs/franka_msgs/srv/detail/set_force_torque_collision_behavior__rosidl_typesupport_introspection_cpp.hpp
[0.733s] -- Up-to-date: /home/ros2_ws/install/franka_msgs/include/franka_msgs/franka_msgs/srv/detail/set_full_collision_behavior__type_support.cpp
[0.733s] -- Up-to-date: /home/ros2_ws/install/franka_msgs/include/franka_msgs/franka_msgs/srv/detail/set_force_torque_collision_behavior__type_support.cpp
[0.733s] -- Up-to-date: /home/ros2_ws/install/franka_msgs/include/franka_msgs/franka_msgs/srv/detail/set_joint_stiffness__rosidl_typesupport_introspection_cpp.hpp
[0.733s] -- Up-to-date: /home/ros2_ws/install/franka_msgs/include/franka_msgs/franka_msgs/srv/detail/set_load__rosidl_typesupport_introspection_cpp.hpp
[0.733s] -- Up-to-date: /home/ros2_ws/install/franka_msgs/include/franka_msgs/franka_msgs/srv/detail/set_stiffness_frame__rosidl_typesupport_introspection_cpp.hpp
[0.733s] -- Up-to-date: /home/ros2_ws/install/franka_msgs/include/franka_msgs/franka_msgs/srv/detail/set_full_collision_behavior__rosidl_typesupport_introspection_cpp.hpp
[0.733s] -- Up-to-date: /home/ros2_ws/install/franka_msgs/include/franka_msgs/franka_msgs/srv/detail/set_cartesian_stiffness__type_support.cpp
[0.733s] -- Up-to-date: /home/ros2_ws/install/franka_msgs/include/franka_msgs/franka_msgs/srv/detail/set_load__type_support.cpp
[0.733s] -- Up-to-date: /home/ros2_ws/install/franka_msgs/include/franka_msgs/franka_msgs/srv/detail/set_stiffness_frame__type_support.cpp
[0.733s] -- Up-to-date: /home/ros2_ws/install/franka_msgs/include/franka_msgs/franka_msgs/srv/detail/set_joint_stiffness__type_support.cpp
[0.733s] -- Up-to-date: /home/ros2_ws/install/franka_msgs/lib/libfranka_msgs__rosidl_typesupport_introspection_cpp.so
[0.733s] -- Up-to-date: /home/ros2_ws/install/franka_msgs/lib/libfranka_msgs__rosidl_typesupport_cpp.so
[0.733s] -- Up-to-date: /home/ros2_ws/install/franka_msgs/share/franka_msgs/environment/pythonpath.sh
[0.733s] -- Up-to-date: /home/ros2_ws/install/franka_msgs/share/franka_msgs/environment/pythonpath.dsv
[0.733s] -- Up-to-date: /home/ros2_ws/install/franka_msgs/local/lib/python3.10/dist-packages/franka_msgs-0.1.13-py3.10.egg-info
[0.733s] -- Installing: /home/ros2_ws/install/franka_msgs/local/lib/python3.10/dist-packages/franka_msgs-0.1.13-py3.10.egg-info/dependency_links.txt
[0.733s] -- Installing: /home/ros2_ws/install/franka_msgs/local/lib/python3.10/dist-packages/franka_msgs-0.1.13-py3.10.egg-info/SOURCES.txt
[0.733s] -- Installing: /home/ros2_ws/install/franka_msgs/local/lib/python3.10/dist-packages/franka_msgs-0.1.13-py3.10.egg-info/top_level.txt
[0.733s] -- Installing: /home/ros2_ws/install/franka_msgs/local/lib/python3.10/dist-packages/franka_msgs-0.1.13-py3.10.egg-info/PKG-INFO
[0.733s] -- Up-to-date: /home/ros2_ws/install/franka_msgs/local/lib/python3.10/dist-packages/franka_msgs
[0.733s] -- Up-to-date: /home/ros2_ws/install/franka_msgs/local/lib/python3.10/dist-packages/franka_msgs/libfranka_msgs__rosidl_generator_py.so
[0.733s] -- Up-to-date: /home/ros2_ws/install/franka_msgs/local/lib/python3.10/dist-packages/franka_msgs/msg
[0.733s] -- Up-to-date: /home/ros2_ws/install/franka_msgs/local/lib/python3.10/dist-packages/franka_msgs/msg/_franka_robot_state_s.c
[0.733s] -- Up-to-date: /home/ros2_ws/install/franka_msgs/local/lib/python3.10/dist-packages/franka_msgs/msg/_errors.py
[0.733s] -- Up-to-date: /home/ros2_ws/install/franka_msgs/local/lib/python3.10/dist-packages/franka_msgs/msg/_collision_indicators.py
[0.733s] -- Up-to-date: /home/ros2_ws/install/franka_msgs/local/lib/python3.10/dist-packages/franka_msgs/msg/_elbow.py
[0.734s] -- Up-to-date: /home/ros2_ws/install/franka_msgs/local/lib/python3.10/dist-packages/franka_msgs/msg/_collision_indicators_s.c
[0.734s] -- Up-to-date: /home/ros2_ws/install/franka_msgs/local/lib/python3.10/dist-packages/franka_msgs/msg/_franka_robot_state.py
[0.734s] -- Up-to-date: /home/ros2_ws/install/franka_msgs/local/lib/python3.10/dist-packages/franka_msgs/msg/_grasp_epsilon.py
[0.734s] -- Up-to-date: /home/ros2_ws/install/franka_msgs/local/lib/python3.10/dist-packages/franka_msgs/msg/_elbow_s.c
[0.734s] -- Up-to-date: /home/ros2_ws/install/franka_msgs/local/lib/python3.10/dist-packages/franka_msgs/msg/_errors_s.c
[0.734s] -- Up-to-date: /home/ros2_ws/install/franka_msgs/local/lib/python3.10/dist-packages/franka_msgs/msg/_grasp_epsilon_s.c
[0.734s] -- Up-to-date: /home/ros2_ws/install/franka_msgs/local/lib/python3.10/dist-packages/franka_msgs/msg/__init__.py
[0.734s] -- Up-to-date: /home/ros2_ws/install/franka_msgs/local/lib/python3.10/dist-packages/franka_msgs/franka_msgs_s__rosidl_typesupport_introspection_c.cpython-310-x86_64-linux-gnu.so
[0.734s] -- Up-to-date: /home/ros2_ws/install/franka_msgs/local/lib/python3.10/dist-packages/franka_msgs/action
[0.734s] -- Up-to-date: /home/ros2_ws/install/franka_msgs/local/lib/python3.10/dist-packages/franka_msgs/action/_move_s.c
[0.734s] -- Up-to-date: /home/ros2_ws/install/franka_msgs/local/lib/python3.10/dist-packages/franka_msgs/action/_grasp_s.c
[0.734s] -- Up-to-date: /home/ros2_ws/install/franka_msgs/local/lib/python3.10/dist-packages/franka_msgs/action/_homing_s.c
[0.734s] -- Up-to-date: /home/ros2_ws/install/franka_msgs/local/lib/python3.10/dist-packages/franka_msgs/action/_homing.py
[0.734s] -- Up-to-date: /home/ros2_ws/install/franka_msgs/local/lib/python3.10/dist-packages/franka_msgs/action/_grasp.py
[0.734s] -- Up-to-date: /home/ros2_ws/install/franka_msgs/local/lib/python3.10/dist-packages/franka_msgs/action/_move.py
[0.734s] -- Up-to-date: /home/ros2_ws/install/franka_msgs/local/lib/python3.10/dist-packages/franka_msgs/action/__init__.py
[0.734s] -- Up-to-date: /home/ros2_ws/install/franka_msgs/local/lib/python3.10/dist-packages/franka_msgs/_franka_msgs_s.ep.rosidl_typesupport_c.c
[0.734s] -- Up-to-date: /home/ros2_ws/install/franka_msgs/local/lib/python3.10/dist-packages/franka_msgs/srv
[0.734s] -- Up-to-date: /home/ros2_ws/install/franka_msgs/local/lib/python3.10/dist-packages/franka_msgs/srv/_set_full_collision_behavior.py
[0.734s] -- Up-to-date: /home/ros2_ws/install/franka_msgs/local/lib/python3.10/dist-packages/franka_msgs/srv/_set_load.py
[0.734s] -- Up-to-date: /home/ros2_ws/install/franka_msgs/local/lib/python3.10/dist-packages/franka_msgs/srv/_set_joint_stiffness.py
[0.734s] -- Up-to-date: /home/ros2_ws/install/franka_msgs/local/lib/python3.10/dist-packages/franka_msgs/srv/_set_load_s.c
[0.734s] -- Up-to-date: /home/ros2_ws/install/franka_msgs/local/lib/python3.10/dist-packages/franka_msgs/srv/_set_stiffness_frame_s.c
[0.734s] -- Up-to-date: /home/ros2_ws/install/franka_msgs/local/lib/python3.10/dist-packages/franka_msgs/srv/_set_full_collision_behavior_s.c
[0.734s] -- Up-to-date: /home/ros2_ws/install/franka_msgs/local/lib/python3.10/dist-packages/franka_msgs/srv/_set_cartesian_stiffness_s.c
[0.734s] -- Up-to-date: /home/ros2_ws/install/franka_msgs/local/lib/python3.10/dist-packages/franka_msgs/srv/_set_tcp_frame.py
[0.734s] -- Up-to-date: /home/ros2_ws/install/franka_msgs/local/lib/python3.10/dist-packages/franka_msgs/srv/_set_tcp_frame_s.c
[0.734s] -- Up-to-date: /home/ros2_ws/install/franka_msgs/local/lib/python3.10/dist-packages/franka_msgs/srv/_set_force_torque_collision_behavior.py
[0.734s] -- Up-to-date: /home/ros2_ws/install/franka_msgs/local/lib/python3.10/dist-packages/franka_msgs/srv/_set_joint_stiffness_s.c
[0.734s] -- Up-to-date: /home/ros2_ws/install/franka_msgs/local/lib/python3.10/dist-packages/franka_msgs/srv/_set_stiffness_frame.py
[0.734s] -- Up-to-date: /home/ros2_ws/install/franka_msgs/local/lib/python3.10/dist-packages/franka_msgs/srv/__init__.py
[0.734s] -- Up-to-date: /home/ros2_ws/install/franka_msgs/local/lib/python3.10/dist-packages/franka_msgs/srv/_set_cartesian_stiffness.py
[0.735s] -- Up-to-date: /home/ros2_ws/install/franka_msgs/local/lib/python3.10/dist-packages/franka_msgs/srv/_set_force_torque_collision_behavior_s.c
[0.735s] -- Up-to-date: /home/ros2_ws/install/franka_msgs/local/lib/python3.10/dist-packages/franka_msgs/_franka_msgs_s.ep.rosidl_typesupport_introspection_c.c
[0.735s] -- Up-to-date: /home/ros2_ws/install/franka_msgs/local/lib/python3.10/dist-packages/franka_msgs/_franka_msgs_s.ep.rosidl_typesupport_fastrtps_c.c
[0.735s] -- Up-to-date: /home/ros2_ws/install/franka_msgs/local/lib/python3.10/dist-packages/franka_msgs/franka_msgs_s__rosidl_typesupport_c.cpython-310-x86_64-linux-gnu.so
[0.735s] -- Up-to-date: /home/ros2_ws/install/franka_msgs/local/lib/python3.10/dist-packages/franka_msgs/franka_msgs_s__rosidl_typesupport_fastrtps_c.cpython-310-x86_64-linux-gnu.so
[0.735s] -- Up-to-date: /home/ros2_ws/install/franka_msgs/local/lib/python3.10/dist-packages/franka_msgs/__init__.py
[0.746s] Listing '/home/ros2_ws/install/franka_msgs/local/lib/python3.10/dist-packages/franka_msgs'...
[0.746s] Listing '/home/ros2_ws/install/franka_msgs/local/lib/python3.10/dist-packages/franka_msgs/action'...
[0.746s] Listing '/home/ros2_ws/install/franka_msgs/local/lib/python3.10/dist-packages/franka_msgs/msg'...
[0.746s] Listing '/home/ros2_ws/install/franka_msgs/local/lib/python3.10/dist-packages/franka_msgs/srv'...
[0.749s] -- Up-to-date: /home/ros2_ws/install/franka_msgs/local/lib/python3.10/dist-packages/franka_msgs/franka_msgs_s__rosidl_typesupport_fastrtps_c.cpython-310-x86_64-linux-gnu.so
[0.749s] -- Up-to-date: /home/ros2_ws/install/franka_msgs/local/lib/python3.10/dist-packages/franka_msgs/franka_msgs_s__rosidl_typesupport_introspection_c.cpython-310-x86_64-linux-gnu.so
[0.749s] -- Up-to-date: /home/ros2_ws/install/franka_msgs/local/lib/python3.10/dist-packages/franka_msgs/franka_msgs_s__rosidl_typesupport_c.cpython-310-x86_64-linux-gnu.so
[0.749s] -- Up-to-date: /home/ros2_ws/install/franka_msgs/lib/libfranka_msgs__rosidl_generator_py.so
[0.749s] -- Up-to-date: /home/ros2_ws/install/franka_msgs/share/franka_msgs/action/Grasp.idl
[0.749s] -- Up-to-date: /home/ros2_ws/install/franka_msgs/share/franka_msgs/action/Homing.idl
[0.749s] -- Up-to-date: /home/ros2_ws/install/franka_msgs/share/franka_msgs/action/Move.idl
[0.749s] -- Up-to-date: /home/ros2_ws/install/franka_msgs/share/franka_msgs/msg/CollisionIndicators.idl
[0.749s] -- Up-to-date: /home/ros2_ws/install/franka_msgs/share/franka_msgs/msg/Elbow.idl
[0.749s] -- Up-to-date: /home/ros2_ws/install/franka_msgs/share/franka_msgs/msg/Errors.idl
[0.749s] -- Up-to-date: /home/ros2_ws/install/franka_msgs/share/franka_msgs/msg/GraspEpsilon.idl
[0.749s] -- Up-to-date: /home/ros2_ws/install/franka_msgs/share/franka_msgs/msg/FrankaRobotState.idl
[0.749s] -- Up-to-date: /home/ros2_ws/install/franka_msgs/share/franka_msgs/srv/SetCartesianStiffness.idl
[0.749s] -- Up-to-date: /home/ros2_ws/install/franka_msgs/share/franka_msgs/srv/SetTCPFrame.idl
[0.749s] -- Up-to-date: /home/ros2_ws/install/franka_msgs/share/franka_msgs/srv/SetForceTorqueCollisionBehavior.idl
[0.749s] -- Up-to-date: /home/ros2_ws/install/franka_msgs/share/franka_msgs/srv/SetFullCollisionBehavior.idl
[0.749s] -- Up-to-date: /home/ros2_ws/install/franka_msgs/share/franka_msgs/srv/SetJointStiffness.idl
[0.749s] -- Up-to-date: /home/ros2_ws/install/franka_msgs/share/franka_msgs/srv/SetStiffnessFrame.idl
[0.750s] -- Up-to-date: /home/ros2_ws/install/franka_msgs/share/franka_msgs/srv/SetLoad.idl
[0.750s] -- Up-to-date: /home/ros2_ws/install/franka_msgs/share/franka_msgs/action/Grasp.action
[0.750s] -- Up-to-date: /home/ros2_ws/install/franka_msgs/share/franka_msgs/action/Homing.action
[0.750s] -- Up-to-date: /home/ros2_ws/install/franka_msgs/share/franka_msgs/action/Move.action
[0.750s] -- Up-to-date: /home/ros2_ws/install/franka_msgs/share/franka_msgs/msg/CollisionIndicators.msg
[0.750s] -- Up-to-date: /home/ros2_ws/install/franka_msgs/share/franka_msgs/msg/Elbow.msg
[0.750s] -- Up-to-date: /home/ros2_ws/install/franka_msgs/share/franka_msgs/msg/Errors.msg
[0.750s] -- Up-to-date: /home/ros2_ws/install/franka_msgs/share/franka_msgs/msg/GraspEpsilon.msg
[0.750s] -- Up-to-date: /home/ros2_ws/install/franka_msgs/share/franka_msgs/msg/FrankaRobotState.msg
[0.750s] -- Up-to-date: /home/ros2_ws/install/franka_msgs/share/franka_msgs/srv/SetCartesianStiffness.srv
[0.750s] -- Up-to-date: /home/ros2_ws/install/franka_msgs/share/franka_msgs/srv/SetCartesianStiffness_Request.msg
[0.750s] -- Up-to-date: /home/ros2_ws/install/franka_msgs/share/franka_msgs/srv/SetCartesianStiffness_Response.msg
[0.750s] -- Up-to-date: /home/ros2_ws/install/franka_msgs/share/franka_msgs/srv/SetTCPFrame.srv
[0.750s] -- Up-to-date: /home/ros2_ws/install/franka_msgs/share/franka_msgs/srv/SetTCPFrame_Request.msg
[0.750s] -- Up-to-date: /home/ros2_ws/install/franka_msgs/share/franka_msgs/srv/SetTCPFrame_Response.msg
[0.750s] -- Up-to-date: /home/ros2_ws/install/franka_msgs/share/franka_msgs/srv/SetForceTorqueCollisionBehavior.srv
[0.750s] -- Up-to-date: /home/ros2_ws/install/franka_msgs/share/franka_msgs/srv/SetForceTorqueCollisionBehavior_Request.msg
[0.750s] -- Up-to-date: /home/ros2_ws/install/franka_msgs/share/franka_msgs/srv/SetForceTorqueCollisionBehavior_Response.msg
[0.750s] -- Up-to-date: /home/ros2_ws/install/franka_msgs/share/franka_msgs/srv/SetFullCollisionBehavior.srv
[0.750s] -- Up-to-date: /home/ros2_ws/install/franka_msgs/share/franka_msgs/srv/SetFullCollisionBehavior_Request.msg
[0.750s] -- Up-to-date: /home/ros2_ws/install/franka_msgs/share/franka_msgs/srv/SetFullCollisionBehavior_Response.msg
[0.750s] -- Up-to-date: /home/ros2_ws/install/franka_msgs/share/franka_msgs/srv/SetJointStiffness.srv
[0.750s] -- Up-to-date: /home/ros2_ws/install/franka_msgs/share/franka_msgs/srv/SetJointStiffness_Request.msg
[0.750s] -- Up-to-date: /home/ros2_ws/install/franka_msgs/share/franka_msgs/srv/SetJointStiffness_Response.msg
[0.750s] -- Up-to-date: /home/ros2_ws/install/franka_msgs/share/franka_msgs/srv/SetStiffnessFrame.srv
[0.750s] -- Up-to-date: /home/ros2_ws/install/franka_msgs/share/franka_msgs/srv/SetStiffnessFrame_Request.msg
[0.750s] -- Up-to-date: /home/ros2_ws/install/franka_msgs/share/franka_msgs/srv/SetStiffnessFrame_Response.msg
[0.750s] -- Up-to-date: /home/ros2_ws/install/franka_msgs/share/franka_msgs/srv/SetLoad.srv
[0.750s] -- Up-to-date: /home/ros2_ws/install/franka_msgs/share/franka_msgs/srv/SetLoad_Request.msg
[0.750s] -- Up-to-date: /home/ros2_ws/install/franka_msgs/share/franka_msgs/srv/SetLoad_Response.msg
[0.750s] -- Up-to-date: /home/ros2_ws/install/franka_msgs/share/ament_index/resource_index/package_run_dependencies/franka_msgs
[0.750s] -- Up-to-date: /home/ros2_ws/install/franka_msgs/share/ament_index/resource_index/parent_prefix_path/franka_msgs
[0.750s] -- Up-to-date: /home/ros2_ws/install/franka_msgs/share/franka_msgs/environment/ament_prefix_path.sh
[0.750s] -- Up-to-date: /home/ros2_ws/install/franka_msgs/share/franka_msgs/environment/ament_prefix_path.dsv
[0.750s] -- Up-to-date: /home/ros2_ws/install/franka_msgs/share/franka_msgs/environment/path.sh
[0.751s] -- Up-to-date: /home/ros2_ws/install/franka_msgs/share/franka_msgs/environment/path.dsv
[0.751s] -- Up-to-date: /home/ros2_ws/install/franka_msgs/share/franka_msgs/local_setup.bash
[0.751s] -- Up-to-date: /home/ros2_ws/install/franka_msgs/share/franka_msgs/local_setup.sh
[0.751s] -- Up-to-date: /home/ros2_ws/install/franka_msgs/share/franka_msgs/local_setup.zsh
[0.751s] -- Up-to-date: /home/ros2_ws/install/franka_msgs/share/franka_msgs/local_setup.dsv
[0.751s] -- Installing: /home/ros2_ws/install/franka_msgs/share/franka_msgs/package.dsv
[0.751s] -- Up-to-date: /home/ros2_ws/install/franka_msgs/share/ament_index/resource_index/packages/franka_msgs
[0.751s] -- Up-to-date: /home/ros2_ws/install/franka_msgs/share/franka_msgs/cmake/export_franka_msgs__rosidl_generator_cExport.cmake
[0.751s] -- Up-to-date: /home/ros2_ws/install/franka_msgs/share/franka_msgs/cmake/export_franka_msgs__rosidl_generator_cExport-release.cmake
[0.751s] -- Up-to-date: /home/ros2_ws/install/franka_msgs/share/franka_msgs/cmake/export_franka_msgs__rosidl_typesupport_fastrtps_cExport.cmake
[0.751s] -- Up-to-date: /home/ros2_ws/install/franka_msgs/share/franka_msgs/cmake/export_franka_msgs__rosidl_typesupport_fastrtps_cExport-release.cmake
[0.751s] -- Up-to-date: /home/ros2_ws/install/franka_msgs/share/franka_msgs/cmake/franka_msgs__rosidl_typesupport_introspection_cExport.cmake
[0.751s] -- Up-to-date: /home/ros2_ws/install/franka_msgs/share/franka_msgs/cmake/franka_msgs__rosidl_typesupport_introspection_cExport-release.cmake
[0.751s] -- Up-to-date: /home/ros2_ws/install/franka_msgs/share/franka_msgs/cmake/franka_msgs__rosidl_typesupport_cExport.cmake
[0.751s] -- Up-to-date: /home/ros2_ws/install/franka_msgs/share/franka_msgs/cmake/franka_msgs__rosidl_typesupport_cExport-release.cmake
[0.751s] -- Up-to-date: /home/ros2_ws/install/franka_msgs/share/franka_msgs/cmake/export_franka_msgs__rosidl_generator_cppExport.cmake
[0.751s] -- Up-to-date: /home/ros2_ws/install/franka_msgs/share/franka_msgs/cmake/export_franka_msgs__rosidl_typesupport_fastrtps_cppExport.cmake
[0.751s] -- Up-to-date: /home/ros2_ws/install/franka_msgs/share/franka_msgs/cmake/export_franka_msgs__rosidl_typesupport_fastrtps_cppExport-release.cmake
[0.751s] -- Up-to-date: /home/ros2_ws/install/franka_msgs/share/franka_msgs/cmake/franka_msgs__rosidl_typesupport_introspection_cppExport.cmake
[0.751s] -- Up-to-date: /home/ros2_ws/install/franka_msgs/share/franka_msgs/cmake/franka_msgs__rosidl_typesupport_introspection_cppExport-release.cmake
[0.751s] -- Up-to-date: /home/ros2_ws/install/franka_msgs/share/franka_msgs/cmake/franka_msgs__rosidl_typesupport_cppExport.cmake
[0.751s] -- Up-to-date: /home/ros2_ws/install/franka_msgs/share/franka_msgs/cmake/franka_msgs__rosidl_typesupport_cppExport-release.cmake
[0.751s] -- Up-to-date: /home/ros2_ws/install/franka_msgs/share/franka_msgs/cmake/export_franka_msgs__rosidl_generator_pyExport.cmake
[0.751s] -- Up-to-date: /home/ros2_ws/install/franka_msgs/share/franka_msgs/cmake/export_franka_msgs__rosidl_generator_pyExport-release.cmake
[0.751s] -- Up-to-date: /home/ros2_ws/install/franka_msgs/share/franka_msgs/cmake/rosidl_cmake-extras.cmake
[0.751s] -- Up-to-date: /home/ros2_ws/install/franka_msgs/share/franka_msgs/cmake/ament_cmake_export_dependencies-extras.cmake
[0.751s] -- Up-to-date: /home/ros2_ws/install/franka_msgs/share/franka_msgs/cmake/ament_cmake_export_include_directories-extras.cmake
[0.751s] -- Up-to-date: /home/ros2_ws/install/franka_msgs/share/franka_msgs/cmake/ament_cmake_export_libraries-extras.cmake
[0.751s] -- Up-to-date: /home/ros2_ws/install/franka_msgs/share/franka_msgs/cmake/ament_cmake_export_targets-extras.cmake
[0.751s] -- Up-to-date: /home/ros2_ws/install/franka_msgs/share/franka_msgs/cmake/rosidl_cmake_export_typesupport_targets-extras.cmake
[0.751s] -- Up-to-date: /home/ros2_ws/install/franka_msgs/share/franka_msgs/cmake/rosidl_cmake_export_typesupport_libraries-extras.cmake
[0.751s] -- Up-to-date: /home/ros2_ws/install/franka_msgs/share/franka_msgs/cmake/franka_msgsConfig.cmake
[0.751s] -- Up-to-date: /home/ros2_ws/install/franka_msgs/share/franka_msgs/cmake/franka_msgsConfig-version.cmake
[0.751s] -- Up-to-date: /home/ros2_ws/install/franka_msgs/share/franka_msgs/package.xml
[0.753s] Invoked command in '/home/ros2_ws/build/franka_msgs' returned '0': CMAKE_PREFIX_PATH=/opt/ros/humble /usr/bin/cmake --install /home/ros2_ws/build/franka_msgs
