[0.011s] Invoking command in '/home/ros2_ws/build/franka_example_controllers': AMENT_PREFIX_PATH=/home/ros2_ws/install/franka_semantic_components:/home/ros2_ws/install/franka_hardware:/home/ros2_ws/install/franka_msgs:${AMENT_PREFIX_PATH} CMAKE_PREFIX_PATH=/home/ros2_ws/install/franka_semantic_components:/home/ros2_ws/install/franka_hardware:/home/ros2_ws/install/franka_msgs:/opt/ros/humble LD_LIBRARY_PATH=/home/ros2_ws/install/franka_semantic_components/lib:/home/ros2_ws/install/franka_hardware/lib:/home/ros2_ws/install/franka_msgs/lib:${LD_LIBRARY_PATH} PYTHONPATH=/home/ros2_ws/install/franka_msgs/local/lib/python3.10/dist-packages:${PYTHONPATH} /usr/bin/cmake /home/ros2_ws/src/franka_ros2/franka_example_controllers -DCMAKE_BUILD_TYPE=Release -DCMAKE_INSTALL_PREFIX=/home/ros2_ws/install/franka_example_controllers
[0.042s] -- The C compiler identification is GNU 11.4.0
[0.075s] -- The CXX compiler identification is GNU 11.4.0
[0.079s] -- Detecting C compiler ABI info
[0.116s] -- Detecting C compiler ABI info - done
[0.120s] -- Check for working C compiler: /usr/bin/cc - skipped
[0.120s] -- Detecting C compile features
[0.120s] -- Detecting C compile features - done
[0.121s] -- Detecting CXX compiler ABI info
[0.164s] -- Detecting CXX compiler ABI info - done
[0.168s] -- Check for working CXX compiler: /usr/bin/c++ - skipped
[0.168s] -- Detecting CXX compile features
[0.169s] -- Detecting CXX compile features - done
[0.170s] -- Found ament_cmake: 1.3.8 (/opt/ros/humble/share/ament_cmake/cmake)
[0.241s] -- Found Python3: /usr/bin/python3 (found version "3.10.12") found components: Interpreter 
[0.292s] -- Found rclcpp: 16.0.8 (/opt/ros/humble/share/rclcpp/cmake)
[0.315s] -- Found rosidl_generator_c: 3.1.5 (/opt/ros/humble/share/rosidl_generator_c/cmake)
[0.318s] -- Found rosidl_adapter: 3.1.5 (/opt/ros/humble/share/rosidl_adapter/cmake)
[0.323s] -- Found rosidl_generator_cpp: 3.1.5 (/opt/ros/humble/share/rosidl_generator_cpp/cmake)
[0.331s] -- Using all available rosidl_typesupport_c: rosidl_typesupport_fastrtps_c;rosidl_typesupport_introspection_c
[0.342s] -- Using all available rosidl_typesupport_cpp: rosidl_typesupport_fastrtps_cpp;rosidl_typesupport_introspection_cpp
[0.381s] -- Found rmw_implementation_cmake: 6.1.1 (/opt/ros/humble/share/rmw_implementation_cmake/cmake)
[0.382s] -- Found rmw_fastrtps_cpp: 6.2.6 (/opt/ros/humble/share/rmw_fastrtps_cpp/cmake)
[0.431s] -- Found OpenSSL: /usr/lib/x86_64-linux-gnu/libcrypto.so (found version "3.0.2")  
[0.442s] -- Found FastRTPS: /opt/ros/humble/include  
[0.464s] -- Using RMW implementation 'rmw_fastrtps_cpp' as default
[0.469s] -- Looking for pthread.h
[0.506s] -- Looking for pthread.h - found
[0.506s] -- Performing Test CMAKE_HAVE_LIBC_PTHREAD
[0.544s] -- Performing Test CMAKE_HAVE_LIBC_PTHREAD - Success
[0.545s] -- Found Threads: TRUE  
[0.630s] -- Found controller_interface: 2.40.0 (/opt/ros/humble/share/controller_interface/cmake)
[0.986s] -- Found franka_msgs: 0.1.13 (/home/ros2_ws/install/franka_msgs/share/franka_msgs/cmake)
[1.071s] -- Found franka_semantic_components: 0.1.0 (/home/ros2_ws/install/franka_semantic_components/share/franka_semantic_components/cmake)
[1.313s] -- Found generate_parameter_library: 0.3.8 (/opt/ros/humble/share/generate_parameter_library/cmake)
[1.314s] -- Found parameter_traits: 0.3.8 (/opt/ros/humble/share/parameter_traits/cmake)
[1.325s] -- Found moveit_core: 2.5.5 (/opt/ros/humble/share/moveit_core/cmake)
[1.345s] -- Found Boost: /usr/lib/x86_64-linux-gnu/cmake/Boost-1.74.0/BoostConfig.cmake (found version "1.74.0") found components: chrono date_time filesystem iostreams program_options regex serialization system thread 
[1.354s] -- Found Boost: /usr/lib/x86_64-linux-gnu/cmake/Boost-1.74.0/BoostConfig.cmake (found version "1.74.0") found components: filesystem 
[1.398s] -- library: /usr/lib/x86_64-linux-gnu/libcurl.so
[1.517s] -- Found Eigen3: TRUE (found version "3.4.0") 
[1.517s] -- Ensuring Eigen3 include directory is part of orocos-kdl CMake target
[2.568s] -- Found ament_cmake_clang_format: 0.12.10 (/opt/ros/humble/share/ament_cmake_clang_format/cmake)
[2.569s] -- Found ament_cmake_copyright: 0.12.10 (/opt/ros/humble/share/ament_cmake_copyright/cmake)
[2.570s] -- Found ament_cmake_cppcheck: 0.12.10 (/opt/ros/humble/share/ament_cmake_cppcheck/cmake)
[2.572s] -- Found ament_cmake_flake8: 0.12.10 (/opt/ros/humble/share/ament_cmake_flake8/cmake)
[2.573s] -- Found ament_cmake_lint_cmake: 0.12.10 (/opt/ros/humble/share/ament_cmake_lint_cmake/cmake)
[2.574s] -- Found ament_cmake_pep257: 0.12.10 (/opt/ros/humble/share/ament_cmake_pep257/cmake)
[2.575s] -- Found ament_cmake_xmllint: 0.12.10 (/opt/ros/humble/share/ament_cmake_xmllint/cmake)
[2.576s] -- Found ament_cmake_gmock: 1.3.8 (/opt/ros/humble/share/ament_cmake_gmock/cmake)
[2.577s] -- Found controller_manager: 2.40.0 (/opt/ros/humble/share/controller_manager/cmake)
[2.720s] -- Found ros2_control_test_assets: 2.40.0 (/opt/ros/humble/share/ros2_control_test_assets/cmake)
[2.723s] -- Found gmock sources under '/opt/ros/humble/src/gmock_vendor': C++ tests using 'Google Mock' will be built
[2.726s] -- Found ament_cmake_gtest: 1.3.8 (/opt/ros/humble/share/ament_cmake_gtest/cmake)
[2.727s] -- Found gtest sources under '/opt/ros/humble/src/gtest_vendor': C++ tests using 'Google Test' will be built
[3.017s] -- Configuring done
[3.090s] -- Generating done
[3.092s] -- Build files have been written to: /home/ros2_ws/build/franka_example_controllers
[3.101s] Invoked command in '/home/ros2_ws/build/franka_example_controllers' returned '0': AMENT_PREFIX_PATH=/home/ros2_ws/install/franka_semantic_components:/home/ros2_ws/install/franka_hardware:/home/ros2_ws/install/franka_msgs:${AMENT_PREFIX_PATH} CMAKE_PREFIX_PATH=/home/ros2_ws/install/franka_semantic_components:/home/ros2_ws/install/franka_hardware:/home/ros2_ws/install/franka_msgs:/opt/ros/humble LD_LIBRARY_PATH=/home/ros2_ws/install/franka_semantic_components/lib:/home/ros2_ws/install/franka_hardware/lib:/home/ros2_ws/install/franka_msgs/lib:${LD_LIBRARY_PATH} PYTHONPATH=/home/ros2_ws/install/franka_msgs/local/lib/python3.10/dist-packages:${PYTHONPATH} /usr/bin/cmake /home/ros2_ws/src/franka_ros2/franka_example_controllers -DCMAKE_BUILD_TYPE=Release -DCMAKE_INSTALL_PREFIX=/home/ros2_ws/install/franka_example_controllers
[3.102s] Invoking command in '/home/ros2_ws/build/franka_example_controllers': AMENT_PREFIX_PATH=/home/ros2_ws/install/franka_semantic_components:/home/ros2_ws/install/franka_hardware:/home/ros2_ws/install/franka_msgs:${AMENT_PREFIX_PATH} CMAKE_PREFIX_PATH=/home/ros2_ws/install/franka_semantic_components:/home/ros2_ws/install/franka_hardware:/home/ros2_ws/install/franka_msgs:/opt/ros/humble LD_LIBRARY_PATH=/home/ros2_ws/install/franka_semantic_components/lib:/home/ros2_ws/install/franka_hardware/lib:/home/ros2_ws/install/franka_msgs/lib:${LD_LIBRARY_PATH} PYTHONPATH=/home/ros2_ws/install/franka_msgs/local/lib/python3.10/dist-packages:${PYTHONPATH} /usr/bin/cmake --build /home/ros2_ws/build/franka_example_controllers -- -j20 -l20
[3.131s] [ 14%] [32mBuilding CXX object gmock/CMakeFiles/gmock.dir/opt/ros/humble/src/gtest_vendor/src/gtest-all.cc.o[0m
[3.131s] [ 14%] [34m[1mRunning `/opt/ros/humble/bin/generate_parameter_library_cpp /home/ros2_ws/build/franka_example_controllers/franka_example_controllers_parameters/include//franka_example_controllers_parameters.hpp /home/ros2_ws/src/franka_ros2/franka_example_controllers/src/model_example_controller_parameters.yaml `[0m
[3.131s] [ 14%] [32mBuilding CXX object gmock/CMakeFiles/gmock.dir/src/gmock-all.cc.o[0m
[3.131s] [ 14%] [32mBuilding CXX object gmock/CMakeFiles/gmock_main.dir/src/gmock_main.cc.o[0m
[3.212s] [ 14%] Built target franka_example_controllers_parameters
[3.226s] [ 21%] [32mBuilding CXX object CMakeFiles/franka_example_controllers.dir/src/joint_position_example_controller.cpp.o[0m
[3.226s] [ 21%] [32mBuilding CXX object CMakeFiles/franka_example_controllers.dir/src/joint_impedance_example_controller.cpp.o[0m
[3.227s] [ 25%] [32mBuilding CXX object CMakeFiles/franka_example_controllers.dir/src/gravity_compensation_example_controller.cpp.o[0m
[3.227s] [ 32%] [32mBuilding CXX object CMakeFiles/franka_example_controllers.dir/src/cartesian_elbow_example_controller.cpp.o[0m
[3.227s] [ 39%] [32mBuilding CXX object CMakeFiles/franka_example_controllers.dir/src/cartesian_pose_example_controller.cpp.o[0m
[3.227s] [ 39%] [32mBuilding CXX object CMakeFiles/franka_example_controllers.dir/src/joint_impedance_with_ik_example_controller.cpp.o[0m
[3.227s] [ 39%] [32mBuilding CXX object CMakeFiles/franka_example_controllers.dir/src/cartesian_velocity_example_controller.cpp.o[0m
[3.227s] [ 42%] [32mBuilding CXX object CMakeFiles/franka_example_controllers.dir/src/joint_velocity_example_controller.cpp.o[0m
[3.227s] [ 46%] [32mBuilding CXX object CMakeFiles/franka_example_controllers.dir/src/elbow_example_controller.cpp.o[0m
[3.228s] [ 50%] [32mBuilding CXX object CMakeFiles/franka_example_controllers.dir/src/cartesian_orientation_example_controller.cpp.o[0m
[3.228s] [ 53%] [32mBuilding CXX object CMakeFiles/franka_example_controllers.dir/src/move_to_start_example_controller.cpp.o[0m
[3.228s] [ 57%] [32mBuilding CXX object CMakeFiles/franka_example_controllers.dir/src/model_example_controller.cpp.o[0m
[3.229s] [ 60%] [32mBuilding CXX object CMakeFiles/franka_example_controllers.dir/src/motion_generator.cpp.o[0m
[3.960s] [ 64%] [32m[1mLinking CXX static library libgmock_main.a[0m
[4.022s] [ 64%] Built target gmock_main
[8.434s] [ 67%] [32m[1mLinking CXX static library libgmock.a[0m
[8.474s] [ 67%] Built target gmock
[8.485s] [ 75%] [32mBuilding CXX object CMakeFiles/franka_example_controllers_test.dir/test/test_load_gravity_compensation_controller.cpp.o[0m
[8.485s] [ 75%] [32mBuilding CXX object CMakeFiles/franka_example_controllers_test_load_move_to_start.dir/test/test_load_move_to_start_example_controller.cpp.o[0m
[9.153s] [ 78%] [32m[1mLinking CXX shared library libfranka_example_controllers.so[0m
[9.314s] [ 78%] Built target franka_example_controllers
[9.326s] [ 85%] [32mBuilding CXX object CMakeFiles/franka_example_controllers_move_to_start_test.dir/test/test_move_to_start_example_controller.cpp.o[0m
[9.327s] [ 85%] [32mBuilding CXX object CMakeFiles/franka_example_controllers_gravity_test.dir/test/test_gravity_compensation_example.cpp.o[0m
[11.367s] [ 89%] [32m[1mLinking CXX executable franka_example_controllers_test_load_move_to_start[0m
[11.392s] [ 92%] [32m[1mLinking CXX executable franka_example_controllers_test[0m
[11.488s] [ 92%] Built target franka_example_controllers_test_load_move_to_start
[11.511s] [ 92%] Built target franka_example_controllers_test
[11.912s] [ 96%] [32m[1mLinking CXX executable franka_example_controllers_gravity_test[0m
[12.060s] [ 96%] Built target franka_example_controllers_gravity_test
[12.524s] [100%] [32m[1mLinking CXX executable franka_example_controllers_move_to_start_test[0m
[12.668s] [100%] Built target franka_example_controllers_move_to_start_test
[12.674s] Invoked command in '/home/ros2_ws/build/franka_example_controllers' returned '0': AMENT_PREFIX_PATH=/home/ros2_ws/install/franka_semantic_components:/home/ros2_ws/install/franka_hardware:/home/ros2_ws/install/franka_msgs:${AMENT_PREFIX_PATH} CMAKE_PREFIX_PATH=/home/ros2_ws/install/franka_semantic_components:/home/ros2_ws/install/franka_hardware:/home/ros2_ws/install/franka_msgs:/opt/ros/humble LD_LIBRARY_PATH=/home/ros2_ws/install/franka_semantic_components/lib:/home/ros2_ws/install/franka_hardware/lib:/home/ros2_ws/install/franka_msgs/lib:${LD_LIBRARY_PATH} PYTHONPATH=/home/ros2_ws/install/franka_msgs/local/lib/python3.10/dist-packages:${PYTHONPATH} /usr/bin/cmake --build /home/ros2_ws/build/franka_example_controllers -- -j20 -l20
[12.704s] Invoking command in '/home/ros2_ws/build/franka_example_controllers': AMENT_PREFIX_PATH=/home/ros2_ws/install/franka_semantic_components:/home/ros2_ws/install/franka_hardware:/home/ros2_ws/install/franka_msgs:${AMENT_PREFIX_PATH} CMAKE_PREFIX_PATH=/home/ros2_ws/install/franka_semantic_components:/home/ros2_ws/install/franka_hardware:/home/ros2_ws/install/franka_msgs:/opt/ros/humble LD_LIBRARY_PATH=/home/ros2_ws/install/franka_semantic_components/lib:/home/ros2_ws/install/franka_hardware/lib:/home/ros2_ws/install/franka_msgs/lib:${LD_LIBRARY_PATH} PYTHONPATH=/home/ros2_ws/install/franka_msgs/local/lib/python3.10/dist-packages:${PYTHONPATH} /usr/bin/cmake --install /home/ros2_ws/build/franka_example_controllers
[12.708s] -- Install configuration: "Release"
[12.708s] -- Installing: /home/ros2_ws/install/franka_example_controllers/include/franka_example_controllers_parameters
[12.708s] -- Installing: /home/ros2_ws/install/franka_example_controllers/include/franka_example_controllers_parameters/franka_example_controllers_parameters.hpp
[12.708s] -- Installing: /home/ros2_ws/install/franka_example_controllers/share/franka_example_controllers/franka_example_controllers.xml
[12.708s] -- Installing: /home/ros2_ws/install/franka_example_controllers/lib/libfranka_example_controllers.so
[12.709s] -- Set runtime path of "/home/ros2_ws/install/franka_example_controllers/lib/libfranka_example_controllers.so" to ""
[12.709s] -- Up-to-date: /home/ros2_ws/install/franka_example_controllers/include
[12.709s] -- Installing: /home/ros2_ws/install/franka_example_controllers/include/franka_example_controllers
[12.709s] -- Installing: /home/ros2_ws/install/franka_example_controllers/include/franka_example_controllers/elbow_example_controller.hpp
[12.709s] -- Installing: /home/ros2_ws/install/franka_example_controllers/include/franka_example_controllers/visibility_control.h
[12.709s] -- Installing: /home/ros2_ws/install/franka_example_controllers/include/franka_example_controllers/gravity_compensation_example_controller.hpp
[12.709s] -- Installing: /home/ros2_ws/install/franka_example_controllers/include/franka_example_controllers/joint_impedance_example_controller.hpp
[12.709s] -- Installing: /home/ros2_ws/install/franka_example_controllers/include/franka_example_controllers/motion_generator.hpp
[12.709s] -- Installing: /home/ros2_ws/install/franka_example_controllers/include/franka_example_controllers/joint_position_example_controller.hpp
[12.709s] -- Installing: /home/ros2_ws/install/franka_example_controllers/include/franka_example_controllers/cartesian_velocity_example_controller.hpp
[12.709s] -- Installing: /home/ros2_ws/install/franka_example_controllers/include/franka_example_controllers/joint_impedance_with_ik_example_controller.hpp
[12.709s] -- Installing: /home/ros2_ws/install/franka_example_controllers/include/franka_example_controllers/move_to_start_example_controller.hpp
[12.709s] -- Installing: /home/ros2_ws/install/franka_example_controllers/include/franka_example_controllers/cartesian_elbow_example_controller.hpp
[12.709s] -- Installing: /home/ros2_ws/install/franka_example_controllers/include/franka_example_controllers/default_robot_behavior_utils.hpp
[12.709s] -- Installing: /home/ros2_ws/install/franka_example_controllers/include/franka_example_controllers/joint_velocity_example_controller.hpp
[12.709s] -- Installing: /home/ros2_ws/install/franka_example_controllers/include/franka_example_controllers/cartesian_orientation_example_controller.hpp
[12.709s] -- Installing: /home/ros2_ws/install/franka_example_controllers/include/franka_example_controllers/cartesian_pose_example_controller.hpp
[12.709s] -- Installing: /home/ros2_ws/install/franka_example_controllers/include/franka_example_controllers/model_example_controller.hpp
[12.709s] -- Installing: /home/ros2_ws/install/franka_example_controllers/share/franka_example_controllers/environment/library_path.sh
[12.709s] -- Installing: /home/ros2_ws/install/franka_example_controllers/share/franka_example_controllers/environment/library_path.dsv
[12.709s] -- Installing: /home/ros2_ws/install/franka_example_controllers/share/ament_index/resource_index/package_run_dependencies/franka_example_controllers
[12.709s] -- Installing: /home/ros2_ws/install/franka_example_controllers/share/ament_index/resource_index/parent_prefix_path/franka_example_controllers
[12.709s] -- Installing: /home/ros2_ws/install/franka_example_controllers/share/franka_example_controllers/environment/ament_prefix_path.sh
[12.709s] -- Installing: /home/ros2_ws/install/franka_example_controllers/share/franka_example_controllers/environment/ament_prefix_path.dsv
[12.709s] -- Installing: /home/ros2_ws/install/franka_example_controllers/share/franka_example_controllers/environment/path.sh
[12.709s] -- Installing: /home/ros2_ws/install/franka_example_controllers/share/franka_example_controllers/environment/path.dsv
[12.709s] -- Installing: /home/ros2_ws/install/franka_example_controllers/share/franka_example_controllers/local_setup.bash
[12.710s] -- Installing: /home/ros2_ws/install/franka_example_controllers/share/franka_example_controllers/local_setup.sh
[12.710s] -- Installing: /home/ros2_ws/install/franka_example_controllers/share/franka_example_controllers/local_setup.zsh
[12.710s] -- Installing: /home/ros2_ws/install/franka_example_controllers/share/franka_example_controllers/local_setup.dsv
[12.710s] -- Installing: /home/ros2_ws/install/franka_example_controllers/share/franka_example_controllers/package.dsv
[12.710s] -- Installing: /home/ros2_ws/install/franka_example_controllers/share/ament_index/resource_index/packages/franka_example_controllers
[12.710s] -- Installing: /home/ros2_ws/install/franka_example_controllers/share/ament_index/resource_index/controller_interface__pluginlib__plugin/franka_example_controllers
[12.710s] -- Installing: /home/ros2_ws/install/franka_example_controllers/share/franka_example_controllers/cmake/ament_cmake_export_include_directories-extras.cmake
[12.710s] -- Installing: /home/ros2_ws/install/franka_example_controllers/share/franka_example_controllers/cmake/ament_cmake_export_libraries-extras.cmake
[12.710s] -- Installing: /home/ros2_ws/install/franka_example_controllers/share/franka_example_controllers/cmake/ament_cmake_export_dependencies-extras.cmake
[12.710s] -- Installing: /home/ros2_ws/install/franka_example_controllers/share/franka_example_controllers/cmake/franka_example_controllersConfig.cmake
[12.710s] -- Installing: /home/ros2_ws/install/franka_example_controllers/share/franka_example_controllers/cmake/franka_example_controllersConfig-version.cmake
[12.710s] -- Installing: /home/ros2_ws/install/franka_example_controllers/share/franka_example_controllers/package.xml
[12.711s] Invoked command in '/home/ros2_ws/build/franka_example_controllers' returned '0': AMENT_PREFIX_PATH=/home/ros2_ws/install/franka_semantic_components:/home/ros2_ws/install/franka_hardware:/home/ros2_ws/install/franka_msgs:${AMENT_PREFIX_PATH} CMAKE_PREFIX_PATH=/home/ros2_ws/install/franka_semantic_components:/home/ros2_ws/install/franka_hardware:/home/ros2_ws/install/franka_msgs:/opt/ros/humble LD_LIBRARY_PATH=/home/ros2_ws/install/franka_semantic_components/lib:/home/ros2_ws/install/franka_hardware/lib:/home/ros2_ws/install/franka_msgs/lib:${LD_LIBRARY_PATH} PYTHONPATH=/home/ros2_ws/install/franka_msgs/local/lib/python3.10/dist-packages:${PYTHONPATH} /usr/bin/cmake --install /home/ros2_ws/build/franka_example_controllers
