[0.009s] Invoking command in '/home/ros2_ws/build/franka_semantic_components': AMENT_PREFIX_PATH=/home/ros2_ws/install/franka_hardware:/home/ros2_ws/install/franka_msgs:${AMENT_PREFIX_PATH} CMAKE_PREFIX_PATH=/home/ros2_ws/install/franka_hardware:/home/ros2_ws/install/franka_msgs:/opt/ros/humble LD_LIBRARY_PATH=/home/ros2_ws/install/franka_hardware/lib:/home/ros2_ws/install/franka_msgs/lib:${LD_LIBRARY_PATH} PYTHONPATH=/home/ros2_ws/install/franka_msgs/local/lib/python3.10/dist-packages:${PYTHONPATH} /usr/bin/cmake /home/ros2_ws/src/franka_ros2/franka_semantic_components -DCMAKE_BUILD_TYPE=Release -DCMAKE_INSTALL_PREFIX=/home/ros2_ws/install/franka_semantic_components
[0.058s] -- The C compiler identification is GNU 11.4.0
[0.090s] -- The CXX compiler identification is GNU 11.4.0
[0.095s] -- Detecting C compiler ABI info
[0.133s] -- Detecting C compiler ABI info - done
[0.137s] -- Check for working C compiler: /usr/bin/cc - skipped
[0.137s] -- Detecting C compile features
[0.137s] -- Detecting C compile features - done
[0.139s] -- Detecting CXX compiler ABI info
[0.181s] -- Detecting CXX compiler ABI info - done
[0.185s] -- Check for working CXX compiler: /usr/bin/c++ - skipped
[0.185s] -- Detecting CXX compile features
[0.185s] -- Detecting CXX compile features - done
[0.187s] -- Found ament_cmake: 1.3.8 (/opt/ros/humble/share/ament_cmake/cmake)
[0.256s] -- Found Python3: /usr/bin/python3 (found version "3.10.12") found components: Interpreter 
[0.308s] -- Looking for pthread.h
[0.345s] -- Looking for pthread.h - found
[0.346s] -- Performing Test CMAKE_HAVE_LIBC_PTHREAD
[0.383s] -- Performing Test CMAKE_HAVE_LIBC_PTHREAD - Success
[0.383s] -- Found Threads: TRUE  
[0.384s] -- Found franka_hardware: 0.1.13 (/home/ros2_ws/install/franka_hardware/share/franka_hardware/cmake)
[0.408s] -- Found rosidl_generator_c: 3.1.5 (/opt/ros/humble/share/rosidl_generator_c/cmake)
[0.411s] -- Found rosidl_adapter: 3.1.5 (/opt/ros/humble/share/rosidl_adapter/cmake)
[0.416s] -- Found rosidl_generator_cpp: 3.1.5 (/opt/ros/humble/share/rosidl_generator_cpp/cmake)
[0.423s] -- Using all available rosidl_typesupport_c: rosidl_typesupport_fastrtps_c;rosidl_typesupport_introspection_c
[0.434s] -- Using all available rosidl_typesupport_cpp: rosidl_typesupport_fastrtps_cpp;rosidl_typesupport_introspection_cpp
[0.791s] -- Found rmw_implementation_cmake: 6.1.1 (/opt/ros/humble/share/rmw_implementation_cmake/cmake)
[0.793s] -- Found rmw_fastrtps_cpp: 6.2.6 (/opt/ros/humble/share/rmw_fastrtps_cpp/cmake)
[0.813s] -- Found TinyXML2 via Config file: TinyXML2_DIR-NOTFOUND
[0.838s] -- Found OpenSSL: /usr/lib/x86_64-linux-gnu/libcrypto.so (found version "3.0.2")  
[0.840s] -- Found TinyXML2 via Config file: TinyXML2_DIR-NOTFOUND
[0.846s] -- Found FastRTPS: /opt/ros/humble/include  
[0.851s] -- Found TinyXML2 via Config file: TinyXML2_DIR-NOTFOUND
[0.855s] -- Found TinyXML2 via Config file: TinyXML2_DIR-NOTFOUND
[0.860s] -- Using RMW implementation 'rmw_fastrtps_cpp' as default
[0.997s] -- Found franka_msgs: 0.1.13 (/home/ros2_ws/install/franka_msgs/share/franka_msgs/cmake)
[1.078s] -- Found urdf: 2.6.0 (/opt/ros/humble/share/urdf/cmake)
[1.207s] -- Found ament_cmake_clang_format: 0.12.10 (/opt/ros/humble/share/ament_cmake_clang_format/cmake)
[1.208s] -- Found ament_cmake_copyright: 0.12.10 (/opt/ros/humble/share/ament_cmake_copyright/cmake)
[1.209s] -- Found ament_cmake_cppcheck: 0.12.10 (/opt/ros/humble/share/ament_cmake_cppcheck/cmake)
[1.210s] -- Found ament_cmake_flake8: 0.12.10 (/opt/ros/humble/share/ament_cmake_flake8/cmake)
[1.211s] -- Found ament_cmake_lint_cmake: 0.12.10 (/opt/ros/humble/share/ament_cmake_lint_cmake/cmake)
[1.212s] -- Found ament_cmake_pep257: 0.12.10 (/opt/ros/humble/share/ament_cmake_pep257/cmake)
[1.213s] -- Found ament_cmake_xmllint: 0.12.10 (/opt/ros/humble/share/ament_cmake_xmllint/cmake)
[1.214s] -- Found ament_cmake_gmock: 1.3.8 (/opt/ros/humble/share/ament_cmake_gmock/cmake)
[1.215s] -- Found controller_interface: 2.40.0 (/opt/ros/humble/share/controller_interface/cmake)
[1.264s] -- Found gmock sources under '/opt/ros/humble/src/gmock_vendor': C++ tests using 'Google Mock' will be built
[1.267s] -- Found ament_cmake_gtest: 1.3.8 (/opt/ros/humble/share/ament_cmake_gtest/cmake)
[1.268s] -- Found gtest sources under '/opt/ros/humble/src/gtest_vendor': C++ tests using 'Google Test' will be built
[1.621s] -- Configuring done
[1.689s] -- Generating done
[1.690s] -- Build files have been written to: /home/ros2_ws/build/franka_semantic_components
[1.697s] Invoked command in '/home/ros2_ws/build/franka_semantic_components' returned '0': AMENT_PREFIX_PATH=/home/ros2_ws/install/franka_hardware:/home/ros2_ws/install/franka_msgs:${AMENT_PREFIX_PATH} CMAKE_PREFIX_PATH=/home/ros2_ws/install/franka_hardware:/home/ros2_ws/install/franka_msgs:/opt/ros/humble LD_LIBRARY_PATH=/home/ros2_ws/install/franka_hardware/lib:/home/ros2_ws/install/franka_msgs/lib:${LD_LIBRARY_PATH} PYTHONPATH=/home/ros2_ws/install/franka_msgs/local/lib/python3.10/dist-packages:${PYTHONPATH} /usr/bin/cmake /home/ros2_ws/src/franka_ros2/franka_semantic_components -DCMAKE_BUILD_TYPE=Release -DCMAKE_INSTALL_PREFIX=/home/ros2_ws/install/franka_semantic_components
[1.697s] Invoking command in '/home/ros2_ws/build/franka_semantic_components': AMENT_PREFIX_PATH=/home/ros2_ws/install/franka_hardware:/home/ros2_ws/install/franka_msgs:${AMENT_PREFIX_PATH} CMAKE_PREFIX_PATH=/home/ros2_ws/install/franka_hardware:/home/ros2_ws/install/franka_msgs:/opt/ros/humble LD_LIBRARY_PATH=/home/ros2_ws/install/franka_hardware/lib:/home/ros2_ws/install/franka_msgs/lib:${LD_LIBRARY_PATH} PYTHONPATH=/home/ros2_ws/install/franka_msgs/local/lib/python3.10/dist-packages:${PYTHONPATH} /usr/bin/cmake --build /home/ros2_ws/build/franka_semantic_components -- -j20 -l20
[1.726s] [  4%] [32mBuilding CXX object gmock/CMakeFiles/gmock_main.dir/src/gmock_main.cc.o[0m
[1.726s] [  9%] [32mBuilding CXX object gmock/CMakeFiles/gmock.dir/opt/ros/humble/src/gtest_vendor/src/gtest-all.cc.o[0m
[1.727s] [ 13%] [32mBuilding CXX object gmock/CMakeFiles/gmock.dir/src/gmock-all.cc.o[0m
[1.727s] [ 18%] [32mBuilding CXX object CMakeFiles/franka_semantic_components.dir/src/franka_robot_state.cpp.o[0m
[1.727s] [ 22%] [32mBuilding CXX object CMakeFiles/franka_semantic_components.dir/src/franka_cartesian_velocity_interface.cpp.o[0m
[1.727s] [ 27%] [32mBuilding CXX object CMakeFiles/franka_semantic_components.dir/src/franka_cartesian_pose_interface.cpp.o[0m
[1.727s] [ 31%] [32mBuilding CXX object CMakeFiles/franka_semantic_components.dir/src/franka_semantic_component_interface.cpp.o[0m
[1.728s] [ 36%] [32mBuilding CXX object CMakeFiles/franka_semantic_components.dir/src/translation_utils.cpp.o[0m
[1.729s] [ 40%] [32mBuilding CXX object CMakeFiles/franka_semantic_components.dir/src/franka_robot_model.cpp.o[0m
[2.724s] [ 45%] [32m[1mLinking CXX static library libgmock_main.a[0m
[2.758s] [ 45%] Built target gmock_main
[2.975s] [ 50%] [32m[1mLinking CXX shared library libfranka_semantic_components.so[0m
[3.071s] [ 50%] Built target franka_semantic_components
[5.683s] [ 54%] [32m[1mLinking CXX static library libgmock.a[0m
[5.719s] [ 54%] Built target gmock
[5.730s] [ 63%] [32mBuilding CXX object CMakeFiles/test_franka_robot_model.dir/test/franka_robot_model_test.cpp.o[0m
[5.730s] [ 63%] [32mBuilding CXX object CMakeFiles/test_franka_robot_state.dir/test/franka_robot_state_test.cpp.o[0m
[5.730s] [ 68%] [32mBuilding CXX object CMakeFiles/franka_semantic_component_interface_test.dir/test/franka_semantic_interface_test.cpp.o[0m
[5.730s] [ 72%] [32mBuilding CXX object CMakeFiles/franka_cartesian_velocity_interface_test.dir/test/franka_cartesian_velocity_interface_test.cpp.o[0m
[5.730s] [ 77%] [32mBuilding CXX object CMakeFiles/franka_cartesian_pose_interface_test.dir/test/franka_cartesian_pose_interface_test.cpp.o[0m
[7.271s] [ 81%] [32m[1mLinking CXX executable franka_semantic_component_interface_test[0m
[7.376s] [ 81%] Built target franka_semantic_component_interface_test
[7.383s] [ 86%] [32m[1mLinking CXX executable franka_cartesian_velocity_interface_test[0m
[7.487s] [ 86%] Built target franka_cartesian_velocity_interface_test
[7.516s] [ 90%] [32m[1mLinking CXX executable test_franka_robot_state[0m
[7.624s] [ 90%] Built target test_franka_robot_state
[7.652s] [ 95%] [32m[1mLinking CXX executable franka_cartesian_pose_interface_test[0m
[7.756s] [ 95%] Built target franka_cartesian_pose_interface_test
[7.983s] [100%] [32m[1mLinking CXX executable test_franka_robot_model[0m
[8.097s] [100%] Built target test_franka_robot_model
[8.102s] Invoked command in '/home/ros2_ws/build/franka_semantic_components' returned '0': AMENT_PREFIX_PATH=/home/ros2_ws/install/franka_hardware:/home/ros2_ws/install/franka_msgs:${AMENT_PREFIX_PATH} CMAKE_PREFIX_PATH=/home/ros2_ws/install/franka_hardware:/home/ros2_ws/install/franka_msgs:/opt/ros/humble LD_LIBRARY_PATH=/home/ros2_ws/install/franka_hardware/lib:/home/ros2_ws/install/franka_msgs/lib:${LD_LIBRARY_PATH} PYTHONPATH=/home/ros2_ws/install/franka_msgs/local/lib/python3.10/dist-packages:${PYTHONPATH} /usr/bin/cmake --build /home/ros2_ws/build/franka_semantic_components -- -j20 -l20
[8.149s] Invoking command in '/home/ros2_ws/build/franka_semantic_components': AMENT_PREFIX_PATH=/home/ros2_ws/install/franka_hardware:/home/ros2_ws/install/franka_msgs:${AMENT_PREFIX_PATH} CMAKE_PREFIX_PATH=/home/ros2_ws/install/franka_hardware:/home/ros2_ws/install/franka_msgs:/opt/ros/humble LD_LIBRARY_PATH=/home/ros2_ws/install/franka_hardware/lib:/home/ros2_ws/install/franka_msgs/lib:${LD_LIBRARY_PATH} PYTHONPATH=/home/ros2_ws/install/franka_msgs/local/lib/python3.10/dist-packages:${PYTHONPATH} /usr/bin/cmake --install /home/ros2_ws/build/franka_semantic_components
[8.163s] -- Install configuration: "Release"
[8.163s] -- Installing: /home/ros2_ws/install/franka_semantic_components/lib/libfranka_semantic_components.so
[8.163s] -- Set runtime path of "/home/ros2_ws/install/franka_semantic_components/lib/libfranka_semantic_components.so" to ""
[8.164s] -- Installing: /home/ros2_ws/install/franka_semantic_components/include
[8.164s] -- Installing: /home/ros2_ws/install/franka_semantic_components/include/franka_semantic_components
[8.164s] -- Installing: /home/ros2_ws/install/franka_semantic_components/include/franka_semantic_components/franka_semantic_component_interface.hpp
[8.164s] -- Installing: /home/ros2_ws/install/franka_semantic_components/include/franka_semantic_components/franka_robot_model.hpp
[8.164s] -- Installing: /home/ros2_ws/install/franka_semantic_components/include/franka_semantic_components/franka_robot_state.hpp
[8.164s] -- Installing: /home/ros2_ws/install/franka_semantic_components/include/franka_semantic_components/franka_cartesian_velocity_interface.hpp
[8.164s] -- Installing: /home/ros2_ws/install/franka_semantic_components/include/franka_semantic_components/franka_cartesian_pose_interface.hpp
[8.164s] -- Installing: /home/ros2_ws/install/franka_semantic_components/share/franka_semantic_components/robot_description_test.txt
[8.164s] -- Installing: /home/ros2_ws/install/franka_semantic_components/share/franka_semantic_components/environment/library_path.sh
[8.164s] -- Installing: /home/ros2_ws/install/franka_semantic_components/share/franka_semantic_components/environment/library_path.dsv
[8.164s] -- Installing: /home/ros2_ws/install/franka_semantic_components/share/ament_index/resource_index/package_run_dependencies/franka_semantic_components
[8.164s] -- Installing: /home/ros2_ws/install/franka_semantic_components/share/ament_index/resource_index/parent_prefix_path/franka_semantic_components
[8.165s] -- Installing: /home/ros2_ws/install/franka_semantic_components/share/franka_semantic_components/environment/ament_prefix_path.sh
[8.165s] -- Installing: /home/ros2_ws/install/franka_semantic_components/share/franka_semantic_components/environment/ament_prefix_path.dsv
[8.165s] -- Installing: /home/ros2_ws/install/franka_semantic_components/share/franka_semantic_components/environment/path.sh
[8.165s] -- Installing: /home/ros2_ws/install/franka_semantic_components/share/franka_semantic_components/environment/path.dsv
[8.165s] -- Installing: /home/ros2_ws/install/franka_semantic_components/share/franka_semantic_components/local_setup.bash
[8.165s] -- Installing: /home/ros2_ws/install/franka_semantic_components/share/franka_semantic_components/local_setup.sh
[8.165s] -- Installing: /home/ros2_ws/install/franka_semantic_components/share/franka_semantic_components/local_setup.zsh
[8.165s] -- Installing: /home/ros2_ws/install/franka_semantic_components/share/franka_semantic_components/local_setup.dsv
[8.165s] -- Installing: /home/ros2_ws/install/franka_semantic_components/share/franka_semantic_components/package.dsv
[8.165s] -- Installing: /home/ros2_ws/install/franka_semantic_components/share/ament_index/resource_index/packages/franka_semantic_components
[8.165s] -- Installing: /home/ros2_ws/install/franka_semantic_components/share/franka_semantic_components/cmake/ament_cmake_export_include_directories-extras.cmake
[8.165s] -- Installing: /home/ros2_ws/install/franka_semantic_components/share/franka_semantic_components/cmake/ament_cmake_export_libraries-extras.cmake
[8.166s] -- Installing: /home/ros2_ws/install/franka_semantic_components/share/franka_semantic_components/cmake/ament_cmake_export_dependencies-extras.cmake
[8.166s] -- Installing: /home/ros2_ws/install/franka_semantic_components/share/franka_semantic_components/cmake/franka_semantic_componentsConfig.cmake
[8.166s] -- Installing: /home/ros2_ws/install/franka_semantic_components/share/franka_semantic_components/cmake/franka_semantic_componentsConfig-version.cmake
[8.166s] -- Installing: /home/ros2_ws/install/franka_semantic_components/share/franka_semantic_components/package.xml
[8.168s] Invoked command in '/home/ros2_ws/build/franka_semantic_components' returned '0': AMENT_PREFIX_PATH=/home/ros2_ws/install/franka_hardware:/home/ros2_ws/install/franka_msgs:${AMENT_PREFIX_PATH} CMAKE_PREFIX_PATH=/home/ros2_ws/install/franka_hardware:/home/ros2_ws/install/franka_msgs:/opt/ros/humble LD_LIBRARY_PATH=/home/ros2_ws/install/franka_hardware/lib:/home/ros2_ws/install/franka_msgs/lib:${LD_LIBRARY_PATH} PYTHONPATH=/home/ros2_ws/install/franka_msgs/local/lib/python3.10/dist-packages:${PYTHONPATH} /usr/bin/cmake --install /home/ros2_ws/build/franka_semantic_components
