[0.010s] Invoking command in '/home/ros2_ws/build/franka_gripper': AMENT_PREFIX_PATH=/home/ros2_ws/install/franka_msgs:${AMENT_PREFIX_PATH} CMAKE_PREFIX_PATH=/home/ros2_ws/install/franka_msgs:/opt/ros/humble LD_LIBRARY_PATH=/home/ros2_ws/install/franka_msgs/lib:${LD_LIBRARY_PATH} PYTHONPATH=/home/ros2_ws/install/franka_msgs/local/lib/python3.10/dist-packages:${PYTHONPATH} /usr/bin/cmake /home/ros2_ws/src/franka_ros2/franka_gripper -DCMAKE_BUILD_TYPE=Release -DCMAKE_INSTALL_PREFIX=/home/ros2_ws/install/franka_gripper
[0.034s] -- The C compiler identification is GNU 11.4.0
[0.064s] -- The CXX compiler identification is GNU 11.4.0
[0.068s] -- Detecting C compiler ABI info
[0.104s] -- Detecting C compiler ABI info - done
[0.108s] -- Check for working C compiler: /usr/bin/cc - skipped
[0.109s] -- Detecting C compile features
[0.109s] -- Detecting C compile features - done
[0.112s] -- Detecting CXX compiler ABI info
[0.160s] -- Detecting CXX compiler ABI info - done
[0.167s] -- Check for working CXX compiler: /usr/bin/c++ - skipped
[0.167s] -- Detecting CXX compile features
[0.168s] -- Detecting CXX compile features - done
[0.170s] -- Found ament_cmake: 1.3.8 (/opt/ros/humble/share/ament_cmake/cmake)
[0.244s] -- Found Python3: /usr/bin/python3 (found version "3.10.12") found components: Interpreter 
[0.294s] -- Found franka_msgs: 0.1.13 (/home/ros2_ws/install/franka_msgs/share/franka_msgs/cmake)
[0.315s] -- Found rosidl_generator_c: 3.1.5 (/opt/ros/humble/share/rosidl_generator_c/cmake)
[0.318s] -- Found rosidl_adapter: 3.1.5 (/opt/ros/humble/share/rosidl_adapter/cmake)
[0.323s] -- Found rosidl_generator_cpp: 3.1.5 (/opt/ros/humble/share/rosidl_generator_cpp/cmake)
[0.331s] -- Using all available rosidl_typesupport_c: rosidl_typesupport_fastrtps_c;rosidl_typesupport_introspection_c
[0.342s] -- Using all available rosidl_typesupport_cpp: rosidl_typesupport_fastrtps_cpp;rosidl_typesupport_introspection_cpp
[0.530s] -- Found rclcpp: 16.0.8 (/opt/ros/humble/share/rclcpp/cmake)
[0.565s] -- Found rmw_implementation_cmake: 6.1.1 (/opt/ros/humble/share/rmw_implementation_cmake/cmake)
[0.567s] -- Found rmw_fastrtps_cpp: 6.2.6 (/opt/ros/humble/share/rmw_fastrtps_cpp/cmake)
[0.617s] -- Found OpenSSL: /usr/lib/x86_64-linux-gnu/libcrypto.so (found version "3.0.2")  
[0.628s] -- Found FastRTPS: /opt/ros/humble/include  
[0.651s] -- Using RMW implementation 'rmw_fastrtps_cpp' as default
[0.657s] -- Looking for pthread.h
[0.696s] -- Looking for pthread.h - found
[0.696s] -- Performing Test CMAKE_HAVE_LIBC_PTHREAD
[0.735s] -- Performing Test CMAKE_HAVE_LIBC_PTHREAD - Success
[0.735s] -- Found Threads: TRUE  
[0.807s] -- Found rclcpp_action: 16.0.8 (/opt/ros/humble/share/rclcpp_action/cmake)
[0.824s] -- Found rclcpp_components: 16.0.8 (/opt/ros/humble/share/rclcpp_components/cmake)
[0.861s] -- Found std_srvs: 4.2.3 (/opt/ros/humble/share/std_srvs/cmake)
[0.871s] -- Found control_msgs: 4.4.0 (/opt/ros/humble/share/control_msgs/cmake)
[1.074s] -- Found ament_cmake_clang_format: 0.12.10 (/opt/ros/humble/share/ament_cmake_clang_format/cmake)
[1.075s] -- Found ament_cmake_copyright: 0.12.10 (/opt/ros/humble/share/ament_cmake_copyright/cmake)
[1.076s] -- Found ament_cmake_cppcheck: 0.12.10 (/opt/ros/humble/share/ament_cmake_cppcheck/cmake)
[1.077s] -- Found ament_cmake_flake8: 0.12.10 (/opt/ros/humble/share/ament_cmake_flake8/cmake)
[1.078s] -- Found ament_cmake_lint_cmake: 0.12.10 (/opt/ros/humble/share/ament_cmake_lint_cmake/cmake)
[1.079s] -- Found ament_cmake_pep257: 0.12.10 (/opt/ros/humble/share/ament_cmake_pep257/cmake)
[1.080s] -- Found ament_cmake_xmllint: 0.12.10 (/opt/ros/humble/share/ament_cmake_xmllint/cmake)
[1.118s] -- Configuring done
[1.128s] -- Generating done
[1.129s] -- Build files have been written to: /home/ros2_ws/build/franka_gripper
[1.134s] Invoked command in '/home/ros2_ws/build/franka_gripper' returned '0': AMENT_PREFIX_PATH=/home/ros2_ws/install/franka_msgs:${AMENT_PREFIX_PATH} CMAKE_PREFIX_PATH=/home/ros2_ws/install/franka_msgs:/opt/ros/humble LD_LIBRARY_PATH=/home/ros2_ws/install/franka_msgs/lib:${LD_LIBRARY_PATH} PYTHONPATH=/home/ros2_ws/install/franka_msgs/local/lib/python3.10/dist-packages:${PYTHONPATH} /usr/bin/cmake /home/ros2_ws/src/franka_ros2/franka_gripper -DCMAKE_BUILD_TYPE=Release -DCMAKE_INSTALL_PREFIX=/home/ros2_ws/install/franka_gripper
[1.135s] Invoking command in '/home/ros2_ws/build/franka_gripper': AMENT_PREFIX_PATH=/home/ros2_ws/install/franka_msgs:${AMENT_PREFIX_PATH} CMAKE_PREFIX_PATH=/home/ros2_ws/install/franka_msgs:/opt/ros/humble LD_LIBRARY_PATH=/home/ros2_ws/install/franka_msgs/lib:${LD_LIBRARY_PATH} PYTHONPATH=/home/ros2_ws/install/franka_msgs/local/lib/python3.10/dist-packages:${PYTHONPATH} /usr/bin/cmake --build /home/ros2_ws/build/franka_gripper -- -j20 -l20
[1.161s] [ 25%] [32mBuilding CXX object CMakeFiles/franka_gripper_node.dir/rclcpp_components/node_main_franka_gripper_node.cpp.o[0m
[1.161s] [ 50%] [32mBuilding CXX object CMakeFiles/gripper_server.dir/src/gripper_action_server.cpp.o[0m
[1.166s] [ 50%] Built target ament_cmake_python_copy_franka_gripper
[1.270s] running egg_info
[1.270s] creating franka_gripper.egg-info
[1.270s] writing franka_gripper.egg-info/PKG-INFO
[1.271s] writing dependency_links to franka_gripper.egg-info/dependency_links.txt
[1.271s] writing top-level names to franka_gripper.egg-info/top_level.txt
[1.271s] writing manifest file 'franka_gripper.egg-info/SOURCES.txt'
[1.272s] reading manifest file 'franka_gripper.egg-info/SOURCES.txt'
[1.272s] writing manifest file 'franka_gripper.egg-info/SOURCES.txt'
[1.288s] [ 50%] Built target ament_cmake_python_build_franka_gripper_egg
[3.225s] [ 75%] [32m[1mLinking CXX executable franka_gripper_node[0m
[3.290s] [ 75%] Built target franka_gripper_node
[9.252s] [100%] [32m[1mLinking CXX shared library libgripper_server.so[0m
[9.352s] [100%] Built target gripper_server
[9.360s] Invoked command in '/home/ros2_ws/build/franka_gripper' returned '0': AMENT_PREFIX_PATH=/home/ros2_ws/install/franka_msgs:${AMENT_PREFIX_PATH} CMAKE_PREFIX_PATH=/home/ros2_ws/install/franka_msgs:/opt/ros/humble LD_LIBRARY_PATH=/home/ros2_ws/install/franka_msgs/lib:${LD_LIBRARY_PATH} PYTHONPATH=/home/ros2_ws/install/franka_msgs/local/lib/python3.10/dist-packages:${PYTHONPATH} /usr/bin/cmake --build /home/ros2_ws/build/franka_gripper -- -j20 -l20
[9.374s] Invoking command in '/home/ros2_ws/build/franka_gripper': AMENT_PREFIX_PATH=/home/ros2_ws/install/franka_msgs:${AMENT_PREFIX_PATH} CMAKE_PREFIX_PATH=/home/ros2_ws/install/franka_msgs:/opt/ros/humble LD_LIBRARY_PATH=/home/ros2_ws/install/franka_msgs/lib:${LD_LIBRARY_PATH} PYTHONPATH=/home/ros2_ws/install/franka_msgs/local/lib/python3.10/dist-packages:${PYTHONPATH} /usr/bin/cmake --install /home/ros2_ws/build/franka_gripper
[9.377s] -- Install configuration: "Release"
[9.377s] -- Installing: /home/ros2_ws/install/franka_gripper/lib/franka_gripper/franka_gripper_node
[9.378s] -- Set runtime path of "/home/ros2_ws/install/franka_gripper/lib/franka_gripper/franka_gripper_node" to ""
[9.378s] -- Installing: /home/ros2_ws/install/franka_gripper/lib/libgripper_server.so
[9.378s] -- Set runtime path of "/home/ros2_ws/install/franka_gripper/lib/libgripper_server.so" to ""
[9.379s] -- Installing: /home/ros2_ws/install/franka_gripper/share/franka_gripper//launch
[9.379s] -- Installing: /home/ros2_ws/install/franka_gripper/share/franka_gripper//launch/gripper.launch.py
[9.379s] -- Installing: /home/ros2_ws/install/franka_gripper/share/franka_gripper//config
[9.379s] -- Installing: /home/ros2_ws/install/franka_gripper/share/franka_gripper//config/franka_gripper_node.yaml
[9.379s] -- Installing: /home/ros2_ws/install/franka_gripper/share/franka_gripper/environment/pythonpath.sh
[9.379s] -- Installing: /home/ros2_ws/install/franka_gripper/share/franka_gripper/environment/pythonpath.dsv
[9.379s] -- Installing: /home/ros2_ws/install/franka_gripper/local/lib/python3.10/dist-packages/franka_gripper-0.1.13-py3.10.egg-info
[9.379s] -- Installing: /home/ros2_ws/install/franka_gripper/local/lib/python3.10/dist-packages/franka_gripper-0.1.13-py3.10.egg-info/dependency_links.txt
[9.379s] -- Installing: /home/ros2_ws/install/franka_gripper/local/lib/python3.10/dist-packages/franka_gripper-0.1.13-py3.10.egg-info/SOURCES.txt
[9.379s] -- Installing: /home/ros2_ws/install/franka_gripper/local/lib/python3.10/dist-packages/franka_gripper-0.1.13-py3.10.egg-info/top_level.txt
[9.379s] -- Installing: /home/ros2_ws/install/franka_gripper/local/lib/python3.10/dist-packages/franka_gripper-0.1.13-py3.10.egg-info/PKG-INFO
[9.379s] -- Installing: /home/ros2_ws/install/franka_gripper/local/lib/python3.10/dist-packages/franka_gripper
[9.379s] -- Installing: /home/ros2_ws/install/franka_gripper/local/lib/python3.10/dist-packages/franka_gripper/__init__.py
[9.396s] Listing '/home/ros2_ws/install/franka_gripper/local/lib/python3.10/dist-packages/franka_gripper'...
[9.397s] Compiling '/home/ros2_ws/install/franka_gripper/local/lib/python3.10/dist-packages/franka_gripper/__init__.py'...
[9.399s] -- Installing: /home/ros2_ws/install/franka_gripper/lib/franka_gripper/fake_gripper_state_publisher.py
[9.399s] -- Installing: /home/ros2_ws/install/franka_gripper/share/ament_index/resource_index/package_run_dependencies/franka_gripper
[9.399s] -- Installing: /home/ros2_ws/install/franka_gripper/share/ament_index/resource_index/parent_prefix_path/franka_gripper
[9.399s] -- Installing: /home/ros2_ws/install/franka_gripper/share/franka_gripper/environment/ament_prefix_path.sh
[9.400s] -- Installing: /home/ros2_ws/install/franka_gripper/share/franka_gripper/environment/ament_prefix_path.dsv
[9.400s] -- Installing: /home/ros2_ws/install/franka_gripper/share/franka_gripper/environment/path.sh
[9.400s] -- Installing: /home/ros2_ws/install/franka_gripper/share/franka_gripper/environment/path.dsv
[9.400s] -- Installing: /home/ros2_ws/install/franka_gripper/share/franka_gripper/local_setup.bash
[9.400s] -- Installing: /home/ros2_ws/install/franka_gripper/share/franka_gripper/local_setup.sh
[9.400s] -- Installing: /home/ros2_ws/install/franka_gripper/share/franka_gripper/local_setup.zsh
[9.400s] -- Installing: /home/ros2_ws/install/franka_gripper/share/franka_gripper/local_setup.dsv
[9.400s] -- Installing: /home/ros2_ws/install/franka_gripper/share/franka_gripper/package.dsv
[9.400s] -- Installing: /home/ros2_ws/install/franka_gripper/share/ament_index/resource_index/packages/franka_gripper
[9.400s] -- Installing: /home/ros2_ws/install/franka_gripper/share/ament_index/resource_index/rclcpp_components/franka_gripper
[9.400s] -- Installing: /home/ros2_ws/install/franka_gripper/share/franka_gripper/cmake/franka_gripperConfig.cmake
[9.400s] -- Installing: /home/ros2_ws/install/franka_gripper/share/franka_gripper/cmake/franka_gripperConfig-version.cmake
[9.400s] -- Installing: /home/ros2_ws/install/franka_gripper/share/franka_gripper/package.xml
[9.402s] Invoked command in '/home/ros2_ws/build/franka_gripper' returned '0': AMENT_PREFIX_PATH=/home/ros2_ws/install/franka_msgs:${AMENT_PREFIX_PATH} CMAKE_PREFIX_PATH=/home/ros2_ws/install/franka_msgs:/opt/ros/humble LD_LIBRARY_PATH=/home/ros2_ws/install/franka_msgs/lib:${LD_LIBRARY_PATH} PYTHONPATH=/home/ros2_ws/install/franka_msgs/local/lib/python3.10/dist-packages:${PYTHONPATH} /usr/bin/cmake --install /home/ros2_ws/build/franka_gripper
