[0.017s] Invoking command in '/home/ros2_ws/build/franka_bringup': AMENT_PREFIX_PATH=/home/ros2_ws/install/franka_robot_state_broadcaster:/home/ros2_ws/install/franka_semantic_components:/home/ros2_ws/install/franka_hardware:/home/ros2_ws/install/franka_msgs:/home/ros2_ws/install/franka_description:${AMENT_PREFIX_PATH} CMAKE_PREFIX_PATH=/home/ros2_ws/install/franka_robot_state_broadcaster:/home/ros2_ws/install/franka_semantic_components:/home/ros2_ws/install/franka_hardware:/home/ros2_ws/install/franka_msgs:/home/ros2_ws/install/franka_description:/opt/ros/humble LD_LIBRARY_PATH=/home/ros2_ws/install/franka_robot_state_broadcaster/lib:/home/ros2_ws/install/franka_semantic_components/lib:/home/ros2_ws/install/franka_hardware/lib:/home/ros2_ws/install/franka_msgs/lib:${LD_LIBRARY_PATH} PYTHONPATH=/home/ros2_ws/install/franka_msgs/local/lib/python3.10/dist-packages:${PYTHONPATH} /usr/bin/cmake /home/ros2_ws/src/franka_ros2/franka_bringup -DCMAKE_BUILD_TYPE=Release -DCMAKE_INSTALL_PREFIX=/home/ros2_ws/install/franka_bringup
[0.075s] -- The C compiler identification is GNU 11.4.0
[0.104s] -- The CXX compiler identification is GNU 11.4.0
[0.108s] -- Detecting C compiler ABI info
[0.150s] -- Detecting C compiler ABI info - done
[0.154s] -- Check for working C compiler: /usr/bin/cc - skipped
[0.154s] -- Detecting C compile features
[0.154s] -- Detecting C compile features - done
[0.156s] -- Detecting CXX compiler ABI info
[0.206s] -- Detecting CXX compiler ABI info - done
[0.210s] -- Check for working CXX compiler: /usr/bin/c++ - skipped
[0.210s] -- Detecting CXX compile features
[0.210s] -- Detecting CXX compile features - done
[0.212s] -- Found ament_cmake: 1.3.8 (/opt/ros/humble/share/ament_cmake/cmake)
[0.289s] -- Found Python3: /usr/bin/python3 (found version "3.10.12") found components: Interpreter 
[0.339s] -- Found ament_lint_auto: 0.12.10 (/opt/ros/humble/share/ament_lint_auto/cmake)
[0.381s] -- Added test 'copyright' to check source files copyright and LICENSE
[0.382s] -- Added test 'flake8' to check Python code syntax and style conventions
[0.382s] -- Added test 'lint_cmake' to check CMake code style
[0.383s] -- Added test 'pep257' to check Python code against some of the docstring style conventions in PEP 257
[0.383s] -- Added test 'xmllint' to check XML markup files
[0.384s] -- Configuring done
[0.385s] -- Generating done
[0.385s] -- Build files have been written to: /home/ros2_ws/build/franka_bringup
[0.388s] Invoked command in '/home/ros2_ws/build/franka_bringup' returned '0': AMENT_PREFIX_PATH=/home/ros2_ws/install/franka_robot_state_broadcaster:/home/ros2_ws/install/franka_semantic_components:/home/ros2_ws/install/franka_hardware:/home/ros2_ws/install/franka_msgs:/home/ros2_ws/install/franka_description:${AMENT_PREFIX_PATH} CMAKE_PREFIX_PATH=/home/ros2_ws/install/franka_robot_state_broadcaster:/home/ros2_ws/install/franka_semantic_components:/home/ros2_ws/install/franka_hardware:/home/ros2_ws/install/franka_msgs:/home/ros2_ws/install/franka_description:/opt/ros/humble LD_LIBRARY_PATH=/home/ros2_ws/install/franka_robot_state_broadcaster/lib:/home/ros2_ws/install/franka_semantic_components/lib:/home/ros2_ws/install/franka_hardware/lib:/home/ros2_ws/install/franka_msgs/lib:${LD_LIBRARY_PATH} PYTHONPATH=/home/ros2_ws/install/franka_msgs/local/lib/python3.10/dist-packages:${PYTHONPATH} /usr/bin/cmake /home/ros2_ws/src/franka_ros2/franka_bringup -DCMAKE_BUILD_TYPE=Release -DCMAKE_INSTALL_PREFIX=/home/ros2_ws/install/franka_bringup
[0.389s] Invoking command in '/home/ros2_ws/build/franka_bringup': AMENT_PREFIX_PATH=/home/ros2_ws/install/franka_robot_state_broadcaster:/home/ros2_ws/install/franka_semantic_components:/home/ros2_ws/install/franka_hardware:/home/ros2_ws/install/franka_msgs:/home/ros2_ws/install/franka_description:${AMENT_PREFIX_PATH} CMAKE_PREFIX_PATH=/home/ros2_ws/install/franka_robot_state_broadcaster:/home/ros2_ws/install/franka_semantic_components:/home/ros2_ws/install/franka_hardware:/home/ros2_ws/install/franka_msgs:/home/ros2_ws/install/franka_description:/opt/ros/humble LD_LIBRARY_PATH=/home/ros2_ws/install/franka_robot_state_broadcaster/lib:/home/ros2_ws/install/franka_semantic_components/lib:/home/ros2_ws/install/franka_hardware/lib:/home/ros2_ws/install/franka_msgs/lib:${LD_LIBRARY_PATH} PYTHONPATH=/home/ros2_ws/install/franka_msgs/local/lib/python3.10/dist-packages:${PYTHONPATH} /usr/bin/cmake --build /home/ros2_ws/build/franka_bringup -- -j20 -l20
[0.408s] Invoked command in '/home/ros2_ws/build/franka_bringup' returned '0': AMENT_PREFIX_PATH=/home/ros2_ws/install/franka_robot_state_broadcaster:/home/ros2_ws/install/franka_semantic_components:/home/ros2_ws/install/franka_hardware:/home/ros2_ws/install/franka_msgs:/home/ros2_ws/install/franka_description:${AMENT_PREFIX_PATH} CMAKE_PREFIX_PATH=/home/ros2_ws/install/franka_robot_state_broadcaster:/home/ros2_ws/install/franka_semantic_components:/home/ros2_ws/install/franka_hardware:/home/ros2_ws/install/franka_msgs:/home/ros2_ws/install/franka_description:/opt/ros/humble LD_LIBRARY_PATH=/home/ros2_ws/install/franka_robot_state_broadcaster/lib:/home/ros2_ws/install/franka_semantic_components/lib:/home/ros2_ws/install/franka_hardware/lib:/home/ros2_ws/install/franka_msgs/lib:${LD_LIBRARY_PATH} PYTHONPATH=/home/ros2_ws/install/franka_msgs/local/lib/python3.10/dist-packages:${PYTHONPATH} /usr/bin/cmake --build /home/ros2_ws/build/franka_bringup -- -j20 -l20
[0.418s] Invoking command in '/home/ros2_ws/build/franka_bringup': AMENT_PREFIX_PATH=/home/ros2_ws/install/franka_robot_state_broadcaster:/home/ros2_ws/install/franka_semantic_components:/home/ros2_ws/install/franka_hardware:/home/ros2_ws/install/franka_msgs:/home/ros2_ws/install/franka_description:${AMENT_PREFIX_PATH} CMAKE_PREFIX_PATH=/home/ros2_ws/install/franka_robot_state_broadcaster:/home/ros2_ws/install/franka_semantic_components:/home/ros2_ws/install/franka_hardware:/home/ros2_ws/install/franka_msgs:/home/ros2_ws/install/franka_description:/opt/ros/humble LD_LIBRARY_PATH=/home/ros2_ws/install/franka_robot_state_broadcaster/lib:/home/ros2_ws/install/franka_semantic_components/lib:/home/ros2_ws/install/franka_hardware/lib:/home/ros2_ws/install/franka_msgs/lib:${LD_LIBRARY_PATH} PYTHONPATH=/home/ros2_ws/install/franka_msgs/local/lib/python3.10/dist-packages:${PYTHONPATH} /usr/bin/cmake --install /home/ros2_ws/build/franka_bringup
[0.421s] -- Install configuration: "Release"
[0.421s] -- Installing: /home/ros2_ws/install/franka_bringup/share/franka_bringup/config
[0.421s] -- Installing: /home/ros2_ws/install/franka_bringup/share/franka_bringup/config/controllers.yaml
[0.421s] -- Installing: /home/ros2_ws/install/franka_bringup/share/franka_bringup/launch
[0.421s] -- Installing: /home/ros2_ws/install/franka_bringup/share/franka_bringup/launch/move_to_start_example_controller.launch.py
[0.421s] -- Installing: /home/ros2_ws/install/franka_bringup/share/franka_bringup/launch/cartesian_velocity_example_controller.launch.py
[0.421s] -- Installing: /home/ros2_ws/install/franka_bringup/share/franka_bringup/launch/cartesian_elbow_example_controller.launch.py
[0.421s] -- Installing: /home/ros2_ws/install/franka_bringup/share/franka_bringup/launch/franka.launch.py
[0.422s] -- Installing: /home/ros2_ws/install/franka_bringup/share/franka_bringup/launch/joint_position_example_controller.launch.py
[0.422s] -- Installing: /home/ros2_ws/install/franka_bringup/share/franka_bringup/launch/joint_impedance_with_ik_example_controller.launch.py
[0.422s] -- Installing: /home/ros2_ws/install/franka_bringup/share/franka_bringup/launch/gravity_compensation_example_controller.launch.py
[0.422s] -- Installing: /home/ros2_ws/install/franka_bringup/share/franka_bringup/launch/elbow_example_controller.launch.py
[0.422s] -- Installing: /home/ros2_ws/install/franka_bringup/share/franka_bringup/launch/joint_impedance_example_controller.launch.py
[0.422s] -- Installing: /home/ros2_ws/install/franka_bringup/share/franka_bringup/launch/model_example_controller.launch.py
[0.422s] -- Installing: /home/ros2_ws/install/franka_bringup/share/franka_bringup/launch/joint_velocity_example_controller.launch.py
[0.422s] -- Installing: /home/ros2_ws/install/franka_bringup/share/franka_bringup/launch/cartesian_pose_example_controller.launch.py
[0.422s] -- Installing: /home/ros2_ws/install/franka_bringup/share/franka_bringup/launch/cartesian_orientation_example_controller.launch.py
[0.422s] -- Installing: /home/ros2_ws/install/franka_bringup/share/ament_index/resource_index/package_run_dependencies/franka_bringup
[0.422s] -- Installing: /home/ros2_ws/install/franka_bringup/share/ament_index/resource_index/parent_prefix_path/franka_bringup
[0.422s] -- Installing: /home/ros2_ws/install/franka_bringup/share/franka_bringup/environment/ament_prefix_path.sh
[0.422s] -- Installing: /home/ros2_ws/install/franka_bringup/share/franka_bringup/environment/ament_prefix_path.dsv
[0.422s] -- Installing: /home/ros2_ws/install/franka_bringup/share/franka_bringup/environment/path.sh
[0.422s] -- Installing: /home/ros2_ws/install/franka_bringup/share/franka_bringup/environment/path.dsv
[0.422s] -- Installing: /home/ros2_ws/install/franka_bringup/share/franka_bringup/local_setup.bash
[0.422s] -- Installing: /home/ros2_ws/install/franka_bringup/share/franka_bringup/local_setup.sh
[0.422s] -- Installing: /home/ros2_ws/install/franka_bringup/share/franka_bringup/local_setup.zsh
[0.422s] -- Installing: /home/ros2_ws/install/franka_bringup/share/franka_bringup/local_setup.dsv
[0.422s] -- Installing: /home/ros2_ws/install/franka_bringup/share/franka_bringup/package.dsv
[0.422s] -- Installing: /home/ros2_ws/install/franka_bringup/share/ament_index/resource_index/packages/franka_bringup
[0.422s] -- Installing: /home/ros2_ws/install/franka_bringup/share/franka_bringup/cmake/franka_bringupConfig.cmake
[0.422s] -- Installing: /home/ros2_ws/install/franka_bringup/share/franka_bringup/cmake/franka_bringupConfig-version.cmake
[0.423s] -- Installing: /home/ros2_ws/install/franka_bringup/share/franka_bringup/package.xml
[0.424s] Invoked command in '/home/ros2_ws/build/franka_bringup' returned '0': AMENT_PREFIX_PATH=/home/ros2_ws/install/franka_robot_state_broadcaster:/home/ros2_ws/install/franka_semantic_components:/home/ros2_ws/install/franka_hardware:/home/ros2_ws/install/franka_msgs:/home/ros2_ws/install/franka_description:${AMENT_PREFIX_PATH} CMAKE_PREFIX_PATH=/home/ros2_ws/install/franka_robot_state_broadcaster:/home/ros2_ws/install/franka_semantic_components:/home/ros2_ws/install/franka_hardware:/home/ros2_ws/install/franka_msgs:/home/ros2_ws/install/franka_description:/opt/ros/humble LD_LIBRARY_PATH=/home/ros2_ws/install/franka_robot_state_broadcaster/lib:/home/ros2_ws/install/franka_semantic_components/lib:/home/ros2_ws/install/franka_hardware/lib:/home/ros2_ws/install/franka_msgs/lib:${LD_LIBRARY_PATH} PYTHONPATH=/home/ros2_ws/install/franka_msgs/local/lib/python3.10/dist-packages:${PYTHONPATH} /usr/bin/cmake --install /home/ros2_ws/build/franka_bringup
