[0.009s] Invoking command in '/home/ros2_ws/build/franka_example_controllers': AMENT_PREFIX_PATH=/home/ros2_ws/install/franka_semantic_components:/home/ros2_ws/install/franka_hardware:/home/ros2_ws/install/franka_msgs:${AMENT_PREFIX_PATH} CMAKE_PREFIX_PATH=/home/ros2_ws/install/franka_semantic_components:/home/ros2_ws/install/franka_hardware:/home/ros2_ws/install/franka_msgs:/opt/ros/humble LD_LIBRARY_PATH=/home/ros2_ws/install/franka_semantic_components/lib:/home/ros2_ws/install/franka_hardware/lib:/home/ros2_ws/install/franka_msgs/lib:${LD_LIBRARY_PATH} PYTHONPATH=/home/ros2_ws/install/franka_msgs/local/lib/python3.10/dist-packages:${PYTHONPATH} /usr/bin/cmake --build /home/ros2_ws/build/franka_example_controllers -- -j20 -l20
[0.032s] [35m[1mConsolidate compiler generated dependencies of target gmock_main[0m
[0.032s] [35m[1mConsolidate compiler generated dependencies of target gmock[0m
[0.037s] [  3%] Built target franka_example_controllers_parameters
[0.039s] [ 10%] Built target gmock_main
[0.040s] [ 21%] Built target gmock
[0.046s] [35m[1mConsolidate compiler generated dependencies of target franka_example_controllers_test[0m
[0.046s] [35m[1mConsolidate compiler generated dependencies of target franka_example_controllers_test_load_move_to_start[0m
[0.049s] [35m[1mConsolidate compiler generated dependencies of target franka_example_controllers[0m
[0.058s] [ 32%] Built target franka_example_controllers_test
[0.058s] [ 35%] Built target franka_example_controllers_test_load_move_to_start
[0.078s] [ 85%] Built target franka_example_controllers
[0.084s] [35m[1mConsolidate compiler generated dependencies of target franka_example_controllers_gravity_test[0m
[0.084s] [35m[1mConsolidate compiler generated dependencies of target franka_example_controllers_move_to_start_test[0m
[0.094s] [ 92%] Built target franka_example_controllers_gravity_test
[0.095s] [100%] Built target franka_example_controllers_move_to_start_test
[0.101s] Invoked command in '/home/ros2_ws/build/franka_example_controllers' returned '0': AMENT_PREFIX_PATH=/home/ros2_ws/install/franka_semantic_components:/home/ros2_ws/install/franka_hardware:/home/ros2_ws/install/franka_msgs:${AMENT_PREFIX_PATH} CMAKE_PREFIX_PATH=/home/ros2_ws/install/franka_semantic_components:/home/ros2_ws/install/franka_hardware:/home/ros2_ws/install/franka_msgs:/opt/ros/humble LD_LIBRARY_PATH=/home/ros2_ws/install/franka_semantic_components/lib:/home/ros2_ws/install/franka_hardware/lib:/home/ros2_ws/install/franka_msgs/lib:${LD_LIBRARY_PATH} PYTHONPATH=/home/ros2_ws/install/franka_msgs/local/lib/python3.10/dist-packages:${PYTHONPATH} /usr/bin/cmake --build /home/ros2_ws/build/franka_example_controllers -- -j20 -l20
[0.130s] Invoking command in '/home/ros2_ws/build/franka_example_controllers': AMENT_PREFIX_PATH=/home/ros2_ws/install/franka_semantic_components:/home/ros2_ws/install/franka_hardware:/home/ros2_ws/install/franka_msgs:${AMENT_PREFIX_PATH} CMAKE_PREFIX_PATH=/home/ros2_ws/install/franka_semantic_components:/home/ros2_ws/install/franka_hardware:/home/ros2_ws/install/franka_msgs:/opt/ros/humble LD_LIBRARY_PATH=/home/ros2_ws/install/franka_semantic_components/lib:/home/ros2_ws/install/franka_hardware/lib:/home/ros2_ws/install/franka_msgs/lib:${LD_LIBRARY_PATH} PYTHONPATH=/home/ros2_ws/install/franka_msgs/local/lib/python3.10/dist-packages:${PYTHONPATH} /usr/bin/cmake --install /home/ros2_ws/build/franka_example_controllers
[0.133s] -- Install configuration: "Release"
[0.133s] -- Up-to-date: /home/ros2_ws/install/franka_example_controllers/include/franka_example_controllers_parameters
[0.133s] -- Up-to-date: /home/ros2_ws/install/franka_example_controllers/include/franka_example_controllers_parameters/franka_example_controllers_parameters.hpp
[0.133s] -- Up-to-date: /home/ros2_ws/install/franka_example_controllers/share/franka_example_controllers/franka_example_controllers.xml
[0.133s] -- Up-to-date: /home/ros2_ws/install/franka_example_controllers/lib/libfranka_example_controllers.so
[0.133s] -- Up-to-date: /home/ros2_ws/install/franka_example_controllers/include
[0.133s] -- Up-to-date: /home/ros2_ws/install/franka_example_controllers/include/franka_example_controllers
[0.133s] -- Up-to-date: /home/ros2_ws/install/franka_example_controllers/include/franka_example_controllers/elbow_example_controller.hpp
[0.133s] -- Up-to-date: /home/ros2_ws/install/franka_example_controllers/include/franka_example_controllers/visibility_control.h
[0.133s] -- Up-to-date: /home/ros2_ws/install/franka_example_controllers/include/franka_example_controllers/gravity_compensation_example_controller.hpp
[0.133s] -- Up-to-date: /home/ros2_ws/install/franka_example_controllers/include/franka_example_controllers/joint_impedance_example_controller.hpp
[0.134s] -- Up-to-date: /home/ros2_ws/install/franka_example_controllers/include/franka_example_controllers/motion_generator.hpp
[0.134s] -- Up-to-date: /home/ros2_ws/install/franka_example_controllers/include/franka_example_controllers/joint_position_example_controller.hpp
[0.134s] -- Up-to-date: /home/ros2_ws/install/franka_example_controllers/include/franka_example_controllers/cartesian_velocity_example_controller.hpp
[0.134s] -- Up-to-date: /home/ros2_ws/install/franka_example_controllers/include/franka_example_controllers/joint_impedance_with_ik_example_controller.hpp
[0.134s] -- Up-to-date: /home/ros2_ws/install/franka_example_controllers/include/franka_example_controllers/move_to_start_example_controller.hpp
[0.134s] -- Up-to-date: /home/ros2_ws/install/franka_example_controllers/include/franka_example_controllers/cartesian_elbow_example_controller.hpp
[0.134s] -- Up-to-date: /home/ros2_ws/install/franka_example_controllers/include/franka_example_controllers/default_robot_behavior_utils.hpp
[0.134s] -- Up-to-date: /home/ros2_ws/install/franka_example_controllers/include/franka_example_controllers/joint_velocity_example_controller.hpp
[0.134s] -- Up-to-date: /home/ros2_ws/install/franka_example_controllers/include/franka_example_controllers/cartesian_orientation_example_controller.hpp
[0.134s] -- Up-to-date: /home/ros2_ws/install/franka_example_controllers/include/franka_example_controllers/cartesian_pose_example_controller.hpp
[0.134s] -- Up-to-date: /home/ros2_ws/install/franka_example_controllers/include/franka_example_controllers/model_example_controller.hpp
[0.134s] -- Up-to-date: /home/ros2_ws/install/franka_example_controllers/share/franka_example_controllers/environment/library_path.sh
[0.134s] -- Up-to-date: /home/ros2_ws/install/franka_example_controllers/share/franka_example_controllers/environment/library_path.dsv
[0.134s] -- Up-to-date: /home/ros2_ws/install/franka_example_controllers/share/ament_index/resource_index/package_run_dependencies/franka_example_controllers
[0.134s] -- Up-to-date: /home/ros2_ws/install/franka_example_controllers/share/ament_index/resource_index/parent_prefix_path/franka_example_controllers
[0.134s] -- Up-to-date: /home/ros2_ws/install/franka_example_controllers/share/franka_example_controllers/environment/ament_prefix_path.sh
[0.134s] -- Up-to-date: /home/ros2_ws/install/franka_example_controllers/share/franka_example_controllers/environment/ament_prefix_path.dsv
[0.134s] -- Up-to-date: /home/ros2_ws/install/franka_example_controllers/share/franka_example_controllers/environment/path.sh
[0.134s] -- Up-to-date: /home/ros2_ws/install/franka_example_controllers/share/franka_example_controllers/environment/path.dsv
[0.134s] -- Up-to-date: /home/ros2_ws/install/franka_example_controllers/share/franka_example_controllers/local_setup.bash
[0.134s] -- Up-to-date: /home/ros2_ws/install/franka_example_controllers/share/franka_example_controllers/local_setup.sh
[0.134s] -- Up-to-date: /home/ros2_ws/install/franka_example_controllers/share/franka_example_controllers/local_setup.zsh
[0.134s] -- Up-to-date: /home/ros2_ws/install/franka_example_controllers/share/franka_example_controllers/local_setup.dsv
[0.134s] -- Installing: /home/ros2_ws/install/franka_example_controllers/share/franka_example_controllers/package.dsv
[0.134s] -- Up-to-date: /home/ros2_ws/install/franka_example_controllers/share/ament_index/resource_index/packages/franka_example_controllers
[0.134s] -- Up-to-date: /home/ros2_ws/install/franka_example_controllers/share/ament_index/resource_index/controller_interface__pluginlib__plugin/franka_example_controllers
[0.134s] -- Up-to-date: /home/ros2_ws/install/franka_example_controllers/share/franka_example_controllers/cmake/ament_cmake_export_include_directories-extras.cmake
[0.134s] -- Up-to-date: /home/ros2_ws/install/franka_example_controllers/share/franka_example_controllers/cmake/ament_cmake_export_libraries-extras.cmake
[0.134s] -- Up-to-date: /home/ros2_ws/install/franka_example_controllers/share/franka_example_controllers/cmake/ament_cmake_export_dependencies-extras.cmake
[0.134s] -- Up-to-date: /home/ros2_ws/install/franka_example_controllers/share/franka_example_controllers/cmake/franka_example_controllersConfig.cmake
[0.134s] -- Up-to-date: /home/ros2_ws/install/franka_example_controllers/share/franka_example_controllers/cmake/franka_example_controllersConfig-version.cmake
[0.134s] -- Up-to-date: /home/ros2_ws/install/franka_example_controllers/share/franka_example_controllers/package.xml
[0.135s] Invoked command in '/home/ros2_ws/build/franka_example_controllers' returned '0': AMENT_PREFIX_PATH=/home/ros2_ws/install/franka_semantic_components:/home/ros2_ws/install/franka_hardware:/home/ros2_ws/install/franka_msgs:${AMENT_PREFIX_PATH} CMAKE_PREFIX_PATH=/home/ros2_ws/install/franka_semantic_components:/home/ros2_ws/install/franka_hardware:/home/ros2_ws/install/franka_msgs:/opt/ros/humble LD_LIBRARY_PATH=/home/ros2_ws/install/franka_semantic_components/lib:/home/ros2_ws/install/franka_hardware/lib:/home/ros2_ws/install/franka_msgs/lib:${LD_LIBRARY_PATH} PYTHONPATH=/home/ros2_ws/install/franka_msgs/local/lib/python3.10/dist-packages:${PYTHONPATH} /usr/bin/cmake --install /home/ros2_ws/build/franka_example_controllers
