[0.005s] Invoking command in '/home/ros2_ws/build/franka_semantic_components': AMENT_PREFIX_PATH=/home/ros2_ws/install/franka_hardware:/home/ros2_ws/install/franka_msgs:${AMENT_PREFIX_PATH} CMAKE_PREFIX_PATH=/home/ros2_ws/install/franka_hardware:/home/ros2_ws/install/franka_msgs:/opt/ros/humble LD_LIBRARY_PATH=/home/ros2_ws/install/franka_hardware/lib:/home/ros2_ws/install/franka_msgs/lib:${LD_LIBRARY_PATH} PYTHONPATH=/home/ros2_ws/install/franka_msgs/local/lib/python3.10/dist-packages:${PYTHONPATH} /usr/bin/cmake --build /home/ros2_ws/build/franka_semantic_components -- -j20 -l20
[0.026s] [35m[1mConsolidate compiler generated dependencies of target gmock_main[0m
[0.026s] [35m[1mConsolidate compiler generated dependencies of target gmock[0m
[0.027s] [35m[1mConsolidate compiler generated dependencies of target franka_semantic_components[0m
[0.033s] [  9%] Built target gmock_main
[0.034s] [ 22%] Built target gmock
[0.039s] [ 54%] Built target franka_semantic_components
[0.045s] [35m[1mConsolidate compiler generated dependencies of target franka_semantic_component_interface_test[0m
[0.045s] [35m[1mConsolidate compiler generated dependencies of target test_franka_robot_model[0m
[0.045s] [35m[1mConsolidate compiler generated dependencies of target test_franka_robot_state[0m
[0.045s] [35m[1mConsolidate compiler generated dependencies of target franka_cartesian_pose_interface_test[0m
[0.045s] [35m[1mConsolidate compiler generated dependencies of target franka_cartesian_velocity_interface_test[0m
[0.053s] [ 63%] Built target test_franka_robot_model
[0.053s] [ 81%] Built target test_franka_robot_state
[0.053s] [ 81%] Built target franka_semantic_component_interface_test
[0.054s] [ 90%] Built target franka_cartesian_pose_interface_test
[0.054s] [100%] Built target franka_cartesian_velocity_interface_test
[0.059s] Invoked command in '/home/ros2_ws/build/franka_semantic_components' returned '0': AMENT_PREFIX_PATH=/home/ros2_ws/install/franka_hardware:/home/ros2_ws/install/franka_msgs:${AMENT_PREFIX_PATH} CMAKE_PREFIX_PATH=/home/ros2_ws/install/franka_hardware:/home/ros2_ws/install/franka_msgs:/opt/ros/humble LD_LIBRARY_PATH=/home/ros2_ws/install/franka_hardware/lib:/home/ros2_ws/install/franka_msgs/lib:${LD_LIBRARY_PATH} PYTHONPATH=/home/ros2_ws/install/franka_msgs/local/lib/python3.10/dist-packages:${PYTHONPATH} /usr/bin/cmake --build /home/ros2_ws/build/franka_semantic_components -- -j20 -l20
[0.082s] Invoking command in '/home/ros2_ws/build/franka_semantic_components': AMENT_PREFIX_PATH=/home/ros2_ws/install/franka_hardware:/home/ros2_ws/install/franka_msgs:${AMENT_PREFIX_PATH} CMAKE_PREFIX_PATH=/home/ros2_ws/install/franka_hardware:/home/ros2_ws/install/franka_msgs:/opt/ros/humble LD_LIBRARY_PATH=/home/ros2_ws/install/franka_hardware/lib:/home/ros2_ws/install/franka_msgs/lib:${LD_LIBRARY_PATH} PYTHONPATH=/home/ros2_ws/install/franka_msgs/local/lib/python3.10/dist-packages:${PYTHONPATH} /usr/bin/cmake --install /home/ros2_ws/build/franka_semantic_components
[0.086s] -- Install configuration: "Release"
[0.086s] -- Up-to-date: /home/ros2_ws/install/franka_semantic_components/lib/libfranka_semantic_components.so
[0.086s] -- Up-to-date: /home/ros2_ws/install/franka_semantic_components/include
[0.086s] -- Up-to-date: /home/ros2_ws/install/franka_semantic_components/include/franka_semantic_components
[0.086s] -- Up-to-date: /home/ros2_ws/install/franka_semantic_components/include/franka_semantic_components/franka_semantic_component_interface.hpp
[0.086s] -- Up-to-date: /home/ros2_ws/install/franka_semantic_components/include/franka_semantic_components/franka_robot_model.hpp
[0.086s] -- Up-to-date: /home/ros2_ws/install/franka_semantic_components/include/franka_semantic_components/franka_robot_state.hpp
[0.086s] -- Up-to-date: /home/ros2_ws/install/franka_semantic_components/include/franka_semantic_components/franka_cartesian_velocity_interface.hpp
[0.086s] -- Up-to-date: /home/ros2_ws/install/franka_semantic_components/include/franka_semantic_components/franka_cartesian_pose_interface.hpp
[0.086s] -- Up-to-date: /home/ros2_ws/install/franka_semantic_components/share/franka_semantic_components/robot_description_test.txt
[0.086s] -- Up-to-date: /home/ros2_ws/install/franka_semantic_components/share/franka_semantic_components/environment/library_path.sh
[0.086s] -- Up-to-date: /home/ros2_ws/install/franka_semantic_components/share/franka_semantic_components/environment/library_path.dsv
[0.086s] -- Up-to-date: /home/ros2_ws/install/franka_semantic_components/share/ament_index/resource_index/package_run_dependencies/franka_semantic_components
[0.087s] -- Up-to-date: /home/ros2_ws/install/franka_semantic_components/share/ament_index/resource_index/parent_prefix_path/franka_semantic_components
[0.087s] -- Up-to-date: /home/ros2_ws/install/franka_semantic_components/share/franka_semantic_components/environment/ament_prefix_path.sh
[0.087s] -- Up-to-date: /home/ros2_ws/install/franka_semantic_components/share/franka_semantic_components/environment/ament_prefix_path.dsv
[0.087s] -- Up-to-date: /home/ros2_ws/install/franka_semantic_components/share/franka_semantic_components/environment/path.sh
[0.087s] -- Up-to-date: /home/ros2_ws/install/franka_semantic_components/share/franka_semantic_components/environment/path.dsv
[0.087s] -- Up-to-date: /home/ros2_ws/install/franka_semantic_components/share/franka_semantic_components/local_setup.bash
[0.087s] -- Up-to-date: /home/ros2_ws/install/franka_semantic_components/share/franka_semantic_components/local_setup.sh
[0.087s] -- Up-to-date: /home/ros2_ws/install/franka_semantic_components/share/franka_semantic_components/local_setup.zsh
[0.087s] -- Up-to-date: /home/ros2_ws/install/franka_semantic_components/share/franka_semantic_components/local_setup.dsv
[0.087s] -- Installing: /home/ros2_ws/install/franka_semantic_components/share/franka_semantic_components/package.dsv
[0.087s] -- Up-to-date: /home/ros2_ws/install/franka_semantic_components/share/ament_index/resource_index/packages/franka_semantic_components
[0.087s] -- Up-to-date: /home/ros2_ws/install/franka_semantic_components/share/franka_semantic_components/cmake/ament_cmake_export_include_directories-extras.cmake
[0.088s] -- Up-to-date: /home/ros2_ws/install/franka_semantic_components/share/franka_semantic_components/cmake/ament_cmake_export_libraries-extras.cmake
[0.088s] -- Up-to-date: /home/ros2_ws/install/franka_semantic_components/share/franka_semantic_components/cmake/ament_cmake_export_dependencies-extras.cmake
[0.088s] -- Up-to-date: /home/ros2_ws/install/franka_semantic_components/share/franka_semantic_components/cmake/franka_semantic_componentsConfig.cmake
[0.088s] -- Up-to-date: /home/ros2_ws/install/franka_semantic_components/share/franka_semantic_components/cmake/franka_semantic_componentsConfig-version.cmake
[0.088s] -- Up-to-date: /home/ros2_ws/install/franka_semantic_components/share/franka_semantic_components/package.xml
[0.092s] Invoked command in '/home/ros2_ws/build/franka_semantic_components' returned '0': AMENT_PREFIX_PATH=/home/ros2_ws/install/franka_hardware:/home/ros2_ws/install/franka_msgs:${AMENT_PREFIX_PATH} CMAKE_PREFIX_PATH=/home/ros2_ws/install/franka_hardware:/home/ros2_ws/install/franka_msgs:/opt/ros/humble LD_LIBRARY_PATH=/home/ros2_ws/install/franka_hardware/lib:/home/ros2_ws/install/franka_msgs/lib:${LD_LIBRARY_PATH} PYTHONPATH=/home/ros2_ws/install/franka_msgs/local/lib/python3.10/dist-packages:${PYTHONPATH} /usr/bin/cmake --install /home/ros2_ws/build/franka_semantic_components
