[0.011s] Invoking command in '/home/ros2_ws/build/franka_gripper': AMENT_PREFIX_PATH=/home/ros2_ws/install/franka_msgs:${AMENT_PREFIX_PATH} CMAKE_PREFIX_PATH=/home/ros2_ws/install/franka_msgs:/opt/ros/humble LD_LIBRARY_PATH=/home/ros2_ws/install/franka_msgs/lib:${LD_LIBRARY_PATH} PYTHONPATH=/home/ros2_ws/install/franka_msgs/local/lib/python3.10/dist-packages:${PYTHONPATH} /usr/bin/cmake --build /home/ros2_ws/build/franka_gripper -- -j20 -l20
[0.044s] [35m[1mConsolidate compiler generated dependencies of target franka_gripper_node[0m
[0.044s] [35m[1mConsolidate compiler generated dependencies of target gripper_server[0m
[0.056s] [  0%] Built target ament_cmake_python_copy_franka_gripper
[0.056s] [ 50%] Built target franka_gripper_node
[0.057s] [100%] Built target gripper_server
[0.154s] running egg_info
[0.154s] writing franka_gripper.egg-info/PKG-INFO
[0.155s] writing dependency_links to franka_gripper.egg-info/dependency_links.txt
[0.155s] writing top-level names to franka_gripper.egg-info/top_level.txt
[0.156s] reading manifest file 'franka_gripper.egg-info/SOURCES.txt'
[0.156s] writing manifest file 'franka_gripper.egg-info/SOURCES.txt'
[0.169s] [100%] Built target ament_cmake_python_build_franka_gripper_egg
[0.176s] Invoked command in '/home/ros2_ws/build/franka_gripper' returned '0': AMENT_PREFIX_PATH=/home/ros2_ws/install/franka_msgs:${AMENT_PREFIX_PATH} CMAKE_PREFIX_PATH=/home/ros2_ws/install/franka_msgs:/opt/ros/humble LD_LIBRARY_PATH=/home/ros2_ws/install/franka_msgs/lib:${LD_LIBRARY_PATH} PYTHONPATH=/home/ros2_ws/install/franka_msgs/local/lib/python3.10/dist-packages:${PYTHONPATH} /usr/bin/cmake --build /home/ros2_ws/build/franka_gripper -- -j20 -l20
[0.189s] Invoking command in '/home/ros2_ws/build/franka_gripper': AMENT_PREFIX_PATH=/home/ros2_ws/install/franka_msgs:${AMENT_PREFIX_PATH} CMAKE_PREFIX_PATH=/home/ros2_ws/install/franka_msgs:/opt/ros/humble LD_LIBRARY_PATH=/home/ros2_ws/install/franka_msgs/lib:${LD_LIBRARY_PATH} PYTHONPATH=/home/ros2_ws/install/franka_msgs/local/lib/python3.10/dist-packages:${PYTHONPATH} /usr/bin/cmake --install /home/ros2_ws/build/franka_gripper
[0.192s] -- Install configuration: "Release"
[0.192s] -- Up-to-date: /home/ros2_ws/install/franka_gripper/lib/franka_gripper/franka_gripper_node
[0.192s] -- Up-to-date: /home/ros2_ws/install/franka_gripper/lib/libgripper_server.so
[0.193s] -- Up-to-date: /home/ros2_ws/install/franka_gripper/share/franka_gripper//launch
[0.193s] -- Up-to-date: /home/ros2_ws/install/franka_gripper/share/franka_gripper//launch/gripper.launch.py
[0.193s] -- Up-to-date: /home/ros2_ws/install/franka_gripper/share/franka_gripper//config
[0.193s] -- Up-to-date: /home/ros2_ws/install/franka_gripper/share/franka_gripper//config/franka_gripper_node.yaml
[0.193s] -- Up-to-date: /home/ros2_ws/install/franka_gripper/share/franka_gripper/environment/pythonpath.sh
[0.193s] -- Up-to-date: /home/ros2_ws/install/franka_gripper/share/franka_gripper/environment/pythonpath.dsv
[0.193s] -- Up-to-date: /home/ros2_ws/install/franka_gripper/local/lib/python3.10/dist-packages/franka_gripper-0.1.13-py3.10.egg-info
[0.193s] -- Installing: /home/ros2_ws/install/franka_gripper/local/lib/python3.10/dist-packages/franka_gripper-0.1.13-py3.10.egg-info/dependency_links.txt
[0.193s] -- Installing: /home/ros2_ws/install/franka_gripper/local/lib/python3.10/dist-packages/franka_gripper-0.1.13-py3.10.egg-info/SOURCES.txt
[0.193s] -- Installing: /home/ros2_ws/install/franka_gripper/local/lib/python3.10/dist-packages/franka_gripper-0.1.13-py3.10.egg-info/top_level.txt
[0.193s] -- Installing: /home/ros2_ws/install/franka_gripper/local/lib/python3.10/dist-packages/franka_gripper-0.1.13-py3.10.egg-info/PKG-INFO
[0.193s] -- Up-to-date: /home/ros2_ws/install/franka_gripper/local/lib/python3.10/dist-packages/franka_gripper
[0.193s] -- Up-to-date: /home/ros2_ws/install/franka_gripper/local/lib/python3.10/dist-packages/franka_gripper/__init__.py
[0.209s] Listing '/home/ros2_ws/install/franka_gripper/local/lib/python3.10/dist-packages/franka_gripper'...
[0.211s] -- Up-to-date: /home/ros2_ws/install/franka_gripper/lib/franka_gripper/fake_gripper_state_publisher.py
[0.211s] -- Up-to-date: /home/ros2_ws/install/franka_gripper/share/ament_index/resource_index/package_run_dependencies/franka_gripper
[0.211s] -- Up-to-date: /home/ros2_ws/install/franka_gripper/share/ament_index/resource_index/parent_prefix_path/franka_gripper
[0.211s] -- Up-to-date: /home/ros2_ws/install/franka_gripper/share/franka_gripper/environment/ament_prefix_path.sh
[0.212s] -- Up-to-date: /home/ros2_ws/install/franka_gripper/share/franka_gripper/environment/ament_prefix_path.dsv
[0.212s] -- Up-to-date: /home/ros2_ws/install/franka_gripper/share/franka_gripper/environment/path.sh
[0.212s] -- Up-to-date: /home/ros2_ws/install/franka_gripper/share/franka_gripper/environment/path.dsv
[0.212s] -- Up-to-date: /home/ros2_ws/install/franka_gripper/share/franka_gripper/local_setup.bash
[0.212s] -- Up-to-date: /home/ros2_ws/install/franka_gripper/share/franka_gripper/local_setup.sh
[0.212s] -- Up-to-date: /home/ros2_ws/install/franka_gripper/share/franka_gripper/local_setup.zsh
[0.212s] -- Up-to-date: /home/ros2_ws/install/franka_gripper/share/franka_gripper/local_setup.dsv
[0.212s] -- Installing: /home/ros2_ws/install/franka_gripper/share/franka_gripper/package.dsv
[0.212s] -- Up-to-date: /home/ros2_ws/install/franka_gripper/share/ament_index/resource_index/packages/franka_gripper
[0.212s] -- Up-to-date: /home/ros2_ws/install/franka_gripper/share/ament_index/resource_index/rclcpp_components/franka_gripper
[0.212s] -- Up-to-date: /home/ros2_ws/install/franka_gripper/share/franka_gripper/cmake/franka_gripperConfig.cmake
[0.212s] -- Up-to-date: /home/ros2_ws/install/franka_gripper/share/franka_gripper/cmake/franka_gripperConfig-version.cmake
[0.212s] -- Up-to-date: /home/ros2_ws/install/franka_gripper/share/franka_gripper/package.xml
[0.214s] Invoked command in '/home/ros2_ws/build/franka_gripper' returned '0': AMENT_PREFIX_PATH=/home/ros2_ws/install/franka_msgs:${AMENT_PREFIX_PATH} CMAKE_PREFIX_PATH=/home/ros2_ws/install/franka_msgs:/opt/ros/humble LD_LIBRARY_PATH=/home/ros2_ws/install/franka_msgs/lib:${LD_LIBRARY_PATH} PYTHONPATH=/home/ros2_ws/install/franka_msgs/local/lib/python3.10/dist-packages:${PYTHONPATH} /usr/bin/cmake --install /home/ros2_ws/build/franka_gripper
