[0.004s] Invoking command in '/home/ros2_ws/build/franka_hardware': AMENT_PREFIX_PATH=/home/ros2_ws/install/franka_msgs:${AMENT_PREFIX_PATH} CMAKE_PREFIX_PATH=/home/ros2_ws/install/franka_msgs:/opt/ros/humble LD_LIBRARY_PATH=/home/ros2_ws/install/franka_msgs/lib:${LD_LIBRARY_PATH} PYTHONPATH=/home/ros2_ws/install/franka_msgs/local/lib/python3.10/dist-packages:${PYTHONPATH} /usr/bin/cmake /home/ros2_ws/src/franka_ros2/franka_hardware -DCMAKE_BUILD_TYPE=Release -DCMAKE_INSTALL_PREFIX=/home/ros2_ws/install/franka_hardware
[0.033s] -- The C compiler identification is GNU 11.4.0
[0.064s] -- The CXX compiler identification is GNU 11.4.0
[0.068s] -- Detecting C compiler ABI info
[0.105s] -- Detecting C compiler ABI info - done
[0.109s] -- Check for working C compiler: /usr/bin/cc - skipped
[0.109s] -- Detecting C compile features
[0.109s] -- Detecting C compile features - done
[0.111s] -- Detecting CXX compiler ABI info
[0.153s] -- Detecting CXX compiler ABI info - done
[0.157s] -- Check for working CXX compiler: /usr/bin/c++ - skipped
[0.157s] -- Detecting CXX compile features
[0.158s] -- Detecting CXX compile features - done
[0.159s] -- Found ament_cmake: 1.3.8 (/opt/ros/humble/share/ament_cmake/cmake)
[0.230s] -- Found Python3: /usr/bin/python3 (found version "3.10.12") found components: Interpreter 
[0.280s] -- Found rclcpp: 16.0.8 (/opt/ros/humble/share/rclcpp/cmake)
[0.304s] -- Found rosidl_generator_c: 3.1.5 (/opt/ros/humble/share/rosidl_generator_c/cmake)
[0.307s] -- Found rosidl_adapter: 3.1.5 (/opt/ros/humble/share/rosidl_adapter/cmake)
[0.312s] -- Found rosidl_generator_cpp: 3.1.5 (/opt/ros/humble/share/rosidl_generator_cpp/cmake)
[0.320s] -- Using all available rosidl_typesupport_c: rosidl_typesupport_fastrtps_c;rosidl_typesupport_introspection_c
[0.331s] -- Using all available rosidl_typesupport_cpp: rosidl_typesupport_fastrtps_cpp;rosidl_typesupport_introspection_cpp
[0.370s] -- Found rmw_implementation_cmake: 6.1.1 (/opt/ros/humble/share/rmw_implementation_cmake/cmake)
[0.372s] -- Found rmw_fastrtps_cpp: 6.2.6 (/opt/ros/humble/share/rmw_fastrtps_cpp/cmake)
[0.422s] -- Found OpenSSL: /usr/lib/x86_64-linux-gnu/libcrypto.so (found version "3.0.2")  
[0.433s] -- Found FastRTPS: /opt/ros/humble/include  
[0.456s] -- Using RMW implementation 'rmw_fastrtps_cpp' as default
[0.462s] -- Looking for pthread.h
[0.501s] -- Looking for pthread.h - found
[0.501s] -- Performing Test CMAKE_HAVE_LIBC_PTHREAD
[0.539s] -- Performing Test CMAKE_HAVE_LIBC_PTHREAD - Success
[0.540s] -- Found Threads: TRUE  
[0.628s] -- Found franka_msgs: 0.1.13 (/home/ros2_ws/install/franka_msgs/share/franka_msgs/cmake)
[0.784s] -- Found hardware_interface: 2.40.0 (/opt/ros/humble/share/hardware_interface/cmake)
[0.992s] -- Found rclcpp_components: 16.0.8 (/opt/ros/humble/share/rclcpp_components/cmake)
[1.056s] -- Found ament_cmake_clang_format: 0.12.10 (/opt/ros/humble/share/ament_cmake_clang_format/cmake)
[1.057s] -- Found ament_cmake_copyright: 0.12.10 (/opt/ros/humble/share/ament_cmake_copyright/cmake)
[1.058s] -- Found ament_cmake_cppcheck: 0.12.10 (/opt/ros/humble/share/ament_cmake_cppcheck/cmake)
[1.059s] -- Found ament_cmake_flake8: 0.12.10 (/opt/ros/humble/share/ament_cmake_flake8/cmake)
[1.061s] -- Found ament_cmake_lint_cmake: 0.12.10 (/opt/ros/humble/share/ament_cmake_lint_cmake/cmake)
[1.062s] -- Found ament_cmake_pep257: 0.12.10 (/opt/ros/humble/share/ament_cmake_pep257/cmake)
[1.063s] -- Found ament_cmake_xmllint: 0.12.10 (/opt/ros/humble/share/ament_cmake_xmllint/cmake)
[1.066s] -- Found ament_cmake_gmock: 1.3.8 (/opt/ros/humble/share/ament_cmake_gmock/cmake)
[1.067s] -- Found gmock sources under '/opt/ros/humble/src/gmock_vendor': C++ tests using 'Google Mock' will be built
[1.069s] -- Found ament_cmake_gtest: 1.3.8 (/opt/ros/humble/share/ament_cmake_gtest/cmake)
[1.070s] -- Found gtest sources under '/opt/ros/humble/src/gtest_vendor': C++ tests using 'Google Test' will be built
[1.109s] -- Configuring done
[1.148s] -- Generating done
[1.150s] -- Build files have been written to: /home/ros2_ws/build/franka_hardware
[1.156s] Invoked command in '/home/ros2_ws/build/franka_hardware' returned '0': AMENT_PREFIX_PATH=/home/ros2_ws/install/franka_msgs:${AMENT_PREFIX_PATH} CMAKE_PREFIX_PATH=/home/ros2_ws/install/franka_msgs:/opt/ros/humble LD_LIBRARY_PATH=/home/ros2_ws/install/franka_msgs/lib:${LD_LIBRARY_PATH} PYTHONPATH=/home/ros2_ws/install/franka_msgs/local/lib/python3.10/dist-packages:${PYTHONPATH} /usr/bin/cmake /home/ros2_ws/src/franka_ros2/franka_hardware -DCMAKE_BUILD_TYPE=Release -DCMAKE_INSTALL_PREFIX=/home/ros2_ws/install/franka_hardware
[1.157s] Invoking command in '/home/ros2_ws/build/franka_hardware': AMENT_PREFIX_PATH=/home/ros2_ws/install/franka_msgs:${AMENT_PREFIX_PATH} CMAKE_PREFIX_PATH=/home/ros2_ws/install/franka_msgs:/opt/ros/humble LD_LIBRARY_PATH=/home/ros2_ws/install/franka_msgs/lib:${LD_LIBRARY_PATH} PYTHONPATH=/home/ros2_ws/install/franka_msgs/local/lib/python3.10/dist-packages:${PYTHONPATH} /usr/bin/cmake --build /home/ros2_ws/build/franka_hardware -- -j20 -l20
[1.184s] [  6%] [32mBuilding CXX object CMakeFiles/franka_hardware.dir/src/franka_hardware_interface.cpp.o[0m
[1.185s] [ 12%] [32mBuilding CXX object gmock/CMakeFiles/gmock_main.dir/src/gmock_main.cc.o[0m
[1.186s] [ 18%] [32mBuilding CXX object gmock/CMakeFiles/gmock.dir/src/gmock-all.cc.o[0m
[1.186s] [ 25%] [32mBuilding CXX object gmock/CMakeFiles/gmock.dir/opt/ros/humble/src/gtest_vendor/src/gtest-all.cc.o[0m
[1.186s] [ 31%] [32mBuilding CXX object CMakeFiles/franka_hardware.dir/src/franka_param_service_server.cpp.o[0m
[1.187s] [ 37%] [32mBuilding CXX object CMakeFiles/franka_hardware.dir/src/robot.cpp.o[0m
[1.187s] [ 43%] [32mBuilding CXX object CMakeFiles/franka_hardware.dir/src/franka_executor.cpp.o[0m
[2.299s] [ 50%] [32m[1mLinking CXX static library libgmock_main.a[0m
[2.347s] [ 50%] Built target gmock_main
[5.738s] [ 56%] [32m[1mLinking CXX shared library libfranka_hardware.so[0m
[5.837s] [ 62%] [32m[1mLinking CXX static library libgmock.a[0m
[5.850s] [ 62%] Built target franka_hardware
[5.874s] [ 62%] Built target gmock
[5.885s] [ 68%] [32mBuilding CXX object test/CMakeFiles/franka_hardware_test.dir/franka_hardware_interface_test.cpp.o[0m
[5.885s] [ 75%] [32mBuilding CXX object test/CMakeFiles/franka_hardware_command_interface_test.dir/franka_hardware_cartesian_command_interface_test.cpp.o[0m
[5.885s] [ 81%] [32mBuilding CXX object test/CMakeFiles/franka_hardware_robot_test.dir/franka_robot_test.cpp.o[0m
[7.883s] In file included from [01m[K/opt/ros/humble/src/gtest_vendor/include/gtest/gtest.h:375[m[K,
[7.883s]                  from [01m[K/opt/ros/humble/src/gmock_vendor/include/gmock/internal/gmock-internal-utils.h:47[m[K,
[7.883s]                  from [01m[K/opt/ros/humble/src/gmock_vendor/include/gmock/gmock-actions.h:51[m[K,
[7.883s]                  from [01m[K/opt/ros/humble/src/gmock_vendor/include/gmock/gmock.h:59[m[K,
[7.883s]                  from [01m[K/home/ros2_ws/src/franka_ros2/franka_hardware/test/franka_hardware_interface_test.cpp:15[m[K:
[7.883s] [01m[K/home/ros2_ws/src/franka_ros2/franka_hardware/test/franka_hardware_interface_test.cpp:[m[K In member function ‘[01m[Kvirtual void FrankaHardwareInterfaceTest_given_that_the_robot_interfaces_are_set_when_call_export_state_interface_robot_model_interface_exists_Test::TestBody()[m[K’:
[7.883s] [01m[K/home/ros2_ws/src/franka_ros2/franka_hardware/test/franka_hardware_interface_test.cpp:227:16:[m[K [01;35m[Kwarning: [m[Kdereferencing type-punned pointer will break strict-aliasing rules [[01;35m[K-Wstrict-aliasing[m[K]
[7.883s]   227 |               *[01;35m[Kreinterpret_cast<double*>(&model_address)[m[K,
[7.883s]       |                [01;35m[K^~~~~~~~~~~~~~~~~~~~~~~~~~~~~~~~~~~~~~~~~[m[K
[7.884s] [01m[K/home/ros2_ws/src/franka_ros2/franka_hardware/test/franka_hardware_interface_test.cpp:[m[K In member function ‘[01m[Kvirtual void FrankaHardwareInterfaceTest_given_that_the_robot_interfaces_are_set_when_call_export_state_interface_robot_state_interface_exists_Test::TestBody()[m[K’:
[7.884s] [01m[K/home/ros2_ws/src/franka_ros2/franka_hardware/test/franka_hardware_interface_test.cpp:258:16:[m[K [01;35m[Kwarning: [m[Kdereferencing type-punned pointer will break strict-aliasing rules [[01;35m[K-Wstrict-aliasing[m[K]
[7.884s]   258 |               *[01;35m[Kreinterpret_cast<double*>(&robot_state_address)[m[K,
[7.884s]       |                [01;35m[K^~~~~~~~~~~~~~~~~~~~~~~~~~~~~~~~~~~~~~~~~~~~~~~[m[K
[12.747s] [ 87%] [32m[1mLinking CXX executable franka_hardware_command_interface_test[0m
[12.891s] [ 87%] Built target franka_hardware_command_interface_test
[13.000s] [ 93%] [32m[1mLinking CXX executable franka_hardware_robot_test[0m
[13.119s] [ 93%] Built target franka_hardware_robot_test
[17.304s] [100%] [32m[1mLinking CXX executable franka_hardware_test[0m
[17.468s] [100%] Built target franka_hardware_test
[17.474s] Invoked command in '/home/ros2_ws/build/franka_hardware' returned '0': AMENT_PREFIX_PATH=/home/ros2_ws/install/franka_msgs:${AMENT_PREFIX_PATH} CMAKE_PREFIX_PATH=/home/ros2_ws/install/franka_msgs:/opt/ros/humble LD_LIBRARY_PATH=/home/ros2_ws/install/franka_msgs/lib:${LD_LIBRARY_PATH} PYTHONPATH=/home/ros2_ws/install/franka_msgs/local/lib/python3.10/dist-packages:${PYTHONPATH} /usr/bin/cmake --build /home/ros2_ws/build/franka_hardware -- -j20 -l20
[17.495s] Invoking command in '/home/ros2_ws/build/franka_hardware': AMENT_PREFIX_PATH=/home/ros2_ws/install/franka_msgs:${AMENT_PREFIX_PATH} CMAKE_PREFIX_PATH=/home/ros2_ws/install/franka_msgs:/opt/ros/humble LD_LIBRARY_PATH=/home/ros2_ws/install/franka_msgs/lib:${LD_LIBRARY_PATH} PYTHONPATH=/home/ros2_ws/install/franka_msgs/local/lib/python3.10/dist-packages:${PYTHONPATH} /usr/bin/cmake --install /home/ros2_ws/build/franka_hardware
[17.502s] -- Install configuration: "Release"
[17.502s] -- Installing: /home/ros2_ws/install/franka_hardware/share/franka_hardware/franka_hardware.xml
[17.502s] -- Installing: /home/ros2_ws/install/franka_hardware/lib/libfranka_hardware.so
[17.503s] -- Set runtime path of "/home/ros2_ws/install/franka_hardware/lib/libfranka_hardware.so" to ""
[17.503s] -- Installing: /home/ros2_ws/install/franka_hardware/include
[17.503s] -- Installing: /home/ros2_ws/install/franka_hardware/include/franka_hardware
[17.503s] -- Installing: /home/ros2_ws/install/franka_hardware/include/franka_hardware/model.hpp
[17.503s] -- Installing: /home/ros2_ws/install/franka_hardware/include/franka_hardware/robot.hpp
[17.503s] -- Installing: /home/ros2_ws/install/franka_hardware/include/franka_hardware/franka_param_service_server.hpp
[17.503s] -- Installing: /home/ros2_ws/install/franka_hardware/include/franka_hardware/franka_hardware_interface.hpp
[17.503s] -- Installing: /home/ros2_ws/install/franka_hardware/include/franka_hardware/franka_executor.hpp
[17.503s] -- Installing: /home/ros2_ws/install/franka_hardware/share/franka_hardware/environment/library_path.sh
[17.503s] -- Installing: /home/ros2_ws/install/franka_hardware/share/franka_hardware/environment/library_path.dsv
[17.503s] -- Installing: /home/ros2_ws/install/franka_hardware/share/ament_index/resource_index/package_run_dependencies/franka_hardware
[17.503s] -- Installing: /home/ros2_ws/install/franka_hardware/share/ament_index/resource_index/parent_prefix_path/franka_hardware
[17.503s] -- Installing: /home/ros2_ws/install/franka_hardware/share/franka_hardware/environment/ament_prefix_path.sh
[17.503s] -- Installing: /home/ros2_ws/install/franka_hardware/share/franka_hardware/environment/ament_prefix_path.dsv
[17.503s] -- Installing: /home/ros2_ws/install/franka_hardware/share/franka_hardware/environment/path.sh
[17.504s] -- Installing: /home/ros2_ws/install/franka_hardware/share/franka_hardware/environment/path.dsv
[17.504s] -- Installing: /home/ros2_ws/install/franka_hardware/share/franka_hardware/local_setup.bash
[17.504s] -- Installing: /home/ros2_ws/install/franka_hardware/share/franka_hardware/local_setup.sh
[17.504s] -- Installing: /home/ros2_ws/install/franka_hardware/share/franka_hardware/local_setup.zsh
[17.504s] -- Installing: /home/ros2_ws/install/franka_hardware/share/franka_hardware/local_setup.dsv
[17.504s] -- Installing: /home/ros2_ws/install/franka_hardware/share/franka_hardware/package.dsv
[17.504s] -- Installing: /home/ros2_ws/install/franka_hardware/share/ament_index/resource_index/packages/franka_hardware
[17.504s] -- Installing: /home/ros2_ws/install/franka_hardware/share/ament_index/resource_index/hardware_interface__pluginlib__plugin/franka_hardware
[17.504s] -- Installing: /home/ros2_ws/install/franka_hardware/share/franka_hardware/cmake/ament_cmake_export_include_directories-extras.cmake
[17.504s] -- Installing: /home/ros2_ws/install/franka_hardware/share/franka_hardware/cmake/ament_cmake_export_libraries-extras.cmake
[17.504s] -- Installing: /home/ros2_ws/install/franka_hardware/share/franka_hardware/cmake/ament_cmake_export_dependencies-extras.cmake
[17.504s] -- Installing: /home/ros2_ws/install/franka_hardware/share/franka_hardware/cmake/franka_hardwareConfig.cmake
[17.504s] -- Installing: /home/ros2_ws/install/franka_hardware/share/franka_hardware/cmake/franka_hardwareConfig-version.cmake
[17.504s] -- Installing: /home/ros2_ws/install/franka_hardware/share/franka_hardware/package.xml
[17.505s] Invoked command in '/home/ros2_ws/build/franka_hardware' returned '0': AMENT_PREFIX_PATH=/home/ros2_ws/install/franka_msgs:${AMENT_PREFIX_PATH} CMAKE_PREFIX_PATH=/home/ros2_ws/install/franka_msgs:/opt/ros/humble LD_LIBRARY_PATH=/home/ros2_ws/install/franka_msgs/lib:${LD_LIBRARY_PATH} PYTHONPATH=/home/ros2_ws/install/franka_msgs/local/lib/python3.10/dist-packages:${PYTHONPATH} /usr/bin/cmake --install /home/ros2_ws/build/franka_hardware
