[0.007s] Invoking command in '/home/ros2_ws/build/franka_description': CMAKE_PREFIX_PATH=/opt/ros/humble /usr/bin/cmake /home/ros2_ws/src/franka_ros2/franka_description -DCMAKE_BUILD_TYPE=Release -DCMAKE_INSTALL_PREFIX=/home/ros2_ws/install/franka_description
[0.038s] -- The C compiler identification is GNU 11.4.0
[0.072s] -- The CXX compiler identification is GNU 11.4.0
[0.077s] -- Detecting C compiler ABI info
[0.112s] -- Detecting C compiler ABI info - done
[0.116s] -- Check for working C compiler: /usr/bin/cc - skipped
[0.116s] -- Detecting C compile features
[0.117s] -- Detecting C compile features - done
[0.118s] -- Detecting CXX compiler ABI info
[0.160s] -- Detecting CXX compiler ABI info - done
[0.167s] -- Check for working CXX compiler: /usr/bin/c++ - skipped
[0.168s] -- Detecting CXX compile features
[0.168s] -- Detecting CXX compile features - done
[0.170s] -- Found ament_cmake: 1.3.8 (/opt/ros/humble/share/ament_cmake/cmake)
[0.243s] -- Found Python3: /usr/bin/python3 (found version "3.10.12") found components: Interpreter 
[0.294s] -- Found ament_lint_auto: 0.12.10 (/opt/ros/humble/share/ament_lint_auto/cmake)
[0.487s] -- Added test 'copyright' to check source files copyright and LICENSE
[0.489s] -- Added test 'flake8' to check Python code syntax and style conventions
[0.489s] -- Added test 'lint_cmake' to check CMake code style
[0.489s] -- Added test 'pep257' to check Python code against some of the docstring style conventions in PEP 257
[0.490s] -- Added test 'xmllint' to check XML markup files
[0.491s] -- Configuring done
[0.492s] -- Generating done
[0.492s] -- Build files have been written to: /home/ros2_ws/build/franka_description
[0.495s] Invoked command in '/home/ros2_ws/build/franka_description' returned '0': CMAKE_PREFIX_PATH=/opt/ros/humble /usr/bin/cmake /home/ros2_ws/src/franka_ros2/franka_description -DCMAKE_BUILD_TYPE=Release -DCMAKE_INSTALL_PREFIX=/home/ros2_ws/install/franka_description
[0.496s] Invoking command in '/home/ros2_ws/build/franka_description': CMAKE_PREFIX_PATH=/opt/ros/humble /usr/bin/cmake --build /home/ros2_ws/build/franka_description -- -j20 -l20
[0.514s] Invoked command in '/home/ros2_ws/build/franka_description' returned '0': CMAKE_PREFIX_PATH=/opt/ros/humble /usr/bin/cmake --build /home/ros2_ws/build/franka_description -- -j20 -l20
[0.524s] Invoking command in '/home/ros2_ws/build/franka_description': CMAKE_PREFIX_PATH=/opt/ros/humble /usr/bin/cmake --install /home/ros2_ws/build/franka_description
[0.527s] -- Install configuration: "Release"
[0.527s] -- Installing: /home/ros2_ws/install/franka_description/share/franka_description//launch
[0.527s] -- Installing: /home/ros2_ws/install/franka_description/share/franka_description//launch/visualize_franka.launch.py
[0.527s] -- Installing: /home/ros2_ws/install/franka_description/share/franka_description//robots
[0.527s] -- Installing: /home/ros2_ws/install/franka_description/share/franka_description//robots/hand.urdf.xacro
[0.527s] -- Installing: /home/ros2_ws/install/franka_description/share/franka_description//robots/panda_arm.urdf.xacro
[0.527s] -- Installing: /home/ros2_ws/install/franka_description/share/franka_description//robots/panda_arm.ros2_control.xacro
[0.527s] -- Installing: /home/ros2_ws/install/franka_description/share/franka_description//robots/hand.xacro
[0.527s] -- Installing: /home/ros2_ws/install/franka_description/share/franka_description//robots/panda_arm.xacro
[0.528s] -- Installing: /home/ros2_ws/install/franka_description/share/franka_description//meshes
[0.528s] -- Installing: /home/ros2_ws/install/franka_description/share/franka_description//meshes/visual
[0.528s] -- Installing: /home/ros2_ws/install/franka_description/share/franka_description//meshes/visual/link0.dae
[0.529s] -- Installing: /home/ros2_ws/install/franka_description/share/franka_description//meshes/visual/link1.dae
[0.529s] -- Installing: /home/ros2_ws/install/franka_description/share/franka_description//meshes/visual/link3.dae
[0.530s] -- Installing: /home/ros2_ws/install/franka_description/share/franka_description//meshes/visual/link7.dae
[0.531s] -- Installing: /home/ros2_ws/install/franka_description/share/franka_description//meshes/visual/hand.dae
[0.531s] -- Installing: /home/ros2_ws/install/franka_description/share/franka_description//meshes/visual/link4.dae
[0.532s] -- Installing: /home/ros2_ws/install/franka_description/share/franka_description//meshes/visual/link2.dae
[0.533s] -- Installing: /home/ros2_ws/install/franka_description/share/franka_description//meshes/visual/finger.dae
[0.533s] -- Installing: /home/ros2_ws/install/franka_description/share/franka_description//meshes/visual/link6.dae
[0.534s] -- Installing: /home/ros2_ws/install/franka_description/share/franka_description//meshes/visual/link5.dae
[0.535s] -- Installing: /home/ros2_ws/install/franka_description/share/franka_description//rviz
[0.535s] -- Installing: /home/ros2_ws/install/franka_description/share/franka_description//rviz/visualize_franka.rviz
[0.535s] -- Installing: /home/ros2_ws/install/franka_description/share/ament_index/resource_index/package_run_dependencies/franka_description
[0.535s] -- Installing: /home/ros2_ws/install/franka_description/share/ament_index/resource_index/parent_prefix_path/franka_description
[0.535s] -- Installing: /home/ros2_ws/install/franka_description/share/franka_description/environment/ament_prefix_path.sh
[0.535s] -- Installing: /home/ros2_ws/install/franka_description/share/franka_description/environment/ament_prefix_path.dsv
[0.535s] -- Installing: /home/ros2_ws/install/franka_description/share/franka_description/environment/path.sh
[0.535s] -- Installing: /home/ros2_ws/install/franka_description/share/franka_description/environment/path.dsv
[0.535s] -- Installing: /home/ros2_ws/install/franka_description/share/franka_description/local_setup.bash
[0.535s] -- Installing: /home/ros2_ws/install/franka_description/share/franka_description/local_setup.sh
[0.535s] -- Installing: /home/ros2_ws/install/franka_description/share/franka_description/local_setup.zsh
[0.535s] -- Installing: /home/ros2_ws/install/franka_description/share/franka_description/local_setup.dsv
[0.535s] -- Installing: /home/ros2_ws/install/franka_description/share/franka_description/package.dsv
[0.535s] -- Installing: /home/ros2_ws/install/franka_description/share/ament_index/resource_index/packages/franka_description
[0.536s] -- Installing: /home/ros2_ws/install/franka_description/share/franka_description/cmake/franka_descriptionConfig.cmake
[0.536s] -- Installing: /home/ros2_ws/install/franka_description/share/franka_description/cmake/franka_descriptionConfig-version.cmake
[0.536s] -- Installing: /home/ros2_ws/install/franka_description/share/franka_description/package.xml
[0.537s] Invoked command in '/home/ros2_ws/build/franka_description' returned '0': CMAKE_PREFIX_PATH=/opt/ros/humble /usr/bin/cmake --install /home/ros2_ws/build/franka_description
